# gmm-acc-stats-ali exp/mono/1.mdl "ark,s,cs:apply-cmvn  --utt2spk=ark:data/train/split4/3/utt2spk scp:data/train/split4/3/cmvn.scp scp:data/train/split4/3/feats.scp ark:- | add-deltas  ark:- ark:- |" "ark:gunzip -c exp/mono/ali.3.gz|" exp/mono/1.3.acc 
# Started at Sun May  5 04:34:02 EEST 2024
#
gmm-acc-stats-ali exp/mono/1.mdl 'ark,s,cs:apply-cmvn  --utt2spk=ark:data/train/split4/3/utt2spk scp:data/train/split4/3/cmvn.scp scp:data/train/split4/3/feats.scp ark:- | add-deltas  ark:- ark:- |' 'ark:gunzip -c exp/mono/ali.3.gz|' exp/mono/1.3.acc 
add-deltas ark:- ark:- 
apply-cmvn --utt2spk=ark:data/train/split4/3/utt2spk scp:data/train/split4/3/cmvn.scp scp:data/train/split4/3/feats.scp ark:- 
WARNING (gmm-acc-stats-ali[5.5.1126~1-8c451]:main():gmm-acc-stats-ali.cc:79) No alignment for utterance m1_044
WARNING (gmm-acc-stats-ali[5.5.1126~1-8c451]:main():gmm-acc-stats-ali.cc:79) No alignment for utterance m1_049
WARNING (gmm-acc-stats-ali[5.5.1126~1-8c451]:main():gmm-acc-stats-ali.cc:79) No alignment for utterance m1_067
LOG (gmm-acc-stats-ali[5.5.1126~1-8c451]:main():gmm-acc-stats-ali.cc:105) Processed 50 utterances; for utterance m1_074 avg. like is -96.2301 over 534 frames.
LOG (gmm-acc-stats-ali[5.5.1126~1-8c451]:main():gmm-acc-stats-ali.cc:105) Processed 100 utterances; for utterance m1_144 avg. like is -96.6655 over 606 frames.
LOG (gmm-acc-stats-ali[5.5.1126~1-8c451]:main():gmm-acc-stats-ali.cc:105) Processed 150 utterances; for utterance m1_213 avg. like is -97.0123 over 405 frames.
WARNING (gmm-acc-stats-ali[5.5.1126~1-8c451]:main():gmm-acc-stats-ali.cc:79) No alignment for utterance m1_279
WARNING (gmm-acc-stats-ali[5.5.1126~1-8c451]:main():gmm-acc-stats-ali.cc:79) No alignment for utterance m1_284
LOG (gmm-acc-stats-ali[5.5.1126~1-8c451]:main():gmm-acc-stats-ali.cc:105) Processed 200 utterances; for utterance m1_290 avg. like is -96.7016 over 561 frames.
WARNING (gmm-acc-stats-ali[5.5.1126~1-8c451]:main():gmm-acc-stats-ali.cc:79) No alignment for utterance m1_298
WARNING (gmm-acc-stats-ali[5.5.1126~1-8c451]:main():gmm-acc-stats-ali.cc:79) No alignment for utterance m1_313
WARNING (gmm-acc-stats-ali[5.5.1126~1-8c451]:main():gmm-acc-stats-ali.cc:79) No alignment for utterance m1_329
WARNING (gmm-acc-stats-ali[5.5.1126~1-8c451]:main():gmm-acc-stats-ali.cc:79) No alignment for utterance m1_330
WARNING (gmm-acc-stats-ali[5.5.1126~1-8c451]:main():gmm-acc-stats-ali.cc:79) No alignment for utterance m1_353
LOG (gmm-acc-stats-ali[5.5.1126~1-8c451]:main():gmm-acc-stats-ali.cc:105) Processed 250 utterances; for utterance m1_367 avg. like is -95.3447 over 492 frames.
LOG (gmm-acc-stats-ali[5.5.1126~1-8c451]:main():gmm-acc-stats-ali.cc:105) Processed 300 utterances; for utterance m1_437 avg. like is -97.1629 over 371 frames.
WARNING (gmm-acc-stats-ali[5.5.1126~1-8c451]:main():gmm-acc-stats-ali.cc:79) No alignment for utterance m1_447
LOG (apply-cmvn[5.5.1126~1-8c451]:main():apply-cmvn.cc:162) Applied cepstral mean normalization to 327 utterances, errors on 0
LOG (gmm-acc-stats-ali[5.5.1126~1-8c451]:main():gmm-acc-stats-ali.cc:112) Done 316 files, 11 with errors.
LOG (gmm-acc-stats-ali[5.5.1126~1-8c451]:main():gmm-acc-stats-ali.cc:115) Overall avg like per frame (Gaussian only) = -96.2637 over 144419 frames.
LOG (gmm-acc-stats-ali[5.5.1126~1-8c451]:main():gmm-acc-stats-ali.cc:123) Written accs.
# Accounting: time=1 threads=1
# Ended (code 0) at Sun May  5 04:34:03 EEST 2024, elapsed time 1 seconds
