# align-equal-compiled "ark:gunzip -c exp/mono/fsts.3.gz|" "ark,s,cs:apply-cmvn  --utt2spk=ark:data/train/split4/3/utt2spk scp:data/train/split4/3/cmvn.scp scp:data/train/split4/3/feats.scp ark:- | add-deltas  ark:- ark:- |" ark,t:- | gmm-acc-stats-ali --binary=true exp/mono/0.mdl "ark,s,cs:apply-cmvn  --utt2spk=ark:data/train/split4/3/utt2spk scp:data/train/split4/3/cmvn.scp scp:data/train/split4/3/feats.scp ark:- | add-deltas  ark:- ark:- |" ark:- exp/mono/0.3.acc 
# Started at Sun May  5 04:33:07 EEST 2024
#
align-equal-compiled 'ark:gunzip -c exp/mono/fsts.3.gz|' 'ark,s,cs:apply-cmvn  --utt2spk=ark:data/train/split4/3/utt2spk scp:data/train/split4/3/cmvn.scp scp:data/train/split4/3/feats.scp ark:- | add-deltas  ark:- ark:- |' ark,t:- 
gmm-acc-stats-ali --binary=true exp/mono/0.mdl 'ark,s,cs:apply-cmvn  --utt2spk=ark:data/train/split4/3/utt2spk scp:data/train/split4/3/cmvn.scp scp:data/train/split4/3/feats.scp ark:- | add-deltas  ark:- ark:- |' ark:- exp/mono/0.3.acc 
apply-cmvn --utt2spk=ark:data/train/split4/3/utt2spk scp:data/train/split4/3/cmvn.scp scp:data/train/split4/3/feats.scp ark:- 
add-deltas ark:- ark:- 
apply-cmvn --utt2spk=ark:data/train/split4/3/utt2spk scp:data/train/split4/3/cmvn.scp scp:data/train/split4/3/feats.scp ark:- 
add-deltas ark:- ark:- 
LOG (gmm-acc-stats-ali[5.5.1126~1-8c451]:main():gmm-acc-stats-ali.cc:105) Processed 50 utterances; for utterance m1_070 avg. like is -103.693 over 383 frames.
LOG (gmm-acc-stats-ali[5.5.1126~1-8c451]:main():gmm-acc-stats-ali.cc:105) Processed 100 utterances; for utterance m1_140 avg. like is -101.295 over 458 frames.
LOG (gmm-acc-stats-ali[5.5.1126~1-8c451]:main():gmm-acc-stats-ali.cc:105) Processed 150 utterances; for utterance m1_209 avg. like is -93.5609 over 352 frames.
LOG (gmm-acc-stats-ali[5.5.1126~1-8c451]:main():gmm-acc-stats-ali.cc:105) Processed 200 utterances; for utterance m1_284 avg. like is -98.3078 over 606 frames.
LOG (gmm-acc-stats-ali[5.5.1126~1-8c451]:main():gmm-acc-stats-ali.cc:105) Processed 250 utterances; for utterance m1_353 avg. like is -98.1135 over 582 frames.
LOG (apply-cmvn[5.5.1126~1-8c451]:main():apply-cmvn.cc:162) Applied cepstral mean normalization to 327 utterances, errors on 0
LOG (align-equal-compiled[5.5.1126~1-8c451]:main():align-equal-compiled.cc:107) Success: done 327 utterances.
LOG (gmm-acc-stats-ali[5.5.1126~1-8c451]:main():gmm-acc-stats-ali.cc:105) Processed 300 utterances; for utterance m1_423 avg. like is -97.9629 over 534 frames.
LOG (apply-cmvn[5.5.1126~1-8c451]:main():apply-cmvn.cc:162) Applied cepstral mean normalization to 327 utterances, errors on 0
LOG (gmm-acc-stats-ali[5.5.1126~1-8c451]:main():gmm-acc-stats-ali.cc:112) Done 327 files, 0 with errors.
LOG (gmm-acc-stats-ali[5.5.1126~1-8c451]:main():gmm-acc-stats-ali.cc:115) Overall avg like per frame (Gaussian only) = -98.5219 over 150746 frames.
LOG (gmm-acc-stats-ali[5.5.1126~1-8c451]:main():gmm-acc-stats-ali.cc:123) Written accs.
# Accounting: time=2 threads=1
# Ended (code 0) at Sun May  5 04:33:09 EEST 2024, elapsed time 2 seconds
