# gmm-align-compiled --transition-scale=1.0 --acoustic-scale=0.1 --self-loop-scale=0.1 --beam=10 --retry-beam=40 --careful=false "gmm-boost-silence --boost=1.0 1 exp/mono/3.mdl - |" "ark:gunzip -c exp/mono/fsts.2.gz|" "ark,s,cs:apply-cmvn  --utt2spk=ark:data/train/split4/2/utt2spk scp:data/train/split4/2/cmvn.scp scp:data/train/split4/2/feats.scp ark:- | add-deltas  ark:- ark:- |" "ark,t:|gzip -c >exp/mono/ali.2.gz" 
# Started at Sun May  5 04:34:25 EEST 2024
#
gmm-align-compiled --transition-scale=1.0 --acoustic-scale=0.1 --self-loop-scale=0.1 --beam=10 --retry-beam=40 --careful=false 'gmm-boost-silence --boost=1.0 1 exp/mono/3.mdl - |' 'ark:gunzip -c exp/mono/fsts.2.gz|' 'ark,s,cs:apply-cmvn  --utt2spk=ark:data/train/split4/2/utt2spk scp:data/train/split4/2/cmvn.scp scp:data/train/split4/2/feats.scp ark:- | add-deltas  ark:- ark:- |' 'ark,t:|gzip -c >exp/mono/ali.2.gz' 
gmm-boost-silence --boost=1.0 1 exp/mono/3.mdl - 
WARNING (gmm-boost-silence[5.5.1126~1-8c451]:main():gmm-boost-silence.cc:82) The pdfs for the silence phones may be shared by other phones (note: this probably does not matter.)
LOG (gmm-boost-silence[5.5.1126~1-8c451]:main():gmm-boost-silence.cc:93) Boosted weights for 5 pdfs, by factor of 1
LOG (gmm-boost-silence[5.5.1126~1-8c451]:main():gmm-boost-silence.cc:103) Wrote model to -
add-deltas ark:- ark:- 
apply-cmvn --utt2spk=ark:data/train/split4/2/utt2spk scp:data/train/split4/2/cmvn.scp scp:data/train/split4/2/feats.scp ark:- 
LOG (gmm-align-compiled[5.5.1126~1-8c451]:main():gmm-align-compiled.cc:127) f5_003
LOG (gmm-align-compiled[5.5.1126~1-8c451]:main():gmm-align-compiled.cc:127) f5_004
LOG (gmm-align-compiled[5.5.1126~1-8c451]:main():gmm-align-compiled.cc:127) f5_005
LOG (gmm-align-compiled[5.5.1126~1-8c451]:main():gmm-align-compiled.cc:127) f5_007
LOG (gmm-align-compiled[5.5.1126~1-8c451]:main():gmm-align-compiled.cc:127) f5_008
LOG (gmm-align-compiled[5.5.1126~1-8c451]:main():gmm-align-compiled.cc:127) f5_009
LOG (gmm-align-compiled[5.5.1126~1-8c451]:main():gmm-align-compiled.cc:127) f5_010
LOG (gmm-align-compiled[5.5.1126~1-8c451]:main():gmm-align-compiled.cc:127) f5_012
LOG (gmm-align-compiled[5.5.1126~1-8c451]:main():gmm-align-compiled.cc:127) f5_013
LOG (gmm-align-compiled[5.5.1126~1-8c451]:main():gmm-align-compiled.cc:127) f5_015
LOG (gmm-align-compiled[5.5.1126~1-8c451]:main():gmm-align-compiled.cc:127) f5_017
LOG (gmm-align-compiled[5.5.1126~1-8c451]:main():gmm-align-compiled.cc:127) f5_018
LOG (gmm-align-compiled[5.5.1126~1-8c451]:main():gmm-align-compiled.cc:127) f5_019
WARNING (gmm-align-compiled[5.5.1126~1-8c451]:AlignUtteranceWrapper():decoder-wrappers.cc:617) Retrying utterance f5_019 with beam 40
LOG (gmm-align-compiled[5.5.1126~1-8c451]:main():gmm-align-compiled.cc:127) f5_020
LOG (gmm-align-compiled[5.5.1126~1-8c451]:main():gmm-align-compiled.cc:127) f5_022
LOG (gmm-align-compiled[5.5.1126~1-8c451]:main():gmm-align-compiled.cc:127) f5_023
LOG (gmm-align-compiled[5.5.1126~1-8c451]:main():gmm-align-compiled.cc:127) f5_024
LOG (gmm-align-compiled[5.5.1126~1-8c451]:main():gmm-align-compiled.cc:127) f5_025
LOG (gmm-align-compiled[5.5.1126~1-8c451]:main():gmm-align-compiled.cc:127) f5_028
LOG (gmm-align-compiled[5.5.1126~1-8c451]:main():gmm-align-compiled.cc:127) f5_029
LOG (gmm-align-compiled[5.5.1126~1-8c451]:main():gmm-align-compiled.cc:127) f5_030
LOG (gmm-align-compiled[5.5.1126~1-8c451]:main():gmm-align-compiled.cc:127) f5_032
LOG (gmm-align-compiled[5.5.1126~1-8c451]:main():gmm-align-compiled.cc:127) f5_033
LOG (gmm-align-compiled[5.5.1126~1-8c451]:main():gmm-align-compiled.cc:127) f5_034
LOG (gmm-align-compiled[5.5.1126~1-8c451]:main():gmm-align-compiled.cc:127) f5_035
LOG (gmm-align-compiled[5.5.1126~1-8c451]:main():gmm-align-compiled.cc:127) f5_037
LOG (gmm-align-compiled[5.5.1126~1-8c451]:main():gmm-align-compiled.cc:127) f5_038
WARNING (gmm-align-compiled[5.5.1126~1-8c451]:AlignUtteranceWrapper():decoder-wrappers.cc:617) Retrying utterance f5_038 with beam 40
LOG (gmm-align-compiled[5.5.1126~1-8c451]:main():gmm-align-compiled.cc:127) f5_040
WARNING (gmm-align-compiled[5.5.1126~1-8c451]:AlignUtteranceWrapper():decoder-wrappers.cc:617) Retrying utterance f5_040 with beam 40
LOG (gmm-align-compiled[5.5.1126~1-8c451]:main():gmm-align-compiled.cc:127) f5_042
LOG (gmm-align-compiled[5.5.1126~1-8c451]:main():gmm-align-compiled.cc:127) f5_043
WARNING (gmm-align-compiled[5.5.1126~1-8c451]:AlignUtteranceWrapper():decoder-wrappers.cc:617) Retrying utterance f5_043 with beam 40
LOG (gmm-align-compiled[5.5.1126~1-8c451]:main():gmm-align-compiled.cc:127) f5_044
WARNING (gmm-align-compiled[5.5.1126~1-8c451]:AlignUtteranceWrapper():decoder-wrappers.cc:617) Retrying utterance f5_044 with beam 40
LOG (gmm-align-compiled[5.5.1126~1-8c451]:main():gmm-align-compiled.cc:127) f5_045
WARNING (gmm-align-compiled[5.5.1126~1-8c451]:AlignUtteranceWrapper():decoder-wrappers.cc:617) Retrying utterance f5_045 with beam 40
LOG (gmm-align-compiled[5.5.1126~1-8c451]:main():gmm-align-compiled.cc:127) f5_047
LOG (gmm-align-compiled[5.5.1126~1-8c451]:main():gmm-align-compiled.cc:127) f5_048
LOG (gmm-align-compiled[5.5.1126~1-8c451]:main():gmm-align-compiled.cc:127) f5_049
LOG (gmm-align-compiled[5.5.1126~1-8c451]:main():gmm-align-compiled.cc:127) f5_050
LOG (gmm-align-compiled[5.5.1126~1-8c451]:main():gmm-align-compiled.cc:127) f5_053
LOG (gmm-align-compiled[5.5.1126~1-8c451]:main():gmm-align-compiled.cc:127) f5_054
LOG (gmm-align-compiled[5.5.1126~1-8c451]:main():gmm-align-compiled.cc:127) f5_055
WARNING (gmm-align-compiled[5.5.1126~1-8c451]:AlignUtteranceWrapper():decoder-wrappers.cc:617) Retrying utterance f5_055 with beam 40
LOG (gmm-align-compiled[5.5.1126~1-8c451]:main():gmm-align-compiled.cc:127) f5_057
WARNING (gmm-align-compiled[5.5.1126~1-8c451]:AlignUtteranceWrapper():decoder-wrappers.cc:617) Retrying utterance f5_057 with beam 40
LOG (gmm-align-compiled[5.5.1126~1-8c451]:main():gmm-align-compiled.cc:127) f5_058
LOG (gmm-align-compiled[5.5.1126~1-8c451]:main():gmm-align-compiled.cc:127) f5_059
WARNING (gmm-align-compiled[5.5.1126~1-8c451]:AlignUtteranceWrapper():decoder-wrappers.cc:617) Retrying utterance f5_059 with beam 40
LOG (gmm-align-compiled[5.5.1126~1-8c451]:main():gmm-align-compiled.cc:127) f5_060
LOG (gmm-align-compiled[5.5.1126~1-8c451]:main():gmm-align-compiled.cc:127) f5_062
LOG (gmm-align-compiled[5.5.1126~1-8c451]:main():gmm-align-compiled.cc:127) f5_063
LOG (gmm-align-compiled[5.5.1126~1-8c451]:main():gmm-align-compiled.cc:127) f5_065
LOG (gmm-align-compiled[5.5.1126~1-8c451]:main():gmm-align-compiled.cc:127) f5_067
LOG (gmm-align-compiled[5.5.1126~1-8c451]:main():gmm-align-compiled.cc:127) f5_068
LOG (gmm-align-compiled[5.5.1126~1-8c451]:main():gmm-align-compiled.cc:127) f5_069
WARNING (gmm-align-compiled[5.5.1126~1-8c451]:AlignUtteranceWrapper():decoder-wrappers.cc:617) Retrying utterance f5_069 with beam 40
LOG (gmm-align-compiled[5.5.1126~1-8c451]:main():gmm-align-compiled.cc:127) f5_070
LOG (gmm-align-compiled[5.5.1126~1-8c451]:main():gmm-align-compiled.cc:127) f5_072
WARNING (gmm-align-compiled[5.5.1126~1-8c451]:AlignUtteranceWrapper():decoder-wrappers.cc:617) Retrying utterance f5_072 with beam 40
LOG (gmm-align-compiled[5.5.1126~1-8c451]:main():gmm-align-compiled.cc:127) f5_073
LOG (gmm-align-compiled[5.5.1126~1-8c451]:main():gmm-align-compiled.cc:127) f5_074
LOG (gmm-align-compiled[5.5.1126~1-8c451]:main():gmm-align-compiled.cc:127) f5_075
LOG (gmm-align-compiled[5.5.1126~1-8c451]:main():gmm-align-compiled.cc:127) f5_078
LOG (gmm-align-compiled[5.5.1126~1-8c451]:main():gmm-align-compiled.cc:127) f5_079
LOG (gmm-align-compiled[5.5.1126~1-8c451]:main():gmm-align-compiled.cc:127) f5_080
LOG (gmm-align-compiled[5.5.1126~1-8c451]:main():gmm-align-compiled.cc:127) f5_082
WARNING (gmm-align-compiled[5.5.1126~1-8c451]:AlignUtteranceWrapper():decoder-wrappers.cc:617) Retrying utterance f5_082 with beam 40
LOG (gmm-align-compiled[5.5.1126~1-8c451]:main():gmm-align-compiled.cc:127) f5_083
WARNING (gmm-align-compiled[5.5.1126~1-8c451]:AlignUtteranceWrapper():decoder-wrappers.cc:617) Retrying utterance f5_083 with beam 40
WARNING (gmm-align-compiled[5.5.1126~1-8c451]:AlignUtteranceWrapper():decoder-wrappers.cc:626) Did not successfully decode file f5_083, len = 262
LOG (gmm-align-compiled[5.5.1126~1-8c451]:main():gmm-align-compiled.cc:127) f5_084
WARNING (gmm-align-compiled[5.5.1126~1-8c451]:AlignUtteranceWrapper():decoder-wrappers.cc:617) Retrying utterance f5_084 with beam 40
LOG (gmm-align-compiled[5.5.1126~1-8c451]:main():gmm-align-compiled.cc:127) f5_085
LOG (gmm-align-compiled[5.5.1126~1-8c451]:main():gmm-align-compiled.cc:127) f5_087
LOG (gmm-align-compiled[5.5.1126~1-8c451]:main():gmm-align-compiled.cc:127) f5_088
LOG (gmm-align-compiled[5.5.1126~1-8c451]:main():gmm-align-compiled.cc:127) f5_090
LOG (gmm-align-compiled[5.5.1126~1-8c451]:main():gmm-align-compiled.cc:127) f5_092
LOG (gmm-align-compiled[5.5.1126~1-8c451]:main():gmm-align-compiled.cc:127) f5_093
LOG (gmm-align-compiled[5.5.1126~1-8c451]:main():gmm-align-compiled.cc:127) f5_094
LOG (gmm-align-compiled[5.5.1126~1-8c451]:main():gmm-align-compiled.cc:127) f5_095
LOG (gmm-align-compiled[5.5.1126~1-8c451]:main():gmm-align-compiled.cc:127) f5_097
LOG (gmm-align-compiled[5.5.1126~1-8c451]:main():gmm-align-compiled.cc:127) f5_098
LOG (gmm-align-compiled[5.5.1126~1-8c451]:main():gmm-align-compiled.cc:127) f5_099
LOG (gmm-align-compiled[5.5.1126~1-8c451]:main():gmm-align-compiled.cc:127) f5_100
LOG (gmm-align-compiled[5.5.1126~1-8c451]:main():gmm-align-compiled.cc:127) f5_103
LOG (gmm-align-compiled[5.5.1126~1-8c451]:main():gmm-align-compiled.cc:127) f5_104
LOG (gmm-align-compiled[5.5.1126~1-8c451]:main():gmm-align-compiled.cc:127) f5_105
LOG (gmm-align-compiled[5.5.1126~1-8c451]:main():gmm-align-compiled.cc:127) f5_107
LOG (gmm-align-compiled[5.5.1126~1-8c451]:main():gmm-align-compiled.cc:127) f5_108
LOG (gmm-align-compiled[5.5.1126~1-8c451]:main():gmm-align-compiled.cc:127) f5_109
LOG (gmm-align-compiled[5.5.1126~1-8c451]:main():gmm-align-compiled.cc:127) f5_110
LOG (gmm-align-compiled[5.5.1126~1-8c451]:main():gmm-align-compiled.cc:127) f5_112
LOG (gmm-align-compiled[5.5.1126~1-8c451]:main():gmm-align-compiled.cc:127) f5_113
LOG (gmm-align-compiled[5.5.1126~1-8c451]:main():gmm-align-compiled.cc:127) f5_115
LOG (gmm-align-compiled[5.5.1126~1-8c451]:main():gmm-align-compiled.cc:127) f5_117
LOG (gmm-align-compiled[5.5.1126~1-8c451]:main():gmm-align-compiled.cc:127) f5_118
LOG (gmm-align-compiled[5.5.1126~1-8c451]:main():gmm-align-compiled.cc:127) f5_119
LOG (gmm-align-compiled[5.5.1126~1-8c451]:main():gmm-align-compiled.cc:127) f5_120
WARNING (gmm-align-compiled[5.5.1126~1-8c451]:AlignUtteranceWrapper():decoder-wrappers.cc:617) Retrying utterance f5_120 with beam 40
LOG (gmm-align-compiled[5.5.1126~1-8c451]:main():gmm-align-compiled.cc:127) f5_122
LOG (gmm-align-compiled[5.5.1126~1-8c451]:main():gmm-align-compiled.cc:127) f5_123
WARNING (gmm-align-compiled[5.5.1126~1-8c451]:AlignUtteranceWrapper():decoder-wrappers.cc:617) Retrying utterance f5_123 with beam 40
LOG (gmm-align-compiled[5.5.1126~1-8c451]:main():gmm-align-compiled.cc:127) f5_124
LOG (gmm-align-compiled[5.5.1126~1-8c451]:main():gmm-align-compiled.cc:127) f5_125
LOG (gmm-align-compiled[5.5.1126~1-8c451]:main():gmm-align-compiled.cc:127) f5_128
LOG (gmm-align-compiled[5.5.1126~1-8c451]:main():gmm-align-compiled.cc:127) f5_129
LOG (gmm-align-compiled[5.5.1126~1-8c451]:main():gmm-align-compiled.cc:127) f5_130
LOG (gmm-align-compiled[5.5.1126~1-8c451]:main():gmm-align-compiled.cc:127) f5_132
WARNING (gmm-align-compiled[5.5.1126~1-8c451]:AlignUtteranceWrapper():decoder-wrappers.cc:617) Retrying utterance f5_132 with beam 40
LOG (gmm-align-compiled[5.5.1126~1-8c451]:main():gmm-align-compiled.cc:127) f5_133
LOG (gmm-align-compiled[5.5.1126~1-8c451]:main():gmm-align-compiled.cc:127) f5_134
WARNING (gmm-align-compiled[5.5.1126~1-8c451]:AlignUtteranceWrapper():decoder-wrappers.cc:617) Retrying utterance f5_134 with beam 40
LOG (gmm-align-compiled[5.5.1126~1-8c451]:main():gmm-align-compiled.cc:127) f5_135
LOG (gmm-align-compiled[5.5.1126~1-8c451]:main():gmm-align-compiled.cc:127) f5_137
LOG (gmm-align-compiled[5.5.1126~1-8c451]:main():gmm-align-compiled.cc:127) f5_138
LOG (gmm-align-compiled[5.5.1126~1-8c451]:main():gmm-align-compiled.cc:127) f5_140
LOG (gmm-align-compiled[5.5.1126~1-8c451]:main():gmm-align-compiled.cc:127) f5_142
LOG (gmm-align-compiled[5.5.1126~1-8c451]:main():gmm-align-compiled.cc:127) f5_143
WARNING (gmm-align-compiled[5.5.1126~1-8c451]:AlignUtteranceWrapper():decoder-wrappers.cc:617) Retrying utterance f5_143 with beam 40
LOG (gmm-align-compiled[5.5.1126~1-8c451]:main():gmm-align-compiled.cc:127) f5_144
LOG (gmm-align-compiled[5.5.1126~1-8c451]:main():gmm-align-compiled.cc:127) f5_145
WARNING (gmm-align-compiled[5.5.1126~1-8c451]:AlignUtteranceWrapper():decoder-wrappers.cc:617) Retrying utterance f5_145 with beam 40
LOG (gmm-align-compiled[5.5.1126~1-8c451]:main():gmm-align-compiled.cc:127) f5_147
LOG (gmm-align-compiled[5.5.1126~1-8c451]:main():gmm-align-compiled.cc:127) f5_148
LOG (gmm-align-compiled[5.5.1126~1-8c451]:main():gmm-align-compiled.cc:127) f5_149
LOG (gmm-align-compiled[5.5.1126~1-8c451]:main():gmm-align-compiled.cc:127) f5_150
WARNING (gmm-align-compiled[5.5.1126~1-8c451]:AlignUtteranceWrapper():decoder-wrappers.cc:617) Retrying utterance f5_150 with beam 40
LOG (gmm-align-compiled[5.5.1126~1-8c451]:main():gmm-align-compiled.cc:127) f5_153
LOG (gmm-align-compiled[5.5.1126~1-8c451]:main():gmm-align-compiled.cc:127) f5_154
WARNING (gmm-align-compiled[5.5.1126~1-8c451]:AlignUtteranceWrapper():decoder-wrappers.cc:617) Retrying utterance f5_154 with beam 40
LOG (gmm-align-compiled[5.5.1126~1-8c451]:main():gmm-align-compiled.cc:127) f5_155
LOG (gmm-align-compiled[5.5.1126~1-8c451]:main():gmm-align-compiled.cc:127) f5_157
LOG (gmm-align-compiled[5.5.1126~1-8c451]:main():gmm-align-compiled.cc:127) f5_158
LOG (gmm-align-compiled[5.5.1126~1-8c451]:main():gmm-align-compiled.cc:127) f5_159
LOG (gmm-align-compiled[5.5.1126~1-8c451]:main():gmm-align-compiled.cc:127) f5_160
LOG (gmm-align-compiled[5.5.1126~1-8c451]:main():gmm-align-compiled.cc:127) f5_162
LOG (gmm-align-compiled[5.5.1126~1-8c451]:main():gmm-align-compiled.cc:127) f5_163
LOG (gmm-align-compiled[5.5.1126~1-8c451]:main():gmm-align-compiled.cc:127) f5_165
LOG (gmm-align-compiled[5.5.1126~1-8c451]:main():gmm-align-compiled.cc:127) f5_167
WARNING (gmm-align-compiled[5.5.1126~1-8c451]:AlignUtteranceWrapper():decoder-wrappers.cc:617) Retrying utterance f5_167 with beam 40
LOG (gmm-align-compiled[5.5.1126~1-8c451]:main():gmm-align-compiled.cc:127) f5_168
WARNING (gmm-align-compiled[5.5.1126~1-8c451]:AlignUtteranceWrapper():decoder-wrappers.cc:617) Retrying utterance f5_168 with beam 40
LOG (gmm-align-compiled[5.5.1126~1-8c451]:main():gmm-align-compiled.cc:127) f5_169
WARNING (gmm-align-compiled[5.5.1126~1-8c451]:AlignUtteranceWrapper():decoder-wrappers.cc:617) Retrying utterance f5_169 with beam 40
LOG (gmm-align-compiled[5.5.1126~1-8c451]:main():gmm-align-compiled.cc:127) f5_170
LOG (gmm-align-compiled[5.5.1126~1-8c451]:main():gmm-align-compiled.cc:127) f5_172
LOG (gmm-align-compiled[5.5.1126~1-8c451]:main():gmm-align-compiled.cc:127) f5_173
LOG (gmm-align-compiled[5.5.1126~1-8c451]:main():gmm-align-compiled.cc:127) f5_174
LOG (gmm-align-compiled[5.5.1126~1-8c451]:main():gmm-align-compiled.cc:127) f5_175
LOG (gmm-align-compiled[5.5.1126~1-8c451]:main():gmm-align-compiled.cc:127) f5_178
LOG (gmm-align-compiled[5.5.1126~1-8c451]:main():gmm-align-compiled.cc:127) f5_179
LOG (gmm-align-compiled[5.5.1126~1-8c451]:main():gmm-align-compiled.cc:127) f5_180
LOG (gmm-align-compiled[5.5.1126~1-8c451]:main():gmm-align-compiled.cc:127) f5_182
WARNING (gmm-align-compiled[5.5.1126~1-8c451]:AlignUtteranceWrapper():decoder-wrappers.cc:617) Retrying utterance f5_182 with beam 40
LOG (gmm-align-compiled[5.5.1126~1-8c451]:main():gmm-align-compiled.cc:127) f5_183
WARNING (gmm-align-compiled[5.5.1126~1-8c451]:AlignUtteranceWrapper():decoder-wrappers.cc:617) Retrying utterance f5_183 with beam 40
LOG (gmm-align-compiled[5.5.1126~1-8c451]:main():gmm-align-compiled.cc:127) f5_184
LOG (gmm-align-compiled[5.5.1126~1-8c451]:main():gmm-align-compiled.cc:127) f5_185
WARNING (gmm-align-compiled[5.5.1126~1-8c451]:AlignUtteranceWrapper():decoder-wrappers.cc:617) Retrying utterance f5_185 with beam 40
LOG (gmm-align-compiled[5.5.1126~1-8c451]:main():gmm-align-compiled.cc:127) f5_187
LOG (gmm-align-compiled[5.5.1126~1-8c451]:main():gmm-align-compiled.cc:127) f5_188
WARNING (gmm-align-compiled[5.5.1126~1-8c451]:AlignUtteranceWrapper():decoder-wrappers.cc:617) Retrying utterance f5_188 with beam 40
LOG (gmm-align-compiled[5.5.1126~1-8c451]:main():gmm-align-compiled.cc:127) f5_190
WARNING (gmm-align-compiled[5.5.1126~1-8c451]:AlignUtteranceWrapper():decoder-wrappers.cc:617) Retrying utterance f5_190 with beam 40
LOG (gmm-align-compiled[5.5.1126~1-8c451]:main():gmm-align-compiled.cc:127) f5_192
LOG (gmm-align-compiled[5.5.1126~1-8c451]:main():gmm-align-compiled.cc:127) f5_193
LOG (gmm-align-compiled[5.5.1126~1-8c451]:main():gmm-align-compiled.cc:127) f5_194
LOG (gmm-align-compiled[5.5.1126~1-8c451]:main():gmm-align-compiled.cc:127) f5_195
LOG (gmm-align-compiled[5.5.1126~1-8c451]:main():gmm-align-compiled.cc:127) f5_197
WARNING (gmm-align-compiled[5.5.1126~1-8c451]:AlignUtteranceWrapper():decoder-wrappers.cc:617) Retrying utterance f5_197 with beam 40
LOG (gmm-align-compiled[5.5.1126~1-8c451]:main():gmm-align-compiled.cc:127) f5_198
WARNING (gmm-align-compiled[5.5.1126~1-8c451]:AlignUtteranceWrapper():decoder-wrappers.cc:617) Retrying utterance f5_198 with beam 40
LOG (gmm-align-compiled[5.5.1126~1-8c451]:main():gmm-align-compiled.cc:127) f5_199
LOG (gmm-align-compiled[5.5.1126~1-8c451]:main():gmm-align-compiled.cc:127) f5_200
LOG (gmm-align-compiled[5.5.1126~1-8c451]:main():gmm-align-compiled.cc:127) f5_203
LOG (gmm-align-compiled[5.5.1126~1-8c451]:main():gmm-align-compiled.cc:127) f5_204
LOG (gmm-align-compiled[5.5.1126~1-8c451]:main():gmm-align-compiled.cc:127) f5_205
LOG (gmm-align-compiled[5.5.1126~1-8c451]:main():gmm-align-compiled.cc:127) f5_207
LOG (gmm-align-compiled[5.5.1126~1-8c451]:main():gmm-align-compiled.cc:127) f5_208
LOG (gmm-align-compiled[5.5.1126~1-8c451]:main():gmm-align-compiled.cc:127) f5_209
LOG (gmm-align-compiled[5.5.1126~1-8c451]:main():gmm-align-compiled.cc:127) f5_210
LOG (gmm-align-compiled[5.5.1126~1-8c451]:main():gmm-align-compiled.cc:127) f5_212
LOG (gmm-align-compiled[5.5.1126~1-8c451]:main():gmm-align-compiled.cc:127) f5_213
LOG (gmm-align-compiled[5.5.1126~1-8c451]:main():gmm-align-compiled.cc:127) f5_215
LOG (gmm-align-compiled[5.5.1126~1-8c451]:main():gmm-align-compiled.cc:127) f5_217
WARNING (gmm-align-compiled[5.5.1126~1-8c451]:AlignUtteranceWrapper():decoder-wrappers.cc:617) Retrying utterance f5_217 with beam 40
LOG (gmm-align-compiled[5.5.1126~1-8c451]:main():gmm-align-compiled.cc:127) f5_218
LOG (gmm-align-compiled[5.5.1126~1-8c451]:main():gmm-align-compiled.cc:127) f5_219
LOG (gmm-align-compiled[5.5.1126~1-8c451]:main():gmm-align-compiled.cc:127) f5_220
WARNING (gmm-align-compiled[5.5.1126~1-8c451]:AlignUtteranceWrapper():decoder-wrappers.cc:617) Retrying utterance f5_220 with beam 40
LOG (gmm-align-compiled[5.5.1126~1-8c451]:main():gmm-align-compiled.cc:127) f5_222
WARNING (gmm-align-compiled[5.5.1126~1-8c451]:AlignUtteranceWrapper():decoder-wrappers.cc:617) Retrying utterance f5_222 with beam 40
LOG (gmm-align-compiled[5.5.1126~1-8c451]:main():gmm-align-compiled.cc:127) f5_223
LOG (gmm-align-compiled[5.5.1126~1-8c451]:main():gmm-align-compiled.cc:127) f5_224
LOG (gmm-align-compiled[5.5.1126~1-8c451]:main():gmm-align-compiled.cc:127) f5_225
WARNING (gmm-align-compiled[5.5.1126~1-8c451]:AlignUtteranceWrapper():decoder-wrappers.cc:617) Retrying utterance f5_225 with beam 40
LOG (gmm-align-compiled[5.5.1126~1-8c451]:main():gmm-align-compiled.cc:127) f5_228
LOG (gmm-align-compiled[5.5.1126~1-8c451]:main():gmm-align-compiled.cc:127) f5_229
LOG (gmm-align-compiled[5.5.1126~1-8c451]:main():gmm-align-compiled.cc:127) f5_230
LOG (gmm-align-compiled[5.5.1126~1-8c451]:main():gmm-align-compiled.cc:127) f5_232
WARNING (gmm-align-compiled[5.5.1126~1-8c451]:AlignUtteranceWrapper():decoder-wrappers.cc:617) Retrying utterance f5_232 with beam 40
LOG (gmm-align-compiled[5.5.1126~1-8c451]:main():gmm-align-compiled.cc:127) f5_233
LOG (gmm-align-compiled[5.5.1126~1-8c451]:main():gmm-align-compiled.cc:127) f5_234
LOG (gmm-align-compiled[5.5.1126~1-8c451]:main():gmm-align-compiled.cc:127) f5_235
LOG (gmm-align-compiled[5.5.1126~1-8c451]:main():gmm-align-compiled.cc:127) f5_237
LOG (gmm-align-compiled[5.5.1126~1-8c451]:main():gmm-align-compiled.cc:127) f5_238
LOG (gmm-align-compiled[5.5.1126~1-8c451]:main():gmm-align-compiled.cc:127) f5_240
LOG (gmm-align-compiled[5.5.1126~1-8c451]:main():gmm-align-compiled.cc:127) f5_242
LOG (gmm-align-compiled[5.5.1126~1-8c451]:main():gmm-align-compiled.cc:127) f5_243
LOG (gmm-align-compiled[5.5.1126~1-8c451]:main():gmm-align-compiled.cc:127) f5_244
LOG (gmm-align-compiled[5.5.1126~1-8c451]:main():gmm-align-compiled.cc:127) f5_245
LOG (gmm-align-compiled[5.5.1126~1-8c451]:main():gmm-align-compiled.cc:127) f5_247
LOG (gmm-align-compiled[5.5.1126~1-8c451]:main():gmm-align-compiled.cc:127) f5_248
WARNING (gmm-align-compiled[5.5.1126~1-8c451]:AlignUtteranceWrapper():decoder-wrappers.cc:617) Retrying utterance f5_248 with beam 40
LOG (gmm-align-compiled[5.5.1126~1-8c451]:main():gmm-align-compiled.cc:127) f5_249
WARNING (gmm-align-compiled[5.5.1126~1-8c451]:AlignUtteranceWrapper():decoder-wrappers.cc:617) Retrying utterance f5_249 with beam 40
LOG (gmm-align-compiled[5.5.1126~1-8c451]:main():gmm-align-compiled.cc:127) f5_250
WARNING (gmm-align-compiled[5.5.1126~1-8c451]:AlignUtteranceWrapper():decoder-wrappers.cc:617) Retrying utterance f5_250 with beam 40
LOG (gmm-align-compiled[5.5.1126~1-8c451]:main():gmm-align-compiled.cc:127) f5_253
LOG (gmm-align-compiled[5.5.1126~1-8c451]:main():gmm-align-compiled.cc:127) f5_254
LOG (gmm-align-compiled[5.5.1126~1-8c451]:main():gmm-align-compiled.cc:127) f5_255
LOG (gmm-align-compiled[5.5.1126~1-8c451]:main():gmm-align-compiled.cc:127) f5_257
LOG (gmm-align-compiled[5.5.1126~1-8c451]:main():gmm-align-compiled.cc:127) f5_258
LOG (gmm-align-compiled[5.5.1126~1-8c451]:main():gmm-align-compiled.cc:127) f5_259
WARNING (gmm-align-compiled[5.5.1126~1-8c451]:AlignUtteranceWrapper():decoder-wrappers.cc:617) Retrying utterance f5_259 with beam 40
LOG (gmm-align-compiled[5.5.1126~1-8c451]:main():gmm-align-compiled.cc:127) f5_260
LOG (gmm-align-compiled[5.5.1126~1-8c451]:main():gmm-align-compiled.cc:127) f5_262
LOG (gmm-align-compiled[5.5.1126~1-8c451]:main():gmm-align-compiled.cc:127) f5_263
WARNING (gmm-align-compiled[5.5.1126~1-8c451]:AlignUtteranceWrapper():decoder-wrappers.cc:617) Retrying utterance f5_263 with beam 40
LOG (gmm-align-compiled[5.5.1126~1-8c451]:main():gmm-align-compiled.cc:127) f5_265
LOG (gmm-align-compiled[5.5.1126~1-8c451]:main():gmm-align-compiled.cc:127) f5_267
LOG (gmm-align-compiled[5.5.1126~1-8c451]:main():gmm-align-compiled.cc:127) f5_268
LOG (gmm-align-compiled[5.5.1126~1-8c451]:main():gmm-align-compiled.cc:127) f5_269
WARNING (gmm-align-compiled[5.5.1126~1-8c451]:AlignUtteranceWrapper():decoder-wrappers.cc:617) Retrying utterance f5_269 with beam 40
LOG (gmm-align-compiled[5.5.1126~1-8c451]:main():gmm-align-compiled.cc:127) f5_270
LOG (gmm-align-compiled[5.5.1126~1-8c451]:main():gmm-align-compiled.cc:127) f5_272
LOG (gmm-align-compiled[5.5.1126~1-8c451]:main():gmm-align-compiled.cc:127) f5_273
LOG (gmm-align-compiled[5.5.1126~1-8c451]:main():gmm-align-compiled.cc:127) f5_274
LOG (gmm-align-compiled[5.5.1126~1-8c451]:main():gmm-align-compiled.cc:127) f5_275
LOG (gmm-align-compiled[5.5.1126~1-8c451]:main():gmm-align-compiled.cc:127) f5_278
LOG (gmm-align-compiled[5.5.1126~1-8c451]:main():gmm-align-compiled.cc:127) f5_279
WARNING (gmm-align-compiled[5.5.1126~1-8c451]:AlignUtteranceWrapper():decoder-wrappers.cc:617) Retrying utterance f5_279 with beam 40
LOG (gmm-align-compiled[5.5.1126~1-8c451]:main():gmm-align-compiled.cc:127) f5_280
WARNING (gmm-align-compiled[5.5.1126~1-8c451]:AlignUtteranceWrapper():decoder-wrappers.cc:617) Retrying utterance f5_280 with beam 40
LOG (gmm-align-compiled[5.5.1126~1-8c451]:main():gmm-align-compiled.cc:127) f5_282
WARNING (gmm-align-compiled[5.5.1126~1-8c451]:AlignUtteranceWrapper():decoder-wrappers.cc:617) Retrying utterance f5_282 with beam 40
LOG (gmm-align-compiled[5.5.1126~1-8c451]:main():gmm-align-compiled.cc:127) f5_283
LOG (gmm-align-compiled[5.5.1126~1-8c451]:main():gmm-align-compiled.cc:127) f5_284
LOG (gmm-align-compiled[5.5.1126~1-8c451]:main():gmm-align-compiled.cc:127) f5_285
WARNING (gmm-align-compiled[5.5.1126~1-8c451]:AlignUtteranceWrapper():decoder-wrappers.cc:617) Retrying utterance f5_285 with beam 40
LOG (gmm-align-compiled[5.5.1126~1-8c451]:main():gmm-align-compiled.cc:127) f5_287
LOG (gmm-align-compiled[5.5.1126~1-8c451]:main():gmm-align-compiled.cc:127) f5_288
LOG (gmm-align-compiled[5.5.1126~1-8c451]:main():gmm-align-compiled.cc:127) f5_290
LOG (gmm-align-compiled[5.5.1126~1-8c451]:main():gmm-align-compiled.cc:127) f5_292
LOG (gmm-align-compiled[5.5.1126~1-8c451]:main():gmm-align-compiled.cc:127) f5_293
LOG (gmm-align-compiled[5.5.1126~1-8c451]:main():gmm-align-compiled.cc:127) f5_294
WARNING (gmm-align-compiled[5.5.1126~1-8c451]:AlignUtteranceWrapper():decoder-wrappers.cc:617) Retrying utterance f5_294 with beam 40
LOG (gmm-align-compiled[5.5.1126~1-8c451]:main():gmm-align-compiled.cc:127) f5_295
LOG (gmm-align-compiled[5.5.1126~1-8c451]:main():gmm-align-compiled.cc:127) f5_297
LOG (gmm-align-compiled[5.5.1126~1-8c451]:main():gmm-align-compiled.cc:127) f5_298
LOG (gmm-align-compiled[5.5.1126~1-8c451]:main():gmm-align-compiled.cc:127) f5_299
LOG (gmm-align-compiled[5.5.1126~1-8c451]:main():gmm-align-compiled.cc:127) f5_300
LOG (gmm-align-compiled[5.5.1126~1-8c451]:main():gmm-align-compiled.cc:127) f5_303
WARNING (gmm-align-compiled[5.5.1126~1-8c451]:AlignUtteranceWrapper():decoder-wrappers.cc:617) Retrying utterance f5_303 with beam 40
LOG (gmm-align-compiled[5.5.1126~1-8c451]:main():gmm-align-compiled.cc:127) f5_304
LOG (gmm-align-compiled[5.5.1126~1-8c451]:main():gmm-align-compiled.cc:127) f5_305
WARNING (gmm-align-compiled[5.5.1126~1-8c451]:AlignUtteranceWrapper():decoder-wrappers.cc:617) Retrying utterance f5_305 with beam 40
LOG (gmm-align-compiled[5.5.1126~1-8c451]:main():gmm-align-compiled.cc:127) f5_307
LOG (gmm-align-compiled[5.5.1126~1-8c451]:main():gmm-align-compiled.cc:127) f5_308
LOG (gmm-align-compiled[5.5.1126~1-8c451]:main():gmm-align-compiled.cc:127) f5_309
LOG (gmm-align-compiled[5.5.1126~1-8c451]:main():gmm-align-compiled.cc:127) f5_310
LOG (gmm-align-compiled[5.5.1126~1-8c451]:main():gmm-align-compiled.cc:127) f5_312
LOG (gmm-align-compiled[5.5.1126~1-8c451]:main():gmm-align-compiled.cc:127) f5_313
LOG (gmm-align-compiled[5.5.1126~1-8c451]:main():gmm-align-compiled.cc:127) f5_315
WARNING (gmm-align-compiled[5.5.1126~1-8c451]:AlignUtteranceWrapper():decoder-wrappers.cc:617) Retrying utterance f5_315 with beam 40
LOG (gmm-align-compiled[5.5.1126~1-8c451]:main():gmm-align-compiled.cc:127) f5_317
LOG (gmm-align-compiled[5.5.1126~1-8c451]:main():gmm-align-compiled.cc:127) f5_318
LOG (gmm-align-compiled[5.5.1126~1-8c451]:main():gmm-align-compiled.cc:127) f5_319
LOG (gmm-align-compiled[5.5.1126~1-8c451]:main():gmm-align-compiled.cc:127) f5_320
LOG (gmm-align-compiled[5.5.1126~1-8c451]:main():gmm-align-compiled.cc:127) f5_322
LOG (gmm-align-compiled[5.5.1126~1-8c451]:main():gmm-align-compiled.cc:127) f5_323
LOG (gmm-align-compiled[5.5.1126~1-8c451]:main():gmm-align-compiled.cc:127) f5_324
LOG (gmm-align-compiled[5.5.1126~1-8c451]:main():gmm-align-compiled.cc:127) f5_325
LOG (gmm-align-compiled[5.5.1126~1-8c451]:main():gmm-align-compiled.cc:127) f5_328
LOG (gmm-align-compiled[5.5.1126~1-8c451]:main():gmm-align-compiled.cc:127) f5_329
LOG (gmm-align-compiled[5.5.1126~1-8c451]:main():gmm-align-compiled.cc:127) f5_330
WARNING (gmm-align-compiled[5.5.1126~1-8c451]:AlignUtteranceWrapper():decoder-wrappers.cc:617) Retrying utterance f5_330 with beam 40
LOG (gmm-align-compiled[5.5.1126~1-8c451]:main():gmm-align-compiled.cc:127) f5_332
LOG (gmm-align-compiled[5.5.1126~1-8c451]:main():gmm-align-compiled.cc:127) f5_333
LOG (gmm-align-compiled[5.5.1126~1-8c451]:main():gmm-align-compiled.cc:127) f5_334
LOG (gmm-align-compiled[5.5.1126~1-8c451]:main():gmm-align-compiled.cc:127) f5_335
WARNING (gmm-align-compiled[5.5.1126~1-8c451]:AlignUtteranceWrapper():decoder-wrappers.cc:617) Retrying utterance f5_335 with beam 40
LOG (gmm-align-compiled[5.5.1126~1-8c451]:main():gmm-align-compiled.cc:127) f5_337
WARNING (gmm-align-compiled[5.5.1126~1-8c451]:AlignUtteranceWrapper():decoder-wrappers.cc:617) Retrying utterance f5_337 with beam 40
LOG (gmm-align-compiled[5.5.1126~1-8c451]:main():gmm-align-compiled.cc:127) f5_338
LOG (gmm-align-compiled[5.5.1126~1-8c451]:main():gmm-align-compiled.cc:127) f5_340
LOG (gmm-align-compiled[5.5.1126~1-8c451]:main():gmm-align-compiled.cc:127) f5_342
LOG (gmm-align-compiled[5.5.1126~1-8c451]:main():gmm-align-compiled.cc:127) f5_343
LOG (gmm-align-compiled[5.5.1126~1-8c451]:main():gmm-align-compiled.cc:127) f5_344
LOG (gmm-align-compiled[5.5.1126~1-8c451]:main():gmm-align-compiled.cc:127) f5_345
LOG (gmm-align-compiled[5.5.1126~1-8c451]:main():gmm-align-compiled.cc:127) f5_347
LOG (gmm-align-compiled[5.5.1126~1-8c451]:main():gmm-align-compiled.cc:127) f5_348
LOG (gmm-align-compiled[5.5.1126~1-8c451]:main():gmm-align-compiled.cc:127) f5_349
LOG (gmm-align-compiled[5.5.1126~1-8c451]:main():gmm-align-compiled.cc:127) f5_350
LOG (gmm-align-compiled[5.5.1126~1-8c451]:main():gmm-align-compiled.cc:127) f5_353
WARNING (gmm-align-compiled[5.5.1126~1-8c451]:AlignUtteranceWrapper():decoder-wrappers.cc:617) Retrying utterance f5_353 with beam 40
LOG (gmm-align-compiled[5.5.1126~1-8c451]:main():gmm-align-compiled.cc:127) f5_354
LOG (gmm-align-compiled[5.5.1126~1-8c451]:main():gmm-align-compiled.cc:127) f5_355
LOG (gmm-align-compiled[5.5.1126~1-8c451]:main():gmm-align-compiled.cc:127) f5_357
LOG (gmm-align-compiled[5.5.1126~1-8c451]:main():gmm-align-compiled.cc:127) f5_358
LOG (gmm-align-compiled[5.5.1126~1-8c451]:main():gmm-align-compiled.cc:127) f5_359
LOG (gmm-align-compiled[5.5.1126~1-8c451]:main():gmm-align-compiled.cc:127) f5_360
LOG (gmm-align-compiled[5.5.1126~1-8c451]:main():gmm-align-compiled.cc:127) f5_362
LOG (gmm-align-compiled[5.5.1126~1-8c451]:main():gmm-align-compiled.cc:127) f5_363
LOG (gmm-align-compiled[5.5.1126~1-8c451]:main():gmm-align-compiled.cc:127) f5_365
LOG (gmm-align-compiled[5.5.1126~1-8c451]:main():gmm-align-compiled.cc:127) f5_367
LOG (gmm-align-compiled[5.5.1126~1-8c451]:main():gmm-align-compiled.cc:127) f5_368
WARNING (gmm-align-compiled[5.5.1126~1-8c451]:AlignUtteranceWrapper():decoder-wrappers.cc:617) Retrying utterance f5_368 with beam 40
LOG (gmm-align-compiled[5.5.1126~1-8c451]:main():gmm-align-compiled.cc:127) f5_369
LOG (gmm-align-compiled[5.5.1126~1-8c451]:main():gmm-align-compiled.cc:127) f5_370
LOG (gmm-align-compiled[5.5.1126~1-8c451]:main():gmm-align-compiled.cc:127) f5_372
LOG (gmm-align-compiled[5.5.1126~1-8c451]:main():gmm-align-compiled.cc:127) f5_373
LOG (gmm-align-compiled[5.5.1126~1-8c451]:main():gmm-align-compiled.cc:127) f5_374
LOG (gmm-align-compiled[5.5.1126~1-8c451]:main():gmm-align-compiled.cc:127) f5_375
LOG (gmm-align-compiled[5.5.1126~1-8c451]:main():gmm-align-compiled.cc:127) f5_378
LOG (gmm-align-compiled[5.5.1126~1-8c451]:main():gmm-align-compiled.cc:127) f5_379
LOG (gmm-align-compiled[5.5.1126~1-8c451]:main():gmm-align-compiled.cc:127) f5_380
LOG (gmm-align-compiled[5.5.1126~1-8c451]:main():gmm-align-compiled.cc:127) f5_382
WARNING (gmm-align-compiled[5.5.1126~1-8c451]:AlignUtteranceWrapper():decoder-wrappers.cc:617) Retrying utterance f5_382 with beam 40
LOG (gmm-align-compiled[5.5.1126~1-8c451]:main():gmm-align-compiled.cc:127) f5_383
LOG (gmm-align-compiled[5.5.1126~1-8c451]:main():gmm-align-compiled.cc:127) f5_384
LOG (gmm-align-compiled[5.5.1126~1-8c451]:main():gmm-align-compiled.cc:127) f5_385
LOG (gmm-align-compiled[5.5.1126~1-8c451]:main():gmm-align-compiled.cc:127) f5_387
WARNING (gmm-align-compiled[5.5.1126~1-8c451]:AlignUtteranceWrapper():decoder-wrappers.cc:617) Retrying utterance f5_387 with beam 40
LOG (gmm-align-compiled[5.5.1126~1-8c451]:main():gmm-align-compiled.cc:127) f5_388
LOG (gmm-align-compiled[5.5.1126~1-8c451]:main():gmm-align-compiled.cc:127) f5_390
LOG (gmm-align-compiled[5.5.1126~1-8c451]:main():gmm-align-compiled.cc:127) f5_392
LOG (gmm-align-compiled[5.5.1126~1-8c451]:main():gmm-align-compiled.cc:127) f5_393
LOG (gmm-align-compiled[5.5.1126~1-8c451]:main():gmm-align-compiled.cc:127) f5_394
LOG (gmm-align-compiled[5.5.1126~1-8c451]:main():gmm-align-compiled.cc:127) f5_395
LOG (gmm-align-compiled[5.5.1126~1-8c451]:main():gmm-align-compiled.cc:127) f5_397
WARNING (gmm-align-compiled[5.5.1126~1-8c451]:AlignUtteranceWrapper():decoder-wrappers.cc:617) Retrying utterance f5_397 with beam 40
LOG (gmm-align-compiled[5.5.1126~1-8c451]:main():gmm-align-compiled.cc:127) f5_398
LOG (gmm-align-compiled[5.5.1126~1-8c451]:main():gmm-align-compiled.cc:127) f5_399
WARNING (gmm-align-compiled[5.5.1126~1-8c451]:AlignUtteranceWrapper():decoder-wrappers.cc:617) Retrying utterance f5_399 with beam 40
LOG (gmm-align-compiled[5.5.1126~1-8c451]:main():gmm-align-compiled.cc:127) f5_400
LOG (gmm-align-compiled[5.5.1126~1-8c451]:main():gmm-align-compiled.cc:127) f5_403
LOG (gmm-align-compiled[5.5.1126~1-8c451]:main():gmm-align-compiled.cc:127) f5_404
LOG (gmm-align-compiled[5.5.1126~1-8c451]:main():gmm-align-compiled.cc:127) f5_405
LOG (gmm-align-compiled[5.5.1126~1-8c451]:main():gmm-align-compiled.cc:127) f5_407
LOG (gmm-align-compiled[5.5.1126~1-8c451]:main():gmm-align-compiled.cc:127) f5_408
LOG (gmm-align-compiled[5.5.1126~1-8c451]:main():gmm-align-compiled.cc:127) f5_409
LOG (gmm-align-compiled[5.5.1126~1-8c451]:main():gmm-align-compiled.cc:127) f5_410
LOG (gmm-align-compiled[5.5.1126~1-8c451]:main():gmm-align-compiled.cc:127) f5_412
LOG (gmm-align-compiled[5.5.1126~1-8c451]:main():gmm-align-compiled.cc:127) f5_413
LOG (gmm-align-compiled[5.5.1126~1-8c451]:main():gmm-align-compiled.cc:127) f5_415
LOG (gmm-align-compiled[5.5.1126~1-8c451]:main():gmm-align-compiled.cc:127) f5_417
LOG (gmm-align-compiled[5.5.1126~1-8c451]:main():gmm-align-compiled.cc:127) f5_418
LOG (gmm-align-compiled[5.5.1126~1-8c451]:main():gmm-align-compiled.cc:127) f5_419
LOG (gmm-align-compiled[5.5.1126~1-8c451]:main():gmm-align-compiled.cc:127) f5_420
LOG (gmm-align-compiled[5.5.1126~1-8c451]:main():gmm-align-compiled.cc:127) f5_422
LOG (gmm-align-compiled[5.5.1126~1-8c451]:main():gmm-align-compiled.cc:127) f5_423
LOG (gmm-align-compiled[5.5.1126~1-8c451]:main():gmm-align-compiled.cc:127) f5_424
LOG (gmm-align-compiled[5.5.1126~1-8c451]:main():gmm-align-compiled.cc:127) f5_425
LOG (gmm-align-compiled[5.5.1126~1-8c451]:main():gmm-align-compiled.cc:127) f5_428
WARNING (gmm-align-compiled[5.5.1126~1-8c451]:AlignUtteranceWrapper():decoder-wrappers.cc:617) Retrying utterance f5_428 with beam 40
LOG (gmm-align-compiled[5.5.1126~1-8c451]:main():gmm-align-compiled.cc:127) f5_429
LOG (gmm-align-compiled[5.5.1126~1-8c451]:main():gmm-align-compiled.cc:127) f5_430
LOG (gmm-align-compiled[5.5.1126~1-8c451]:main():gmm-align-compiled.cc:127) f5_432
LOG (gmm-align-compiled[5.5.1126~1-8c451]:main():gmm-align-compiled.cc:127) f5_433
LOG (gmm-align-compiled[5.5.1126~1-8c451]:main():gmm-align-compiled.cc:127) f5_434
LOG (gmm-align-compiled[5.5.1126~1-8c451]:main():gmm-align-compiled.cc:127) f5_435
LOG (gmm-align-compiled[5.5.1126~1-8c451]:main():gmm-align-compiled.cc:127) f5_437
LOG (gmm-align-compiled[5.5.1126~1-8c451]:main():gmm-align-compiled.cc:127) f5_438
LOG (gmm-align-compiled[5.5.1126~1-8c451]:main():gmm-align-compiled.cc:127) f5_440
LOG (gmm-align-compiled[5.5.1126~1-8c451]:main():gmm-align-compiled.cc:127) f5_442
LOG (gmm-align-compiled[5.5.1126~1-8c451]:main():gmm-align-compiled.cc:127) f5_443
LOG (gmm-align-compiled[5.5.1126~1-8c451]:main():gmm-align-compiled.cc:127) f5_444
LOG (gmm-align-compiled[5.5.1126~1-8c451]:main():gmm-align-compiled.cc:127) f5_445
LOG (gmm-align-compiled[5.5.1126~1-8c451]:main():gmm-align-compiled.cc:127) f5_447
WARNING (gmm-align-compiled[5.5.1126~1-8c451]:AlignUtteranceWrapper():decoder-wrappers.cc:617) Retrying utterance f5_447 with beam 40
LOG (gmm-align-compiled[5.5.1126~1-8c451]:main():gmm-align-compiled.cc:127) f5_448
LOG (gmm-align-compiled[5.5.1126~1-8c451]:main():gmm-align-compiled.cc:127) f5_449
LOG (gmm-align-compiled[5.5.1126~1-8c451]:main():gmm-align-compiled.cc:127) f5_450
LOG (gmm-align-compiled[5.5.1126~1-8c451]:main():gmm-align-compiled.cc:127) f5_453
LOG (gmm-align-compiled[5.5.1126~1-8c451]:main():gmm-align-compiled.cc:127) f5_454
LOG (gmm-align-compiled[5.5.1126~1-8c451]:main():gmm-align-compiled.cc:127) f5_455
LOG (gmm-align-compiled[5.5.1126~1-8c451]:main():gmm-align-compiled.cc:127) f5_457
LOG (apply-cmvn[5.5.1126~1-8c451]:main():apply-cmvn.cc:162) Applied cepstral mean normalization to 331 utterances, errors on 0
LOG (gmm-align-compiled[5.5.1126~1-8c451]:main():gmm-align-compiled.cc:127) f5_458
LOG (gmm-align-compiled[5.5.1126~1-8c451]:main():gmm-align-compiled.cc:127) f5_459
LOG (gmm-align-compiled[5.5.1126~1-8c451]:main():gmm-align-compiled.cc:127) f5_460
WARNING (gmm-align-compiled[5.5.1126~1-8c451]:AlignUtteranceWrapper():decoder-wrappers.cc:617) Retrying utterance f5_460 with beam 40
LOG (gmm-align-compiled[5.5.1126~1-8c451]:main():gmm-align-compiled.cc:135) Overall log-likelihood per frame is -91.3102 over 151361 frames.
LOG (gmm-align-compiled[5.5.1126~1-8c451]:main():gmm-align-compiled.cc:137) Retried 63 out of 331 utterances.
LOG (gmm-align-compiled[5.5.1126~1-8c451]:main():gmm-align-compiled.cc:139) Done 330, errors on 1
# Accounting: time=10 threads=1
# Ended (code 0) at Sun May  5 04:34:35 EEST 2024, elapsed time 10 seconds
