# gmm-align-compiled --transition-scale=1.0 --acoustic-scale=0.1 --self-loop-scale=0.1 --beam=10 --retry-beam=40 --careful=false "gmm-boost-silence --boost=1.0 1 exp/mono/2.mdl - |" "ark:gunzip -c exp/mono/fsts.1.gz|" "ark,s,cs:apply-cmvn  --utt2spk=ark:data/train/split4/1/utt2spk scp:data/train/split4/1/cmvn.scp scp:data/train/split4/1/feats.scp ark:- | add-deltas  ark:- ark:- |" "ark,t:|gzip -c >exp/mono/ali.1.gz" 
# Started at Sun May  5 04:34:04 EEST 2024
#
gmm-align-compiled --transition-scale=1.0 --acoustic-scale=0.1 --self-loop-scale=0.1 --beam=10 --retry-beam=40 --careful=false 'gmm-boost-silence --boost=1.0 1 exp/mono/2.mdl - |' 'ark:gunzip -c exp/mono/fsts.1.gz|' 'ark,s,cs:apply-cmvn  --utt2spk=ark:data/train/split4/1/utt2spk scp:data/train/split4/1/cmvn.scp scp:data/train/split4/1/feats.scp ark:- | add-deltas  ark:- ark:- |' 'ark,t:|gzip -c >exp/mono/ali.1.gz' 
gmm-boost-silence --boost=1.0 1 exp/mono/2.mdl - 
WARNING (gmm-boost-silence[5.5.1126~1-8c451]:main():gmm-boost-silence.cc:82) The pdfs for the silence phones may be shared by other phones (note: this probably does not matter.)
LOG (gmm-boost-silence[5.5.1126~1-8c451]:main():gmm-boost-silence.cc:93) Boosted weights for 5 pdfs, by factor of 1
LOG (gmm-boost-silence[5.5.1126~1-8c451]:main():gmm-boost-silence.cc:103) Wrote model to -
apply-cmvn --utt2spk=ark:data/train/split4/1/utt2spk scp:data/train/split4/1/cmvn.scp scp:data/train/split4/1/feats.scp ark:- 
add-deltas ark:- ark:- 
LOG (gmm-align-compiled[5.5.1126~1-8c451]:main():gmm-align-compiled.cc:127) f1_003
LOG (gmm-align-compiled[5.5.1126~1-8c451]:main():gmm-align-compiled.cc:127) f1_004
WARNING (gmm-align-compiled[5.5.1126~1-8c451]:AlignUtteranceWrapper():decoder-wrappers.cc:617) Retrying utterance f1_004 with beam 40
LOG (gmm-align-compiled[5.5.1126~1-8c451]:main():gmm-align-compiled.cc:127) f1_005
LOG (gmm-align-compiled[5.5.1126~1-8c451]:main():gmm-align-compiled.cc:127) f1_007
WARNING (gmm-align-compiled[5.5.1126~1-8c451]:AlignUtteranceWrapper():decoder-wrappers.cc:617) Retrying utterance f1_007 with beam 40
LOG (gmm-align-compiled[5.5.1126~1-8c451]:main():gmm-align-compiled.cc:127) f1_008
LOG (gmm-align-compiled[5.5.1126~1-8c451]:main():gmm-align-compiled.cc:127) f1_009
LOG (gmm-align-compiled[5.5.1126~1-8c451]:main():gmm-align-compiled.cc:127) f1_010
LOG (gmm-align-compiled[5.5.1126~1-8c451]:main():gmm-align-compiled.cc:127) f1_012
LOG (gmm-align-compiled[5.5.1126~1-8c451]:main():gmm-align-compiled.cc:127) f1_013
WARNING (gmm-align-compiled[5.5.1126~1-8c451]:AlignUtteranceWrapper():decoder-wrappers.cc:617) Retrying utterance f1_013 with beam 40
LOG (gmm-align-compiled[5.5.1126~1-8c451]:main():gmm-align-compiled.cc:127) f1_015
LOG (gmm-align-compiled[5.5.1126~1-8c451]:main():gmm-align-compiled.cc:127) f1_017
LOG (gmm-align-compiled[5.5.1126~1-8c451]:main():gmm-align-compiled.cc:127) f1_018
LOG (gmm-align-compiled[5.5.1126~1-8c451]:main():gmm-align-compiled.cc:127) f1_019
LOG (gmm-align-compiled[5.5.1126~1-8c451]:main():gmm-align-compiled.cc:127) f1_020
WARNING (gmm-align-compiled[5.5.1126~1-8c451]:AlignUtteranceWrapper():decoder-wrappers.cc:617) Retrying utterance f1_020 with beam 40
LOG (gmm-align-compiled[5.5.1126~1-8c451]:main():gmm-align-compiled.cc:127) f1_022
LOG (gmm-align-compiled[5.5.1126~1-8c451]:main():gmm-align-compiled.cc:127) f1_023
LOG (gmm-align-compiled[5.5.1126~1-8c451]:main():gmm-align-compiled.cc:127) f1_024
LOG (gmm-align-compiled[5.5.1126~1-8c451]:main():gmm-align-compiled.cc:127) f1_025
WARNING (gmm-align-compiled[5.5.1126~1-8c451]:AlignUtteranceWrapper():decoder-wrappers.cc:617) Retrying utterance f1_025 with beam 40
LOG (gmm-align-compiled[5.5.1126~1-8c451]:main():gmm-align-compiled.cc:127) f1_028
WARNING (gmm-align-compiled[5.5.1126~1-8c451]:AlignUtteranceWrapper():decoder-wrappers.cc:617) Retrying utterance f1_028 with beam 40
LOG (gmm-align-compiled[5.5.1126~1-8c451]:main():gmm-align-compiled.cc:127) f1_029
WARNING (gmm-align-compiled[5.5.1126~1-8c451]:AlignUtteranceWrapper():decoder-wrappers.cc:617) Retrying utterance f1_029 with beam 40
LOG (gmm-align-compiled[5.5.1126~1-8c451]:main():gmm-align-compiled.cc:127) f1_030
LOG (gmm-align-compiled[5.5.1126~1-8c451]:main():gmm-align-compiled.cc:127) f1_032
LOG (gmm-align-compiled[5.5.1126~1-8c451]:main():gmm-align-compiled.cc:127) f1_033
WARNING (gmm-align-compiled[5.5.1126~1-8c451]:AlignUtteranceWrapper():decoder-wrappers.cc:617) Retrying utterance f1_033 with beam 40
LOG (gmm-align-compiled[5.5.1126~1-8c451]:main():gmm-align-compiled.cc:127) f1_034
LOG (gmm-align-compiled[5.5.1126~1-8c451]:main():gmm-align-compiled.cc:127) f1_035
LOG (gmm-align-compiled[5.5.1126~1-8c451]:main():gmm-align-compiled.cc:127) f1_037
WARNING (gmm-align-compiled[5.5.1126~1-8c451]:AlignUtteranceWrapper():decoder-wrappers.cc:617) Retrying utterance f1_037 with beam 40
LOG (gmm-align-compiled[5.5.1126~1-8c451]:main():gmm-align-compiled.cc:127) f1_038
WARNING (gmm-align-compiled[5.5.1126~1-8c451]:AlignUtteranceWrapper():decoder-wrappers.cc:617) Retrying utterance f1_038 with beam 40
LOG (gmm-align-compiled[5.5.1126~1-8c451]:main():gmm-align-compiled.cc:127) f1_040
WARNING (gmm-align-compiled[5.5.1126~1-8c451]:AlignUtteranceWrapper():decoder-wrappers.cc:617) Retrying utterance f1_040 with beam 40
LOG (gmm-align-compiled[5.5.1126~1-8c451]:main():gmm-align-compiled.cc:127) f1_042
LOG (gmm-align-compiled[5.5.1126~1-8c451]:main():gmm-align-compiled.cc:127) f1_043
LOG (gmm-align-compiled[5.5.1126~1-8c451]:main():gmm-align-compiled.cc:127) f1_044
WARNING (gmm-align-compiled[5.5.1126~1-8c451]:AlignUtteranceWrapper():decoder-wrappers.cc:617) Retrying utterance f1_044 with beam 40
LOG (gmm-align-compiled[5.5.1126~1-8c451]:main():gmm-align-compiled.cc:127) f1_045
LOG (gmm-align-compiled[5.5.1126~1-8c451]:main():gmm-align-compiled.cc:127) f1_047
LOG (gmm-align-compiled[5.5.1126~1-8c451]:main():gmm-align-compiled.cc:127) f1_048
LOG (gmm-align-compiled[5.5.1126~1-8c451]:main():gmm-align-compiled.cc:127) f1_049
WARNING (gmm-align-compiled[5.5.1126~1-8c451]:AlignUtteranceWrapper():decoder-wrappers.cc:617) Retrying utterance f1_049 with beam 40
LOG (gmm-align-compiled[5.5.1126~1-8c451]:main():gmm-align-compiled.cc:127) f1_050
LOG (gmm-align-compiled[5.5.1126~1-8c451]:main():gmm-align-compiled.cc:127) f1_053
WARNING (gmm-align-compiled[5.5.1126~1-8c451]:AlignUtteranceWrapper():decoder-wrappers.cc:617) Retrying utterance f1_053 with beam 40
LOG (gmm-align-compiled[5.5.1126~1-8c451]:main():gmm-align-compiled.cc:127) f1_054
LOG (gmm-align-compiled[5.5.1126~1-8c451]:main():gmm-align-compiled.cc:127) f1_055
WARNING (gmm-align-compiled[5.5.1126~1-8c451]:AlignUtteranceWrapper():decoder-wrappers.cc:617) Retrying utterance f1_055 with beam 40
LOG (gmm-align-compiled[5.5.1126~1-8c451]:main():gmm-align-compiled.cc:127) f1_057
LOG (gmm-align-compiled[5.5.1126~1-8c451]:main():gmm-align-compiled.cc:127) f1_058
LOG (gmm-align-compiled[5.5.1126~1-8c451]:main():gmm-align-compiled.cc:127) f1_059
WARNING (gmm-align-compiled[5.5.1126~1-8c451]:AlignUtteranceWrapper():decoder-wrappers.cc:617) Retrying utterance f1_059 with beam 40
LOG (gmm-align-compiled[5.5.1126~1-8c451]:main():gmm-align-compiled.cc:127) f1_060
LOG (gmm-align-compiled[5.5.1126~1-8c451]:main():gmm-align-compiled.cc:127) f1_062
WARNING (gmm-align-compiled[5.5.1126~1-8c451]:AlignUtteranceWrapper():decoder-wrappers.cc:617) Retrying utterance f1_062 with beam 40
LOG (gmm-align-compiled[5.5.1126~1-8c451]:main():gmm-align-compiled.cc:127) f1_063
LOG (gmm-align-compiled[5.5.1126~1-8c451]:main():gmm-align-compiled.cc:127) f1_065
LOG (gmm-align-compiled[5.5.1126~1-8c451]:main():gmm-align-compiled.cc:127) f1_067
WARNING (gmm-align-compiled[5.5.1126~1-8c451]:AlignUtteranceWrapper():decoder-wrappers.cc:617) Retrying utterance f1_067 with beam 40
LOG (gmm-align-compiled[5.5.1126~1-8c451]:main():gmm-align-compiled.cc:127) f1_068
LOG (gmm-align-compiled[5.5.1126~1-8c451]:main():gmm-align-compiled.cc:127) f1_069
WARNING (gmm-align-compiled[5.5.1126~1-8c451]:AlignUtteranceWrapper():decoder-wrappers.cc:617) Retrying utterance f1_069 with beam 40
LOG (gmm-align-compiled[5.5.1126~1-8c451]:main():gmm-align-compiled.cc:127) f1_070
LOG (gmm-align-compiled[5.5.1126~1-8c451]:main():gmm-align-compiled.cc:127) f1_072
WARNING (gmm-align-compiled[5.5.1126~1-8c451]:AlignUtteranceWrapper():decoder-wrappers.cc:617) Retrying utterance f1_072 with beam 40
LOG (gmm-align-compiled[5.5.1126~1-8c451]:main():gmm-align-compiled.cc:127) f1_073
WARNING (gmm-align-compiled[5.5.1126~1-8c451]:AlignUtteranceWrapper():decoder-wrappers.cc:617) Retrying utterance f1_073 with beam 40
LOG (gmm-align-compiled[5.5.1126~1-8c451]:main():gmm-align-compiled.cc:127) f1_074
LOG (gmm-align-compiled[5.5.1126~1-8c451]:main():gmm-align-compiled.cc:127) f1_075
LOG (gmm-align-compiled[5.5.1126~1-8c451]:main():gmm-align-compiled.cc:127) f1_078
LOG (gmm-align-compiled[5.5.1126~1-8c451]:main():gmm-align-compiled.cc:127) f1_079
LOG (gmm-align-compiled[5.5.1126~1-8c451]:main():gmm-align-compiled.cc:127) f1_080
WARNING (gmm-align-compiled[5.5.1126~1-8c451]:AlignUtteranceWrapper():decoder-wrappers.cc:617) Retrying utterance f1_080 with beam 40
LOG (gmm-align-compiled[5.5.1126~1-8c451]:main():gmm-align-compiled.cc:127) f1_082
WARNING (gmm-align-compiled[5.5.1126~1-8c451]:AlignUtteranceWrapper():decoder-wrappers.cc:617) Retrying utterance f1_082 with beam 40
LOG (gmm-align-compiled[5.5.1126~1-8c451]:main():gmm-align-compiled.cc:127) f1_083
WARNING (gmm-align-compiled[5.5.1126~1-8c451]:AlignUtteranceWrapper():decoder-wrappers.cc:617) Retrying utterance f1_083 with beam 40
LOG (gmm-align-compiled[5.5.1126~1-8c451]:main():gmm-align-compiled.cc:127) f1_084
LOG (gmm-align-compiled[5.5.1126~1-8c451]:main():gmm-align-compiled.cc:127) f1_085
LOG (gmm-align-compiled[5.5.1126~1-8c451]:main():gmm-align-compiled.cc:127) f1_087
LOG (gmm-align-compiled[5.5.1126~1-8c451]:main():gmm-align-compiled.cc:127) f1_088
WARNING (gmm-align-compiled[5.5.1126~1-8c451]:AlignUtteranceWrapper():decoder-wrappers.cc:617) Retrying utterance f1_088 with beam 40
LOG (gmm-align-compiled[5.5.1126~1-8c451]:main():gmm-align-compiled.cc:127) f1_090
LOG (gmm-align-compiled[5.5.1126~1-8c451]:main():gmm-align-compiled.cc:127) f1_092
LOG (gmm-align-compiled[5.5.1126~1-8c451]:main():gmm-align-compiled.cc:127) f1_093
WARNING (gmm-align-compiled[5.5.1126~1-8c451]:AlignUtteranceWrapper():decoder-wrappers.cc:617) Retrying utterance f1_093 with beam 40
LOG (gmm-align-compiled[5.5.1126~1-8c451]:main():gmm-align-compiled.cc:127) f1_094
LOG (gmm-align-compiled[5.5.1126~1-8c451]:main():gmm-align-compiled.cc:127) f1_095
LOG (gmm-align-compiled[5.5.1126~1-8c451]:main():gmm-align-compiled.cc:127) f1_097
LOG (gmm-align-compiled[5.5.1126~1-8c451]:main():gmm-align-compiled.cc:127) f1_098
LOG (gmm-align-compiled[5.5.1126~1-8c451]:main():gmm-align-compiled.cc:127) f1_099
LOG (gmm-align-compiled[5.5.1126~1-8c451]:main():gmm-align-compiled.cc:127) f1_100
LOG (gmm-align-compiled[5.5.1126~1-8c451]:main():gmm-align-compiled.cc:127) f1_103
WARNING (gmm-align-compiled[5.5.1126~1-8c451]:AlignUtteranceWrapper():decoder-wrappers.cc:617) Retrying utterance f1_103 with beam 40
LOG (gmm-align-compiled[5.5.1126~1-8c451]:main():gmm-align-compiled.cc:127) f1_104
LOG (gmm-align-compiled[5.5.1126~1-8c451]:main():gmm-align-compiled.cc:127) f1_105
LOG (gmm-align-compiled[5.5.1126~1-8c451]:main():gmm-align-compiled.cc:127) f1_107
WARNING (gmm-align-compiled[5.5.1126~1-8c451]:AlignUtteranceWrapper():decoder-wrappers.cc:617) Retrying utterance f1_107 with beam 40
LOG (gmm-align-compiled[5.5.1126~1-8c451]:main():gmm-align-compiled.cc:127) f1_108
LOG (gmm-align-compiled[5.5.1126~1-8c451]:main():gmm-align-compiled.cc:127) f1_109
WARNING (gmm-align-compiled[5.5.1126~1-8c451]:AlignUtteranceWrapper():decoder-wrappers.cc:617) Retrying utterance f1_109 with beam 40
LOG (gmm-align-compiled[5.5.1126~1-8c451]:main():gmm-align-compiled.cc:127) f1_110
LOG (gmm-align-compiled[5.5.1126~1-8c451]:main():gmm-align-compiled.cc:127) f1_112
WARNING (gmm-align-compiled[5.5.1126~1-8c451]:AlignUtteranceWrapper():decoder-wrappers.cc:617) Retrying utterance f1_112 with beam 40
LOG (gmm-align-compiled[5.5.1126~1-8c451]:main():gmm-align-compiled.cc:127) f1_113
LOG (gmm-align-compiled[5.5.1126~1-8c451]:main():gmm-align-compiled.cc:127) f1_115
LOG (gmm-align-compiled[5.5.1126~1-8c451]:main():gmm-align-compiled.cc:127) f1_117
LOG (gmm-align-compiled[5.5.1126~1-8c451]:main():gmm-align-compiled.cc:127) f1_118
LOG (gmm-align-compiled[5.5.1126~1-8c451]:main():gmm-align-compiled.cc:127) f1_119
LOG (gmm-align-compiled[5.5.1126~1-8c451]:main():gmm-align-compiled.cc:127) f1_120
LOG (gmm-align-compiled[5.5.1126~1-8c451]:main():gmm-align-compiled.cc:127) f1_122
LOG (gmm-align-compiled[5.5.1126~1-8c451]:main():gmm-align-compiled.cc:127) f1_123
WARNING (gmm-align-compiled[5.5.1126~1-8c451]:AlignUtteranceWrapper():decoder-wrappers.cc:617) Retrying utterance f1_123 with beam 40
LOG (gmm-align-compiled[5.5.1126~1-8c451]:main():gmm-align-compiled.cc:127) f1_124
LOG (gmm-align-compiled[5.5.1126~1-8c451]:main():gmm-align-compiled.cc:127) f1_125
WARNING (gmm-align-compiled[5.5.1126~1-8c451]:AlignUtteranceWrapper():decoder-wrappers.cc:617) Retrying utterance f1_125 with beam 40
LOG (gmm-align-compiled[5.5.1126~1-8c451]:main():gmm-align-compiled.cc:127) f1_128
LOG (gmm-align-compiled[5.5.1126~1-8c451]:main():gmm-align-compiled.cc:127) f1_129
LOG (gmm-align-compiled[5.5.1126~1-8c451]:main():gmm-align-compiled.cc:127) f1_130
LOG (gmm-align-compiled[5.5.1126~1-8c451]:main():gmm-align-compiled.cc:127) f1_132
LOG (gmm-align-compiled[5.5.1126~1-8c451]:main():gmm-align-compiled.cc:127) f1_133
WARNING (gmm-align-compiled[5.5.1126~1-8c451]:AlignUtteranceWrapper():decoder-wrappers.cc:617) Retrying utterance f1_133 with beam 40
LOG (gmm-align-compiled[5.5.1126~1-8c451]:main():gmm-align-compiled.cc:127) f1_134
WARNING (gmm-align-compiled[5.5.1126~1-8c451]:AlignUtteranceWrapper():decoder-wrappers.cc:617) Retrying utterance f1_134 with beam 40
LOG (gmm-align-compiled[5.5.1126~1-8c451]:main():gmm-align-compiled.cc:127) f1_135
WARNING (gmm-align-compiled[5.5.1126~1-8c451]:AlignUtteranceWrapper():decoder-wrappers.cc:617) Retrying utterance f1_135 with beam 40
LOG (gmm-align-compiled[5.5.1126~1-8c451]:main():gmm-align-compiled.cc:127) f1_137
WARNING (gmm-align-compiled[5.5.1126~1-8c451]:AlignUtteranceWrapper():decoder-wrappers.cc:617) Retrying utterance f1_137 with beam 40
LOG (gmm-align-compiled[5.5.1126~1-8c451]:main():gmm-align-compiled.cc:127) f1_138
LOG (gmm-align-compiled[5.5.1126~1-8c451]:main():gmm-align-compiled.cc:127) f1_140
LOG (gmm-align-compiled[5.5.1126~1-8c451]:main():gmm-align-compiled.cc:127) f1_142
LOG (gmm-align-compiled[5.5.1126~1-8c451]:main():gmm-align-compiled.cc:127) f1_143
LOG (gmm-align-compiled[5.5.1126~1-8c451]:main():gmm-align-compiled.cc:127) f1_144
WARNING (gmm-align-compiled[5.5.1126~1-8c451]:AlignUtteranceWrapper():decoder-wrappers.cc:617) Retrying utterance f1_144 with beam 40
LOG (gmm-align-compiled[5.5.1126~1-8c451]:main():gmm-align-compiled.cc:127) f1_145
WARNING (gmm-align-compiled[5.5.1126~1-8c451]:AlignUtteranceWrapper():decoder-wrappers.cc:617) Retrying utterance f1_145 with beam 40
LOG (gmm-align-compiled[5.5.1126~1-8c451]:main():gmm-align-compiled.cc:127) f1_147
LOG (gmm-align-compiled[5.5.1126~1-8c451]:main():gmm-align-compiled.cc:127) f1_148
LOG (gmm-align-compiled[5.5.1126~1-8c451]:main():gmm-align-compiled.cc:127) f1_149
LOG (gmm-align-compiled[5.5.1126~1-8c451]:main():gmm-align-compiled.cc:127) f1_150
WARNING (gmm-align-compiled[5.5.1126~1-8c451]:AlignUtteranceWrapper():decoder-wrappers.cc:617) Retrying utterance f1_150 with beam 40
LOG (gmm-align-compiled[5.5.1126~1-8c451]:main():gmm-align-compiled.cc:127) f1_153
LOG (gmm-align-compiled[5.5.1126~1-8c451]:main():gmm-align-compiled.cc:127) f1_154
LOG (gmm-align-compiled[5.5.1126~1-8c451]:main():gmm-align-compiled.cc:127) f1_155
LOG (gmm-align-compiled[5.5.1126~1-8c451]:main():gmm-align-compiled.cc:127) f1_157
LOG (gmm-align-compiled[5.5.1126~1-8c451]:main():gmm-align-compiled.cc:127) f1_158
LOG (gmm-align-compiled[5.5.1126~1-8c451]:main():gmm-align-compiled.cc:127) f1_159
LOG (gmm-align-compiled[5.5.1126~1-8c451]:main():gmm-align-compiled.cc:127) f1_160
WARNING (gmm-align-compiled[5.5.1126~1-8c451]:AlignUtteranceWrapper():decoder-wrappers.cc:617) Retrying utterance f1_160 with beam 40
LOG (gmm-align-compiled[5.5.1126~1-8c451]:main():gmm-align-compiled.cc:127) f1_162
LOG (gmm-align-compiled[5.5.1126~1-8c451]:main():gmm-align-compiled.cc:127) f1_163
WARNING (gmm-align-compiled[5.5.1126~1-8c451]:AlignUtteranceWrapper():decoder-wrappers.cc:617) Retrying utterance f1_163 with beam 40
LOG (gmm-align-compiled[5.5.1126~1-8c451]:main():gmm-align-compiled.cc:127) f1_165
WARNING (gmm-align-compiled[5.5.1126~1-8c451]:AlignUtteranceWrapper():decoder-wrappers.cc:617) Retrying utterance f1_165 with beam 40
LOG (gmm-align-compiled[5.5.1126~1-8c451]:main():gmm-align-compiled.cc:127) f1_167
LOG (gmm-align-compiled[5.5.1126~1-8c451]:main():gmm-align-compiled.cc:127) f1_168
LOG (gmm-align-compiled[5.5.1126~1-8c451]:main():gmm-align-compiled.cc:127) f1_169
LOG (gmm-align-compiled[5.5.1126~1-8c451]:main():gmm-align-compiled.cc:127) f1_170
LOG (gmm-align-compiled[5.5.1126~1-8c451]:main():gmm-align-compiled.cc:127) f1_172
WARNING (gmm-align-compiled[5.5.1126~1-8c451]:AlignUtteranceWrapper():decoder-wrappers.cc:617) Retrying utterance f1_172 with beam 40
LOG (gmm-align-compiled[5.5.1126~1-8c451]:main():gmm-align-compiled.cc:127) f1_173
LOG (gmm-align-compiled[5.5.1126~1-8c451]:main():gmm-align-compiled.cc:127) f1_174
LOG (gmm-align-compiled[5.5.1126~1-8c451]:main():gmm-align-compiled.cc:127) f1_175
LOG (gmm-align-compiled[5.5.1126~1-8c451]:main():gmm-align-compiled.cc:127) f1_178
LOG (gmm-align-compiled[5.5.1126~1-8c451]:main():gmm-align-compiled.cc:127) f1_179
LOG (gmm-align-compiled[5.5.1126~1-8c451]:main():gmm-align-compiled.cc:127) f1_180
LOG (gmm-align-compiled[5.5.1126~1-8c451]:main():gmm-align-compiled.cc:127) f1_182
WARNING (gmm-align-compiled[5.5.1126~1-8c451]:AlignUtteranceWrapper():decoder-wrappers.cc:617) Retrying utterance f1_182 with beam 40
LOG (gmm-align-compiled[5.5.1126~1-8c451]:main():gmm-align-compiled.cc:127) f1_183
LOG (gmm-align-compiled[5.5.1126~1-8c451]:main():gmm-align-compiled.cc:127) f1_184
LOG (gmm-align-compiled[5.5.1126~1-8c451]:main():gmm-align-compiled.cc:127) f1_185
WARNING (gmm-align-compiled[5.5.1126~1-8c451]:AlignUtteranceWrapper():decoder-wrappers.cc:617) Retrying utterance f1_185 with beam 40
LOG (gmm-align-compiled[5.5.1126~1-8c451]:main():gmm-align-compiled.cc:127) f1_187
LOG (gmm-align-compiled[5.5.1126~1-8c451]:main():gmm-align-compiled.cc:127) f1_188
WARNING (gmm-align-compiled[5.5.1126~1-8c451]:AlignUtteranceWrapper():decoder-wrappers.cc:617) Retrying utterance f1_188 with beam 40
LOG (gmm-align-compiled[5.5.1126~1-8c451]:main():gmm-align-compiled.cc:127) f1_190
LOG (gmm-align-compiled[5.5.1126~1-8c451]:main():gmm-align-compiled.cc:127) f1_192
LOG (gmm-align-compiled[5.5.1126~1-8c451]:main():gmm-align-compiled.cc:127) f1_193
WARNING (gmm-align-compiled[5.5.1126~1-8c451]:AlignUtteranceWrapper():decoder-wrappers.cc:617) Retrying utterance f1_193 with beam 40
LOG (gmm-align-compiled[5.5.1126~1-8c451]:main():gmm-align-compiled.cc:127) f1_194
WARNING (gmm-align-compiled[5.5.1126~1-8c451]:AlignUtteranceWrapper():decoder-wrappers.cc:617) Retrying utterance f1_194 with beam 40
LOG (gmm-align-compiled[5.5.1126~1-8c451]:main():gmm-align-compiled.cc:127) f1_195
WARNING (gmm-align-compiled[5.5.1126~1-8c451]:AlignUtteranceWrapper():decoder-wrappers.cc:617) Retrying utterance f1_195 with beam 40
LOG (gmm-align-compiled[5.5.1126~1-8c451]:main():gmm-align-compiled.cc:127) f1_197
WARNING (gmm-align-compiled[5.5.1126~1-8c451]:AlignUtteranceWrapper():decoder-wrappers.cc:617) Retrying utterance f1_197 with beam 40
LOG (gmm-align-compiled[5.5.1126~1-8c451]:main():gmm-align-compiled.cc:127) f1_198
WARNING (gmm-align-compiled[5.5.1126~1-8c451]:AlignUtteranceWrapper():decoder-wrappers.cc:617) Retrying utterance f1_198 with beam 40
LOG (gmm-align-compiled[5.5.1126~1-8c451]:main():gmm-align-compiled.cc:127) f1_199
LOG (gmm-align-compiled[5.5.1126~1-8c451]:main():gmm-align-compiled.cc:127) f1_200
LOG (gmm-align-compiled[5.5.1126~1-8c451]:main():gmm-align-compiled.cc:127) f1_203
WARNING (gmm-align-compiled[5.5.1126~1-8c451]:AlignUtteranceWrapper():decoder-wrappers.cc:617) Retrying utterance f1_203 with beam 40
LOG (gmm-align-compiled[5.5.1126~1-8c451]:main():gmm-align-compiled.cc:127) f1_204
WARNING (gmm-align-compiled[5.5.1126~1-8c451]:AlignUtteranceWrapper():decoder-wrappers.cc:617) Retrying utterance f1_204 with beam 40
LOG (gmm-align-compiled[5.5.1126~1-8c451]:main():gmm-align-compiled.cc:127) f1_205
LOG (gmm-align-compiled[5.5.1126~1-8c451]:main():gmm-align-compiled.cc:127) f1_207
LOG (gmm-align-compiled[5.5.1126~1-8c451]:main():gmm-align-compiled.cc:127) f1_208
WARNING (gmm-align-compiled[5.5.1126~1-8c451]:AlignUtteranceWrapper():decoder-wrappers.cc:617) Retrying utterance f1_208 with beam 40
LOG (gmm-align-compiled[5.5.1126~1-8c451]:main():gmm-align-compiled.cc:127) f1_209
LOG (gmm-align-compiled[5.5.1126~1-8c451]:main():gmm-align-compiled.cc:127) f1_210
LOG (gmm-align-compiled[5.5.1126~1-8c451]:main():gmm-align-compiled.cc:127) f1_212
WARNING (gmm-align-compiled[5.5.1126~1-8c451]:AlignUtteranceWrapper():decoder-wrappers.cc:617) Retrying utterance f1_212 with beam 40
LOG (gmm-align-compiled[5.5.1126~1-8c451]:main():gmm-align-compiled.cc:127) f1_213
LOG (gmm-align-compiled[5.5.1126~1-8c451]:main():gmm-align-compiled.cc:127) f1_215
LOG (gmm-align-compiled[5.5.1126~1-8c451]:main():gmm-align-compiled.cc:127) f1_217
WARNING (gmm-align-compiled[5.5.1126~1-8c451]:AlignUtteranceWrapper():decoder-wrappers.cc:617) Retrying utterance f1_217 with beam 40
LOG (gmm-align-compiled[5.5.1126~1-8c451]:main():gmm-align-compiled.cc:127) f1_218
LOG (gmm-align-compiled[5.5.1126~1-8c451]:main():gmm-align-compiled.cc:127) f1_219
LOG (gmm-align-compiled[5.5.1126~1-8c451]:main():gmm-align-compiled.cc:127) f1_220
LOG (gmm-align-compiled[5.5.1126~1-8c451]:main():gmm-align-compiled.cc:127) f1_222
LOG (gmm-align-compiled[5.5.1126~1-8c451]:main():gmm-align-compiled.cc:127) f1_223
LOG (gmm-align-compiled[5.5.1126~1-8c451]:main():gmm-align-compiled.cc:127) f1_224
LOG (gmm-align-compiled[5.5.1126~1-8c451]:main():gmm-align-compiled.cc:127) f1_225
WARNING (gmm-align-compiled[5.5.1126~1-8c451]:AlignUtteranceWrapper():decoder-wrappers.cc:617) Retrying utterance f1_225 with beam 40
LOG (gmm-align-compiled[5.5.1126~1-8c451]:main():gmm-align-compiled.cc:127) f1_228
LOG (gmm-align-compiled[5.5.1126~1-8c451]:main():gmm-align-compiled.cc:127) f1_229
LOG (gmm-align-compiled[5.5.1126~1-8c451]:main():gmm-align-compiled.cc:127) f1_230
LOG (gmm-align-compiled[5.5.1126~1-8c451]:main():gmm-align-compiled.cc:127) f1_232
LOG (gmm-align-compiled[5.5.1126~1-8c451]:main():gmm-align-compiled.cc:127) f1_233
LOG (gmm-align-compiled[5.5.1126~1-8c451]:main():gmm-align-compiled.cc:127) f1_234
WARNING (gmm-align-compiled[5.5.1126~1-8c451]:AlignUtteranceWrapper():decoder-wrappers.cc:617) Retrying utterance f1_234 with beam 40
LOG (gmm-align-compiled[5.5.1126~1-8c451]:main():gmm-align-compiled.cc:127) f1_235
LOG (gmm-align-compiled[5.5.1126~1-8c451]:main():gmm-align-compiled.cc:127) f1_237
LOG (gmm-align-compiled[5.5.1126~1-8c451]:main():gmm-align-compiled.cc:127) f1_238
WARNING (gmm-align-compiled[5.5.1126~1-8c451]:AlignUtteranceWrapper():decoder-wrappers.cc:617) Retrying utterance f1_238 with beam 40
LOG (gmm-align-compiled[5.5.1126~1-8c451]:main():gmm-align-compiled.cc:127) f1_240
LOG (gmm-align-compiled[5.5.1126~1-8c451]:main():gmm-align-compiled.cc:127) f1_242
LOG (gmm-align-compiled[5.5.1126~1-8c451]:main():gmm-align-compiled.cc:127) f1_243
LOG (gmm-align-compiled[5.5.1126~1-8c451]:main():gmm-align-compiled.cc:127) f1_244
LOG (gmm-align-compiled[5.5.1126~1-8c451]:main():gmm-align-compiled.cc:127) f1_245
LOG (gmm-align-compiled[5.5.1126~1-8c451]:main():gmm-align-compiled.cc:127) f1_247
LOG (gmm-align-compiled[5.5.1126~1-8c451]:main():gmm-align-compiled.cc:127) f1_248
WARNING (gmm-align-compiled[5.5.1126~1-8c451]:AlignUtteranceWrapper():decoder-wrappers.cc:617) Retrying utterance f1_248 with beam 40
LOG (gmm-align-compiled[5.5.1126~1-8c451]:main():gmm-align-compiled.cc:127) f1_249
WARNING (gmm-align-compiled[5.5.1126~1-8c451]:AlignUtteranceWrapper():decoder-wrappers.cc:617) Retrying utterance f1_249 with beam 40
LOG (gmm-align-compiled[5.5.1126~1-8c451]:main():gmm-align-compiled.cc:127) f1_250
LOG (gmm-align-compiled[5.5.1126~1-8c451]:main():gmm-align-compiled.cc:127) f1_253
LOG (gmm-align-compiled[5.5.1126~1-8c451]:main():gmm-align-compiled.cc:127) f1_254
LOG (gmm-align-compiled[5.5.1126~1-8c451]:main():gmm-align-compiled.cc:127) f1_255
LOG (gmm-align-compiled[5.5.1126~1-8c451]:main():gmm-align-compiled.cc:127) f1_257
LOG (gmm-align-compiled[5.5.1126~1-8c451]:main():gmm-align-compiled.cc:127) f1_258
WARNING (gmm-align-compiled[5.5.1126~1-8c451]:AlignUtteranceWrapper():decoder-wrappers.cc:617) Retrying utterance f1_258 with beam 40
LOG (gmm-align-compiled[5.5.1126~1-8c451]:main():gmm-align-compiled.cc:127) f1_259
WARNING (gmm-align-compiled[5.5.1126~1-8c451]:AlignUtteranceWrapper():decoder-wrappers.cc:617) Retrying utterance f1_259 with beam 40
LOG (gmm-align-compiled[5.5.1126~1-8c451]:main():gmm-align-compiled.cc:127) f1_260
LOG (gmm-align-compiled[5.5.1126~1-8c451]:main():gmm-align-compiled.cc:127) f1_262
WARNING (gmm-align-compiled[5.5.1126~1-8c451]:AlignUtteranceWrapper():decoder-wrappers.cc:617) Retrying utterance f1_262 with beam 40
LOG (gmm-align-compiled[5.5.1126~1-8c451]:main():gmm-align-compiled.cc:127) f1_263
LOG (gmm-align-compiled[5.5.1126~1-8c451]:main():gmm-align-compiled.cc:127) f1_265
LOG (gmm-align-compiled[5.5.1126~1-8c451]:main():gmm-align-compiled.cc:127) f1_267
WARNING (gmm-align-compiled[5.5.1126~1-8c451]:AlignUtteranceWrapper():decoder-wrappers.cc:617) Retrying utterance f1_267 with beam 40
LOG (gmm-align-compiled[5.5.1126~1-8c451]:main():gmm-align-compiled.cc:127) f1_268
LOG (gmm-align-compiled[5.5.1126~1-8c451]:main():gmm-align-compiled.cc:127) f1_269
LOG (gmm-align-compiled[5.5.1126~1-8c451]:main():gmm-align-compiled.cc:127) f1_270
WARNING (gmm-align-compiled[5.5.1126~1-8c451]:AlignUtteranceWrapper():decoder-wrappers.cc:617) Retrying utterance f1_270 with beam 40
LOG (gmm-align-compiled[5.5.1126~1-8c451]:main():gmm-align-compiled.cc:127) f1_272
LOG (gmm-align-compiled[5.5.1126~1-8c451]:main():gmm-align-compiled.cc:127) f1_273
LOG (gmm-align-compiled[5.5.1126~1-8c451]:main():gmm-align-compiled.cc:127) f1_274
LOG (gmm-align-compiled[5.5.1126~1-8c451]:main():gmm-align-compiled.cc:127) f1_275
LOG (gmm-align-compiled[5.5.1126~1-8c451]:main():gmm-align-compiled.cc:127) f1_278
LOG (gmm-align-compiled[5.5.1126~1-8c451]:main():gmm-align-compiled.cc:127) f1_279
LOG (gmm-align-compiled[5.5.1126~1-8c451]:main():gmm-align-compiled.cc:127) f1_280
WARNING (gmm-align-compiled[5.5.1126~1-8c451]:AlignUtteranceWrapper():decoder-wrappers.cc:617) Retrying utterance f1_280 with beam 40
LOG (gmm-align-compiled[5.5.1126~1-8c451]:main():gmm-align-compiled.cc:127) f1_282
WARNING (gmm-align-compiled[5.5.1126~1-8c451]:AlignUtteranceWrapper():decoder-wrappers.cc:617) Retrying utterance f1_282 with beam 40
LOG (gmm-align-compiled[5.5.1126~1-8c451]:main():gmm-align-compiled.cc:127) f1_283
WARNING (gmm-align-compiled[5.5.1126~1-8c451]:AlignUtteranceWrapper():decoder-wrappers.cc:617) Retrying utterance f1_283 with beam 40
LOG (gmm-align-compiled[5.5.1126~1-8c451]:main():gmm-align-compiled.cc:127) f1_284
WARNING (gmm-align-compiled[5.5.1126~1-8c451]:AlignUtteranceWrapper():decoder-wrappers.cc:617) Retrying utterance f1_284 with beam 40
LOG (gmm-align-compiled[5.5.1126~1-8c451]:main():gmm-align-compiled.cc:127) f1_285
WARNING (gmm-align-compiled[5.5.1126~1-8c451]:AlignUtteranceWrapper():decoder-wrappers.cc:617) Retrying utterance f1_285 with beam 40
LOG (gmm-align-compiled[5.5.1126~1-8c451]:main():gmm-align-compiled.cc:127) f1_287
WARNING (gmm-align-compiled[5.5.1126~1-8c451]:AlignUtteranceWrapper():decoder-wrappers.cc:617) Retrying utterance f1_287 with beam 40
LOG (gmm-align-compiled[5.5.1126~1-8c451]:main():gmm-align-compiled.cc:127) f1_288
LOG (gmm-align-compiled[5.5.1126~1-8c451]:main():gmm-align-compiled.cc:127) f1_290
WARNING (gmm-align-compiled[5.5.1126~1-8c451]:AlignUtteranceWrapper():decoder-wrappers.cc:617) Retrying utterance f1_290 with beam 40
LOG (gmm-align-compiled[5.5.1126~1-8c451]:main():gmm-align-compiled.cc:127) f1_292
LOG (gmm-align-compiled[5.5.1126~1-8c451]:main():gmm-align-compiled.cc:127) f1_293
WARNING (gmm-align-compiled[5.5.1126~1-8c451]:AlignUtteranceWrapper():decoder-wrappers.cc:617) Retrying utterance f1_293 with beam 40
LOG (gmm-align-compiled[5.5.1126~1-8c451]:main():gmm-align-compiled.cc:127) f1_294
WARNING (gmm-align-compiled[5.5.1126~1-8c451]:AlignUtteranceWrapper():decoder-wrappers.cc:617) Retrying utterance f1_294 with beam 40
LOG (gmm-align-compiled[5.5.1126~1-8c451]:main():gmm-align-compiled.cc:127) f1_295
LOG (gmm-align-compiled[5.5.1126~1-8c451]:main():gmm-align-compiled.cc:127) f1_297
WARNING (gmm-align-compiled[5.5.1126~1-8c451]:AlignUtteranceWrapper():decoder-wrappers.cc:617) Retrying utterance f1_297 with beam 40
LOG (gmm-align-compiled[5.5.1126~1-8c451]:main():gmm-align-compiled.cc:127) f1_298
WARNING (gmm-align-compiled[5.5.1126~1-8c451]:AlignUtteranceWrapper():decoder-wrappers.cc:617) Retrying utterance f1_298 with beam 40
LOG (gmm-align-compiled[5.5.1126~1-8c451]:main():gmm-align-compiled.cc:127) f1_299
WARNING (gmm-align-compiled[5.5.1126~1-8c451]:AlignUtteranceWrapper():decoder-wrappers.cc:617) Retrying utterance f1_299 with beam 40
LOG (gmm-align-compiled[5.5.1126~1-8c451]:main():gmm-align-compiled.cc:127) f1_300
WARNING (gmm-align-compiled[5.5.1126~1-8c451]:AlignUtteranceWrapper():decoder-wrappers.cc:617) Retrying utterance f1_300 with beam 40
LOG (gmm-align-compiled[5.5.1126~1-8c451]:main():gmm-align-compiled.cc:127) f1_303
WARNING (gmm-align-compiled[5.5.1126~1-8c451]:AlignUtteranceWrapper():decoder-wrappers.cc:617) Retrying utterance f1_303 with beam 40
LOG (gmm-align-compiled[5.5.1126~1-8c451]:main():gmm-align-compiled.cc:127) f1_304
LOG (gmm-align-compiled[5.5.1126~1-8c451]:main():gmm-align-compiled.cc:127) f1_305
WARNING (gmm-align-compiled[5.5.1126~1-8c451]:AlignUtteranceWrapper():decoder-wrappers.cc:617) Retrying utterance f1_305 with beam 40
LOG (gmm-align-compiled[5.5.1126~1-8c451]:main():gmm-align-compiled.cc:127) f1_307
LOG (gmm-align-compiled[5.5.1126~1-8c451]:main():gmm-align-compiled.cc:127) f1_308
WARNING (gmm-align-compiled[5.5.1126~1-8c451]:AlignUtteranceWrapper():decoder-wrappers.cc:617) Retrying utterance f1_308 with beam 40
LOG (gmm-align-compiled[5.5.1126~1-8c451]:main():gmm-align-compiled.cc:127) f1_309
LOG (gmm-align-compiled[5.5.1126~1-8c451]:main():gmm-align-compiled.cc:127) f1_310
LOG (gmm-align-compiled[5.5.1126~1-8c451]:main():gmm-align-compiled.cc:127) f1_312
WARNING (gmm-align-compiled[5.5.1126~1-8c451]:AlignUtteranceWrapper():decoder-wrappers.cc:617) Retrying utterance f1_312 with beam 40
LOG (gmm-align-compiled[5.5.1126~1-8c451]:main():gmm-align-compiled.cc:127) f1_313
WARNING (gmm-align-compiled[5.5.1126~1-8c451]:AlignUtteranceWrapper():decoder-wrappers.cc:617) Retrying utterance f1_313 with beam 40
LOG (gmm-align-compiled[5.5.1126~1-8c451]:main():gmm-align-compiled.cc:127) f1_315
LOG (gmm-align-compiled[5.5.1126~1-8c451]:main():gmm-align-compiled.cc:127) f1_317
WARNING (gmm-align-compiled[5.5.1126~1-8c451]:AlignUtteranceWrapper():decoder-wrappers.cc:617) Retrying utterance f1_317 with beam 40
LOG (gmm-align-compiled[5.5.1126~1-8c451]:main():gmm-align-compiled.cc:127) f1_318
WARNING (gmm-align-compiled[5.5.1126~1-8c451]:AlignUtteranceWrapper():decoder-wrappers.cc:617) Retrying utterance f1_318 with beam 40
LOG (gmm-align-compiled[5.5.1126~1-8c451]:main():gmm-align-compiled.cc:127) f1_319
LOG (gmm-align-compiled[5.5.1126~1-8c451]:main():gmm-align-compiled.cc:127) f1_320
LOG (gmm-align-compiled[5.5.1126~1-8c451]:main():gmm-align-compiled.cc:127) f1_322
LOG (gmm-align-compiled[5.5.1126~1-8c451]:main():gmm-align-compiled.cc:127) f1_323
LOG (gmm-align-compiled[5.5.1126~1-8c451]:main():gmm-align-compiled.cc:127) f1_324
LOG (gmm-align-compiled[5.5.1126~1-8c451]:main():gmm-align-compiled.cc:127) f1_325
LOG (gmm-align-compiled[5.5.1126~1-8c451]:main():gmm-align-compiled.cc:127) f1_328
WARNING (gmm-align-compiled[5.5.1126~1-8c451]:AlignUtteranceWrapper():decoder-wrappers.cc:617) Retrying utterance f1_328 with beam 40
LOG (gmm-align-compiled[5.5.1126~1-8c451]:main():gmm-align-compiled.cc:127) f1_329
WARNING (gmm-align-compiled[5.5.1126~1-8c451]:AlignUtteranceWrapper():decoder-wrappers.cc:617) Retrying utterance f1_329 with beam 40
LOG (gmm-align-compiled[5.5.1126~1-8c451]:main():gmm-align-compiled.cc:127) f1_330
LOG (gmm-align-compiled[5.5.1126~1-8c451]:main():gmm-align-compiled.cc:127) f1_332
LOG (gmm-align-compiled[5.5.1126~1-8c451]:main():gmm-align-compiled.cc:127) f1_333
LOG (gmm-align-compiled[5.5.1126~1-8c451]:main():gmm-align-compiled.cc:127) f1_334
WARNING (gmm-align-compiled[5.5.1126~1-8c451]:AlignUtteranceWrapper():decoder-wrappers.cc:617) Retrying utterance f1_334 with beam 40
LOG (gmm-align-compiled[5.5.1126~1-8c451]:main():gmm-align-compiled.cc:127) f1_335
WARNING (gmm-align-compiled[5.5.1126~1-8c451]:AlignUtteranceWrapper():decoder-wrappers.cc:617) Retrying utterance f1_335 with beam 40
LOG (gmm-align-compiled[5.5.1126~1-8c451]:main():gmm-align-compiled.cc:127) f1_337
WARNING (gmm-align-compiled[5.5.1126~1-8c451]:AlignUtteranceWrapper():decoder-wrappers.cc:617) Retrying utterance f1_337 with beam 40
LOG (gmm-align-compiled[5.5.1126~1-8c451]:main():gmm-align-compiled.cc:127) f1_338
LOG (gmm-align-compiled[5.5.1126~1-8c451]:main():gmm-align-compiled.cc:127) f1_340
LOG (gmm-align-compiled[5.5.1126~1-8c451]:main():gmm-align-compiled.cc:127) f1_342
LOG (gmm-align-compiled[5.5.1126~1-8c451]:main():gmm-align-compiled.cc:127) f1_343
WARNING (gmm-align-compiled[5.5.1126~1-8c451]:AlignUtteranceWrapper():decoder-wrappers.cc:617) Retrying utterance f1_343 with beam 40
LOG (gmm-align-compiled[5.5.1126~1-8c451]:main():gmm-align-compiled.cc:127) f1_344
WARNING (gmm-align-compiled[5.5.1126~1-8c451]:AlignUtteranceWrapper():decoder-wrappers.cc:617) Retrying utterance f1_344 with beam 40
LOG (gmm-align-compiled[5.5.1126~1-8c451]:main():gmm-align-compiled.cc:127) f1_345
WARNING (gmm-align-compiled[5.5.1126~1-8c451]:AlignUtteranceWrapper():decoder-wrappers.cc:617) Retrying utterance f1_345 with beam 40
LOG (gmm-align-compiled[5.5.1126~1-8c451]:main():gmm-align-compiled.cc:127) f1_347
WARNING (gmm-align-compiled[5.5.1126~1-8c451]:AlignUtteranceWrapper():decoder-wrappers.cc:617) Retrying utterance f1_347 with beam 40
LOG (gmm-align-compiled[5.5.1126~1-8c451]:main():gmm-align-compiled.cc:127) f1_348
LOG (gmm-align-compiled[5.5.1126~1-8c451]:main():gmm-align-compiled.cc:127) f1_349
LOG (gmm-align-compiled[5.5.1126~1-8c451]:main():gmm-align-compiled.cc:127) f1_350
LOG (gmm-align-compiled[5.5.1126~1-8c451]:main():gmm-align-compiled.cc:127) f1_353
WARNING (gmm-align-compiled[5.5.1126~1-8c451]:AlignUtteranceWrapper():decoder-wrappers.cc:617) Retrying utterance f1_353 with beam 40
LOG (gmm-align-compiled[5.5.1126~1-8c451]:main():gmm-align-compiled.cc:127) f1_354
WARNING (gmm-align-compiled[5.5.1126~1-8c451]:AlignUtteranceWrapper():decoder-wrappers.cc:617) Retrying utterance f1_354 with beam 40
LOG (gmm-align-compiled[5.5.1126~1-8c451]:main():gmm-align-compiled.cc:127) f1_355
LOG (gmm-align-compiled[5.5.1126~1-8c451]:main():gmm-align-compiled.cc:127) f1_357
WARNING (gmm-align-compiled[5.5.1126~1-8c451]:AlignUtteranceWrapper():decoder-wrappers.cc:617) Retrying utterance f1_357 with beam 40
LOG (gmm-align-compiled[5.5.1126~1-8c451]:main():gmm-align-compiled.cc:127) f1_358
LOG (gmm-align-compiled[5.5.1126~1-8c451]:main():gmm-align-compiled.cc:127) f1_359
LOG (gmm-align-compiled[5.5.1126~1-8c451]:main():gmm-align-compiled.cc:127) f1_360
WARNING (gmm-align-compiled[5.5.1126~1-8c451]:AlignUtteranceWrapper():decoder-wrappers.cc:617) Retrying utterance f1_360 with beam 40
LOG (gmm-align-compiled[5.5.1126~1-8c451]:main():gmm-align-compiled.cc:127) f1_362
LOG (gmm-align-compiled[5.5.1126~1-8c451]:main():gmm-align-compiled.cc:127) f1_363
LOG (gmm-align-compiled[5.5.1126~1-8c451]:main():gmm-align-compiled.cc:127) f1_365
LOG (gmm-align-compiled[5.5.1126~1-8c451]:main():gmm-align-compiled.cc:127) f1_367
LOG (gmm-align-compiled[5.5.1126~1-8c451]:main():gmm-align-compiled.cc:127) f1_368
LOG (gmm-align-compiled[5.5.1126~1-8c451]:main():gmm-align-compiled.cc:127) f1_369
LOG (gmm-align-compiled[5.5.1126~1-8c451]:main():gmm-align-compiled.cc:127) f1_370
LOG (gmm-align-compiled[5.5.1126~1-8c451]:main():gmm-align-compiled.cc:127) f1_372
LOG (gmm-align-compiled[5.5.1126~1-8c451]:main():gmm-align-compiled.cc:127) f1_373
LOG (gmm-align-compiled[5.5.1126~1-8c451]:main():gmm-align-compiled.cc:127) f1_374
WARNING (gmm-align-compiled[5.5.1126~1-8c451]:AlignUtteranceWrapper():decoder-wrappers.cc:617) Retrying utterance f1_374 with beam 40
LOG (gmm-align-compiled[5.5.1126~1-8c451]:main():gmm-align-compiled.cc:127) f1_375
LOG (gmm-align-compiled[5.5.1126~1-8c451]:main():gmm-align-compiled.cc:127) f1_378
LOG (gmm-align-compiled[5.5.1126~1-8c451]:main():gmm-align-compiled.cc:127) f1_379
LOG (gmm-align-compiled[5.5.1126~1-8c451]:main():gmm-align-compiled.cc:127) f1_380
LOG (gmm-align-compiled[5.5.1126~1-8c451]:main():gmm-align-compiled.cc:127) f1_382
WARNING (gmm-align-compiled[5.5.1126~1-8c451]:AlignUtteranceWrapper():decoder-wrappers.cc:617) Retrying utterance f1_382 with beam 40
LOG (gmm-align-compiled[5.5.1126~1-8c451]:main():gmm-align-compiled.cc:127) f1_383
LOG (gmm-align-compiled[5.5.1126~1-8c451]:main():gmm-align-compiled.cc:127) f1_384
LOG (gmm-align-compiled[5.5.1126~1-8c451]:main():gmm-align-compiled.cc:127) f1_385
LOG (gmm-align-compiled[5.5.1126~1-8c451]:main():gmm-align-compiled.cc:127) f1_387
WARNING (gmm-align-compiled[5.5.1126~1-8c451]:AlignUtteranceWrapper():decoder-wrappers.cc:617) Retrying utterance f1_387 with beam 40
LOG (gmm-align-compiled[5.5.1126~1-8c451]:main():gmm-align-compiled.cc:127) f1_388
LOG (gmm-align-compiled[5.5.1126~1-8c451]:main():gmm-align-compiled.cc:127) f1_390
LOG (gmm-align-compiled[5.5.1126~1-8c451]:main():gmm-align-compiled.cc:127) f1_392
LOG (gmm-align-compiled[5.5.1126~1-8c451]:main():gmm-align-compiled.cc:127) f1_393
LOG (gmm-align-compiled[5.5.1126~1-8c451]:main():gmm-align-compiled.cc:127) f1_394
LOG (gmm-align-compiled[5.5.1126~1-8c451]:main():gmm-align-compiled.cc:127) f1_395
LOG (gmm-align-compiled[5.5.1126~1-8c451]:main():gmm-align-compiled.cc:127) f1_397
WARNING (gmm-align-compiled[5.5.1126~1-8c451]:AlignUtteranceWrapper():decoder-wrappers.cc:617) Retrying utterance f1_397 with beam 40
LOG (gmm-align-compiled[5.5.1126~1-8c451]:main():gmm-align-compiled.cc:127) f1_398
LOG (gmm-align-compiled[5.5.1126~1-8c451]:main():gmm-align-compiled.cc:127) f1_399
LOG (gmm-align-compiled[5.5.1126~1-8c451]:main():gmm-align-compiled.cc:127) f1_400
WARNING (gmm-align-compiled[5.5.1126~1-8c451]:AlignUtteranceWrapper():decoder-wrappers.cc:617) Retrying utterance f1_400 with beam 40
LOG (gmm-align-compiled[5.5.1126~1-8c451]:main():gmm-align-compiled.cc:127) f1_403
LOG (gmm-align-compiled[5.5.1126~1-8c451]:main():gmm-align-compiled.cc:127) f1_404
LOG (gmm-align-compiled[5.5.1126~1-8c451]:main():gmm-align-compiled.cc:127) f1_405
LOG (gmm-align-compiled[5.5.1126~1-8c451]:main():gmm-align-compiled.cc:127) f1_407
LOG (gmm-align-compiled[5.5.1126~1-8c451]:main():gmm-align-compiled.cc:127) f1_408
LOG (gmm-align-compiled[5.5.1126~1-8c451]:main():gmm-align-compiled.cc:127) f1_409
LOG (gmm-align-compiled[5.5.1126~1-8c451]:main():gmm-align-compiled.cc:127) f1_410
LOG (gmm-align-compiled[5.5.1126~1-8c451]:main():gmm-align-compiled.cc:127) f1_412
LOG (gmm-align-compiled[5.5.1126~1-8c451]:main():gmm-align-compiled.cc:127) f1_413
WARNING (gmm-align-compiled[5.5.1126~1-8c451]:AlignUtteranceWrapper():decoder-wrappers.cc:617) Retrying utterance f1_413 with beam 40
LOG (gmm-align-compiled[5.5.1126~1-8c451]:main():gmm-align-compiled.cc:127) f1_415
LOG (gmm-align-compiled[5.5.1126~1-8c451]:main():gmm-align-compiled.cc:127) f1_417
WARNING (gmm-align-compiled[5.5.1126~1-8c451]:AlignUtteranceWrapper():decoder-wrappers.cc:617) Retrying utterance f1_417 with beam 40
LOG (gmm-align-compiled[5.5.1126~1-8c451]:main():gmm-align-compiled.cc:127) f1_418
LOG (gmm-align-compiled[5.5.1126~1-8c451]:main():gmm-align-compiled.cc:127) f1_419
LOG (gmm-align-compiled[5.5.1126~1-8c451]:main():gmm-align-compiled.cc:127) f1_420
LOG (gmm-align-compiled[5.5.1126~1-8c451]:main():gmm-align-compiled.cc:127) f1_422
LOG (gmm-align-compiled[5.5.1126~1-8c451]:main():gmm-align-compiled.cc:127) f1_423
WARNING (gmm-align-compiled[5.5.1126~1-8c451]:AlignUtteranceWrapper():decoder-wrappers.cc:617) Retrying utterance f1_423 with beam 40
LOG (gmm-align-compiled[5.5.1126~1-8c451]:main():gmm-align-compiled.cc:127) f1_424
WARNING (gmm-align-compiled[5.5.1126~1-8c451]:AlignUtteranceWrapper():decoder-wrappers.cc:617) Retrying utterance f1_424 with beam 40
LOG (gmm-align-compiled[5.5.1126~1-8c451]:main():gmm-align-compiled.cc:127) f1_425
LOG (gmm-align-compiled[5.5.1126~1-8c451]:main():gmm-align-compiled.cc:127) f1_428
LOG (gmm-align-compiled[5.5.1126~1-8c451]:main():gmm-align-compiled.cc:127) f1_429
LOG (gmm-align-compiled[5.5.1126~1-8c451]:main():gmm-align-compiled.cc:127) f1_430
LOG (gmm-align-compiled[5.5.1126~1-8c451]:main():gmm-align-compiled.cc:127) f1_432
LOG (gmm-align-compiled[5.5.1126~1-8c451]:main():gmm-align-compiled.cc:127) f1_433
LOG (gmm-align-compiled[5.5.1126~1-8c451]:main():gmm-align-compiled.cc:127) f1_434
LOG (gmm-align-compiled[5.5.1126~1-8c451]:main():gmm-align-compiled.cc:127) f1_435
LOG (gmm-align-compiled[5.5.1126~1-8c451]:main():gmm-align-compiled.cc:127) f1_437
LOG (gmm-align-compiled[5.5.1126~1-8c451]:main():gmm-align-compiled.cc:127) f1_438
WARNING (gmm-align-compiled[5.5.1126~1-8c451]:AlignUtteranceWrapper():decoder-wrappers.cc:617) Retrying utterance f1_438 with beam 40
LOG (gmm-align-compiled[5.5.1126~1-8c451]:main():gmm-align-compiled.cc:127) f1_440
LOG (gmm-align-compiled[5.5.1126~1-8c451]:main():gmm-align-compiled.cc:127) f1_442
LOG (gmm-align-compiled[5.5.1126~1-8c451]:main():gmm-align-compiled.cc:127) f1_443
LOG (gmm-align-compiled[5.5.1126~1-8c451]:main():gmm-align-compiled.cc:127) f1_444
WARNING (gmm-align-compiled[5.5.1126~1-8c451]:AlignUtteranceWrapper():decoder-wrappers.cc:617) Retrying utterance f1_444 with beam 40
LOG (gmm-align-compiled[5.5.1126~1-8c451]:main():gmm-align-compiled.cc:127) f1_445
LOG (gmm-align-compiled[5.5.1126~1-8c451]:main():gmm-align-compiled.cc:127) f1_447
WARNING (gmm-align-compiled[5.5.1126~1-8c451]:AlignUtteranceWrapper():decoder-wrappers.cc:617) Retrying utterance f1_447 with beam 40
LOG (gmm-align-compiled[5.5.1126~1-8c451]:main():gmm-align-compiled.cc:127) f1_448
LOG (gmm-align-compiled[5.5.1126~1-8c451]:main():gmm-align-compiled.cc:127) f1_449
LOG (gmm-align-compiled[5.5.1126~1-8c451]:main():gmm-align-compiled.cc:127) f1_450
LOG (gmm-align-compiled[5.5.1126~1-8c451]:main():gmm-align-compiled.cc:127) f1_453
LOG (gmm-align-compiled[5.5.1126~1-8c451]:main():gmm-align-compiled.cc:127) f1_454
LOG (gmm-align-compiled[5.5.1126~1-8c451]:main():gmm-align-compiled.cc:127) f1_455
LOG (apply-cmvn[5.5.1126~1-8c451]:main():apply-cmvn.cc:162) Applied cepstral mean normalization to 331 utterances, errors on 0
LOG (gmm-align-compiled[5.5.1126~1-8c451]:main():gmm-align-compiled.cc:127) f1_457
LOG (gmm-align-compiled[5.5.1126~1-8c451]:main():gmm-align-compiled.cc:127) f1_458
LOG (gmm-align-compiled[5.5.1126~1-8c451]:main():gmm-align-compiled.cc:127) f1_459
LOG (gmm-align-compiled[5.5.1126~1-8c451]:main():gmm-align-compiled.cc:127) f1_460
WARNING (gmm-align-compiled[5.5.1126~1-8c451]:AlignUtteranceWrapper():decoder-wrappers.cc:617) Retrying utterance f1_460 with beam 40
LOG (gmm-align-compiled[5.5.1126~1-8c451]:main():gmm-align-compiled.cc:135) Overall log-likelihood per frame is -89.2378 over 147982 frames.
LOG (gmm-align-compiled[5.5.1126~1-8c451]:main():gmm-align-compiled.cc:137) Retried 112 out of 331 utterances.
LOG (gmm-align-compiled[5.5.1126~1-8c451]:main():gmm-align-compiled.cc:139) Done 331, errors on 0
# Accounting: time=15 threads=1
# Ended (code 0) at Sun May  5 04:34:19 EEST 2024, elapsed time 15 seconds
