# gmm-align-compiled --transition-scale=1.0 --acoustic-scale=0.1 --self-loop-scale=0.1 --beam=10 --retry-beam=40 --careful=false "gmm-boost-silence --boost=1.0 1 exp/mono/3.mdl - |" "ark:gunzip -c exp/mono/fsts.4.gz|" "ark,s,cs:apply-cmvn  --utt2spk=ark:data/train/split4/4/utt2spk scp:data/train/split4/4/cmvn.scp scp:data/train/split4/4/feats.scp ark:- | add-deltas  ark:- ark:- |" "ark,t:|gzip -c >exp/mono/ali.4.gz" 
# Started at Sun May  5 02:11:04 EEST 2024
#
gmm-align-compiled --transition-scale=1.0 --acoustic-scale=0.1 --self-loop-scale=0.1 --beam=10 --retry-beam=40 --careful=false 'gmm-boost-silence --boost=1.0 1 exp/mono/3.mdl - |' 'ark:gunzip -c exp/mono/fsts.4.gz|' 'ark,s,cs:apply-cmvn  --utt2spk=ark:data/train/split4/4/utt2spk scp:data/train/split4/4/cmvn.scp scp:data/train/split4/4/feats.scp ark:- | add-deltas  ark:- ark:- |' 'ark,t:|gzip -c >exp/mono/ali.4.gz' 
gmm-boost-silence --boost=1.0 1 exp/mono/3.mdl - 
WARNING (gmm-boost-silence[5.5.1126~1-8c451]:main():gmm-boost-silence.cc:82) The pdfs for the silence phones may be shared by other phones (note: this probably does not matter.)
LOG (gmm-boost-silence[5.5.1126~1-8c451]:main():gmm-boost-silence.cc:93) Boosted weights for 5 pdfs, by factor of 1
LOG (gmm-boost-silence[5.5.1126~1-8c451]:main():gmm-boost-silence.cc:103) Wrote model to -
add-deltas ark:- ark:- 
apply-cmvn --utt2spk=ark:data/train/split4/4/utt2spk scp:data/train/split4/4/cmvn.scp scp:data/train/split4/4/feats.scp ark:- 
LOG (gmm-align-compiled[5.5.1126~1-8c451]:main():gmm-align-compiled.cc:127) m3_003
LOG (gmm-align-compiled[5.5.1126~1-8c451]:main():gmm-align-compiled.cc:127) m3_004
WARNING (gmm-align-compiled[5.5.1126~1-8c451]:AlignUtteranceWrapper():decoder-wrappers.cc:617) Retrying utterance m3_004 with beam 40
LOG (gmm-align-compiled[5.5.1126~1-8c451]:main():gmm-align-compiled.cc:127) m3_005
LOG (gmm-align-compiled[5.5.1126~1-8c451]:main():gmm-align-compiled.cc:127) m3_007
WARNING (gmm-align-compiled[5.5.1126~1-8c451]:AlignUtteranceWrapper():decoder-wrappers.cc:617) Retrying utterance m3_007 with beam 40
LOG (gmm-align-compiled[5.5.1126~1-8c451]:main():gmm-align-compiled.cc:127) m3_008
LOG (gmm-align-compiled[5.5.1126~1-8c451]:main():gmm-align-compiled.cc:127) m3_009
LOG (gmm-align-compiled[5.5.1126~1-8c451]:main():gmm-align-compiled.cc:127) m3_010
LOG (gmm-align-compiled[5.5.1126~1-8c451]:main():gmm-align-compiled.cc:127) m3_012
LOG (gmm-align-compiled[5.5.1126~1-8c451]:main():gmm-align-compiled.cc:127) m3_013
LOG (gmm-align-compiled[5.5.1126~1-8c451]:main():gmm-align-compiled.cc:127) m3_015
LOG (gmm-align-compiled[5.5.1126~1-8c451]:main():gmm-align-compiled.cc:127) m3_017
WARNING (gmm-align-compiled[5.5.1126~1-8c451]:AlignUtteranceWrapper():decoder-wrappers.cc:617) Retrying utterance m3_017 with beam 40
LOG (gmm-align-compiled[5.5.1126~1-8c451]:main():gmm-align-compiled.cc:127) m3_018
LOG (gmm-align-compiled[5.5.1126~1-8c451]:main():gmm-align-compiled.cc:127) m3_019
LOG (gmm-align-compiled[5.5.1126~1-8c451]:main():gmm-align-compiled.cc:127) m3_020
WARNING (gmm-align-compiled[5.5.1126~1-8c451]:AlignUtteranceWrapper():decoder-wrappers.cc:617) Retrying utterance m3_020 with beam 40
LOG (gmm-align-compiled[5.5.1126~1-8c451]:main():gmm-align-compiled.cc:127) m3_022
LOG (gmm-align-compiled[5.5.1126~1-8c451]:main():gmm-align-compiled.cc:127) m3_023
LOG (gmm-align-compiled[5.5.1126~1-8c451]:main():gmm-align-compiled.cc:127) m3_024
WARNING (gmm-align-compiled[5.5.1126~1-8c451]:AlignUtteranceWrapper():decoder-wrappers.cc:617) Retrying utterance m3_024 with beam 40
LOG (gmm-align-compiled[5.5.1126~1-8c451]:main():gmm-align-compiled.cc:127) m3_025
LOG (gmm-align-compiled[5.5.1126~1-8c451]:main():gmm-align-compiled.cc:127) m3_028
WARNING (gmm-align-compiled[5.5.1126~1-8c451]:AlignUtteranceWrapper():decoder-wrappers.cc:617) Retrying utterance m3_028 with beam 40
LOG (gmm-align-compiled[5.5.1126~1-8c451]:main():gmm-align-compiled.cc:127) m3_029
LOG (gmm-align-compiled[5.5.1126~1-8c451]:main():gmm-align-compiled.cc:127) m3_030
LOG (gmm-align-compiled[5.5.1126~1-8c451]:main():gmm-align-compiled.cc:127) m3_032
WARNING (gmm-align-compiled[5.5.1126~1-8c451]:AlignUtteranceWrapper():decoder-wrappers.cc:617) Retrying utterance m3_032 with beam 40
LOG (gmm-align-compiled[5.5.1126~1-8c451]:main():gmm-align-compiled.cc:127) m3_033
LOG (gmm-align-compiled[5.5.1126~1-8c451]:main():gmm-align-compiled.cc:127) m3_034
LOG (gmm-align-compiled[5.5.1126~1-8c451]:main():gmm-align-compiled.cc:127) m3_035
WARNING (gmm-align-compiled[5.5.1126~1-8c451]:AlignUtteranceWrapper():decoder-wrappers.cc:617) Retrying utterance m3_035 with beam 40
LOG (gmm-align-compiled[5.5.1126~1-8c451]:main():gmm-align-compiled.cc:127) m3_037
LOG (gmm-align-compiled[5.5.1126~1-8c451]:main():gmm-align-compiled.cc:127) m3_038
WARNING (gmm-align-compiled[5.5.1126~1-8c451]:AlignUtteranceWrapper():decoder-wrappers.cc:617) Retrying utterance m3_038 with beam 40
LOG (gmm-align-compiled[5.5.1126~1-8c451]:main():gmm-align-compiled.cc:127) m3_040
LOG (gmm-align-compiled[5.5.1126~1-8c451]:main():gmm-align-compiled.cc:127) m3_042
LOG (gmm-align-compiled[5.5.1126~1-8c451]:main():gmm-align-compiled.cc:127) m3_043
WARNING (gmm-align-compiled[5.5.1126~1-8c451]:AlignUtteranceWrapper():decoder-wrappers.cc:617) Retrying utterance m3_043 with beam 40
LOG (gmm-align-compiled[5.5.1126~1-8c451]:main():gmm-align-compiled.cc:127) m3_044
WARNING (gmm-align-compiled[5.5.1126~1-8c451]:AlignUtteranceWrapper():decoder-wrappers.cc:617) Retrying utterance m3_044 with beam 40
LOG (gmm-align-compiled[5.5.1126~1-8c451]:main():gmm-align-compiled.cc:127) m3_045
WARNING (gmm-align-compiled[5.5.1126~1-8c451]:AlignUtteranceWrapper():decoder-wrappers.cc:617) Retrying utterance m3_045 with beam 40
LOG (gmm-align-compiled[5.5.1126~1-8c451]:main():gmm-align-compiled.cc:127) m3_047
WARNING (gmm-align-compiled[5.5.1126~1-8c451]:AlignUtteranceWrapper():decoder-wrappers.cc:617) Retrying utterance m3_047 with beam 40
LOG (gmm-align-compiled[5.5.1126~1-8c451]:main():gmm-align-compiled.cc:127) m3_048
LOG (gmm-align-compiled[5.5.1126~1-8c451]:main():gmm-align-compiled.cc:127) m3_049
WARNING (gmm-align-compiled[5.5.1126~1-8c451]:AlignUtteranceWrapper():decoder-wrappers.cc:617) Retrying utterance m3_049 with beam 40
LOG (gmm-align-compiled[5.5.1126~1-8c451]:main():gmm-align-compiled.cc:127) m3_050
LOG (gmm-align-compiled[5.5.1126~1-8c451]:main():gmm-align-compiled.cc:127) m3_053
LOG (gmm-align-compiled[5.5.1126~1-8c451]:main():gmm-align-compiled.cc:127) m3_054
LOG (gmm-align-compiled[5.5.1126~1-8c451]:main():gmm-align-compiled.cc:127) m3_055
WARNING (gmm-align-compiled[5.5.1126~1-8c451]:AlignUtteranceWrapper():decoder-wrappers.cc:617) Retrying utterance m3_055 with beam 40
LOG (gmm-align-compiled[5.5.1126~1-8c451]:main():gmm-align-compiled.cc:127) m3_057
WARNING (gmm-align-compiled[5.5.1126~1-8c451]:AlignUtteranceWrapper():decoder-wrappers.cc:617) Retrying utterance m3_057 with beam 40
LOG (gmm-align-compiled[5.5.1126~1-8c451]:main():gmm-align-compiled.cc:127) m3_058
WARNING (gmm-align-compiled[5.5.1126~1-8c451]:AlignUtteranceWrapper():decoder-wrappers.cc:617) Retrying utterance m3_058 with beam 40
LOG (gmm-align-compiled[5.5.1126~1-8c451]:main():gmm-align-compiled.cc:127) m3_059
WARNING (gmm-align-compiled[5.5.1126~1-8c451]:AlignUtteranceWrapper():decoder-wrappers.cc:617) Retrying utterance m3_059 with beam 40
LOG (gmm-align-compiled[5.5.1126~1-8c451]:main():gmm-align-compiled.cc:127) m3_060
LOG (gmm-align-compiled[5.5.1126~1-8c451]:main():gmm-align-compiled.cc:127) m3_062
LOG (gmm-align-compiled[5.5.1126~1-8c451]:main():gmm-align-compiled.cc:127) m3_063
LOG (gmm-align-compiled[5.5.1126~1-8c451]:main():gmm-align-compiled.cc:127) m3_065
LOG (gmm-align-compiled[5.5.1126~1-8c451]:main():gmm-align-compiled.cc:127) m3_067
WARNING (gmm-align-compiled[5.5.1126~1-8c451]:AlignUtteranceWrapper():decoder-wrappers.cc:617) Retrying utterance m3_067 with beam 40
LOG (gmm-align-compiled[5.5.1126~1-8c451]:main():gmm-align-compiled.cc:127) m3_068
WARNING (gmm-align-compiled[5.5.1126~1-8c451]:AlignUtteranceWrapper():decoder-wrappers.cc:617) Retrying utterance m3_068 with beam 40
LOG (gmm-align-compiled[5.5.1126~1-8c451]:main():gmm-align-compiled.cc:127) m3_069
LOG (gmm-align-compiled[5.5.1126~1-8c451]:main():gmm-align-compiled.cc:127) m3_070
LOG (gmm-align-compiled[5.5.1126~1-8c451]:main():gmm-align-compiled.cc:127) m3_072
WARNING (gmm-align-compiled[5.5.1126~1-8c451]:AlignUtteranceWrapper():decoder-wrappers.cc:617) Retrying utterance m3_072 with beam 40
LOG (gmm-align-compiled[5.5.1126~1-8c451]:main():gmm-align-compiled.cc:127) m3_073
WARNING (gmm-align-compiled[5.5.1126~1-8c451]:AlignUtteranceWrapper():decoder-wrappers.cc:617) Retrying utterance m3_073 with beam 40
LOG (gmm-align-compiled[5.5.1126~1-8c451]:main():gmm-align-compiled.cc:127) m3_074
LOG (gmm-align-compiled[5.5.1126~1-8c451]:main():gmm-align-compiled.cc:127) m3_075
WARNING (gmm-align-compiled[5.5.1126~1-8c451]:AlignUtteranceWrapper():decoder-wrappers.cc:617) Retrying utterance m3_075 with beam 40
LOG (gmm-align-compiled[5.5.1126~1-8c451]:main():gmm-align-compiled.cc:127) m3_078
LOG (gmm-align-compiled[5.5.1126~1-8c451]:main():gmm-align-compiled.cc:127) m3_079
WARNING (gmm-align-compiled[5.5.1126~1-8c451]:AlignUtteranceWrapper():decoder-wrappers.cc:617) Retrying utterance m3_079 with beam 40
LOG (gmm-align-compiled[5.5.1126~1-8c451]:main():gmm-align-compiled.cc:127) m3_080
LOG (gmm-align-compiled[5.5.1126~1-8c451]:main():gmm-align-compiled.cc:127) m3_082
WARNING (gmm-align-compiled[5.5.1126~1-8c451]:AlignUtteranceWrapper():decoder-wrappers.cc:617) Retrying utterance m3_082 with beam 40
LOG (gmm-align-compiled[5.5.1126~1-8c451]:main():gmm-align-compiled.cc:127) m3_083
WARNING (gmm-align-compiled[5.5.1126~1-8c451]:AlignUtteranceWrapper():decoder-wrappers.cc:617) Retrying utterance m3_083 with beam 40
LOG (gmm-align-compiled[5.5.1126~1-8c451]:main():gmm-align-compiled.cc:127) m3_084
LOG (gmm-align-compiled[5.5.1126~1-8c451]:main():gmm-align-compiled.cc:127) m3_085
WARNING (gmm-align-compiled[5.5.1126~1-8c451]:AlignUtteranceWrapper():decoder-wrappers.cc:617) Retrying utterance m3_085 with beam 40
LOG (gmm-align-compiled[5.5.1126~1-8c451]:main():gmm-align-compiled.cc:127) m3_087
LOG (gmm-align-compiled[5.5.1126~1-8c451]:main():gmm-align-compiled.cc:127) m3_088
LOG (gmm-align-compiled[5.5.1126~1-8c451]:main():gmm-align-compiled.cc:127) m3_090
LOG (gmm-align-compiled[5.5.1126~1-8c451]:main():gmm-align-compiled.cc:127) m3_092
LOG (gmm-align-compiled[5.5.1126~1-8c451]:main():gmm-align-compiled.cc:127) m3_093
LOG (gmm-align-compiled[5.5.1126~1-8c451]:main():gmm-align-compiled.cc:127) m3_094
WARNING (gmm-align-compiled[5.5.1126~1-8c451]:AlignUtteranceWrapper():decoder-wrappers.cc:617) Retrying utterance m3_094 with beam 40
LOG (gmm-align-compiled[5.5.1126~1-8c451]:main():gmm-align-compiled.cc:127) m3_095
LOG (gmm-align-compiled[5.5.1126~1-8c451]:main():gmm-align-compiled.cc:127) m3_097
LOG (gmm-align-compiled[5.5.1126~1-8c451]:main():gmm-align-compiled.cc:127) m3_098
LOG (gmm-align-compiled[5.5.1126~1-8c451]:main():gmm-align-compiled.cc:127) m3_099
LOG (gmm-align-compiled[5.5.1126~1-8c451]:main():gmm-align-compiled.cc:127) m3_100
WARNING (gmm-align-compiled[5.5.1126~1-8c451]:AlignUtteranceWrapper():decoder-wrappers.cc:617) Retrying utterance m3_100 with beam 40
LOG (gmm-align-compiled[5.5.1126~1-8c451]:main():gmm-align-compiled.cc:127) m3_103
WARNING (gmm-align-compiled[5.5.1126~1-8c451]:AlignUtteranceWrapper():decoder-wrappers.cc:617) Retrying utterance m3_103 with beam 40
WARNING (gmm-align-compiled[5.5.1126~1-8c451]:AlignUtteranceWrapper():decoder-wrappers.cc:626) Did not successfully decode file m3_103, len = 445
LOG (gmm-align-compiled[5.5.1126~1-8c451]:main():gmm-align-compiled.cc:127) m3_104
LOG (gmm-align-compiled[5.5.1126~1-8c451]:main():gmm-align-compiled.cc:127) m3_105
LOG (gmm-align-compiled[5.5.1126~1-8c451]:main():gmm-align-compiled.cc:127) m3_107
LOG (gmm-align-compiled[5.5.1126~1-8c451]:main():gmm-align-compiled.cc:127) m3_108
LOG (gmm-align-compiled[5.5.1126~1-8c451]:main():gmm-align-compiled.cc:127) m3_109
LOG (gmm-align-compiled[5.5.1126~1-8c451]:main():gmm-align-compiled.cc:127) m3_110
LOG (gmm-align-compiled[5.5.1126~1-8c451]:main():gmm-align-compiled.cc:127) m3_112
LOG (gmm-align-compiled[5.5.1126~1-8c451]:main():gmm-align-compiled.cc:127) m3_113
LOG (gmm-align-compiled[5.5.1126~1-8c451]:main():gmm-align-compiled.cc:127) m3_115
LOG (gmm-align-compiled[5.5.1126~1-8c451]:main():gmm-align-compiled.cc:127) m3_117
LOG (gmm-align-compiled[5.5.1126~1-8c451]:main():gmm-align-compiled.cc:127) m3_118
LOG (gmm-align-compiled[5.5.1126~1-8c451]:main():gmm-align-compiled.cc:127) m3_119
WARNING (gmm-align-compiled[5.5.1126~1-8c451]:AlignUtteranceWrapper():decoder-wrappers.cc:617) Retrying utterance m3_119 with beam 40
LOG (gmm-align-compiled[5.5.1126~1-8c451]:main():gmm-align-compiled.cc:127) m3_120
WARNING (gmm-align-compiled[5.5.1126~1-8c451]:AlignUtteranceWrapper():decoder-wrappers.cc:617) Retrying utterance m3_120 with beam 40
LOG (gmm-align-compiled[5.5.1126~1-8c451]:main():gmm-align-compiled.cc:127) m3_122
LOG (gmm-align-compiled[5.5.1126~1-8c451]:main():gmm-align-compiled.cc:127) m3_123
WARNING (gmm-align-compiled[5.5.1126~1-8c451]:AlignUtteranceWrapper():decoder-wrappers.cc:617) Retrying utterance m3_123 with beam 40
LOG (gmm-align-compiled[5.5.1126~1-8c451]:main():gmm-align-compiled.cc:127) m3_124
LOG (gmm-align-compiled[5.5.1126~1-8c451]:main():gmm-align-compiled.cc:127) m3_125
LOG (gmm-align-compiled[5.5.1126~1-8c451]:main():gmm-align-compiled.cc:127) m3_128
WARNING (gmm-align-compiled[5.5.1126~1-8c451]:AlignUtteranceWrapper():decoder-wrappers.cc:617) Retrying utterance m3_128 with beam 40
LOG (gmm-align-compiled[5.5.1126~1-8c451]:main():gmm-align-compiled.cc:127) m3_129
LOG (gmm-align-compiled[5.5.1126~1-8c451]:main():gmm-align-compiled.cc:127) m3_130
WARNING (gmm-align-compiled[5.5.1126~1-8c451]:AlignUtteranceWrapper():decoder-wrappers.cc:617) Retrying utterance m3_130 with beam 40
LOG (gmm-align-compiled[5.5.1126~1-8c451]:main():gmm-align-compiled.cc:127) m3_132
LOG (gmm-align-compiled[5.5.1126~1-8c451]:main():gmm-align-compiled.cc:127) m3_133
WARNING (gmm-align-compiled[5.5.1126~1-8c451]:AlignUtteranceWrapper():decoder-wrappers.cc:617) Retrying utterance m3_133 with beam 40
LOG (gmm-align-compiled[5.5.1126~1-8c451]:main():gmm-align-compiled.cc:127) m3_134
LOG (gmm-align-compiled[5.5.1126~1-8c451]:main():gmm-align-compiled.cc:127) m3_135
LOG (gmm-align-compiled[5.5.1126~1-8c451]:main():gmm-align-compiled.cc:127) m3_137
LOG (gmm-align-compiled[5.5.1126~1-8c451]:main():gmm-align-compiled.cc:127) m3_138
LOG (gmm-align-compiled[5.5.1126~1-8c451]:main():gmm-align-compiled.cc:127) m3_140
LOG (gmm-align-compiled[5.5.1126~1-8c451]:main():gmm-align-compiled.cc:127) m3_142
LOG (gmm-align-compiled[5.5.1126~1-8c451]:main():gmm-align-compiled.cc:127) m3_143
LOG (gmm-align-compiled[5.5.1126~1-8c451]:main():gmm-align-compiled.cc:127) m3_144
WARNING (gmm-align-compiled[5.5.1126~1-8c451]:AlignUtteranceWrapper():decoder-wrappers.cc:617) Retrying utterance m3_144 with beam 40
LOG (gmm-align-compiled[5.5.1126~1-8c451]:main():gmm-align-compiled.cc:127) m3_145
WARNING (gmm-align-compiled[5.5.1126~1-8c451]:AlignUtteranceWrapper():decoder-wrappers.cc:617) Retrying utterance m3_145 with beam 40
LOG (gmm-align-compiled[5.5.1126~1-8c451]:main():gmm-align-compiled.cc:127) m3_147
LOG (gmm-align-compiled[5.5.1126~1-8c451]:main():gmm-align-compiled.cc:127) m3_148
LOG (gmm-align-compiled[5.5.1126~1-8c451]:main():gmm-align-compiled.cc:127) m3_149
LOG (gmm-align-compiled[5.5.1126~1-8c451]:main():gmm-align-compiled.cc:127) m3_150
WARNING (gmm-align-compiled[5.5.1126~1-8c451]:AlignUtteranceWrapper():decoder-wrappers.cc:617) Retrying utterance m3_150 with beam 40
LOG (gmm-align-compiled[5.5.1126~1-8c451]:main():gmm-align-compiled.cc:127) m3_153
LOG (gmm-align-compiled[5.5.1126~1-8c451]:main():gmm-align-compiled.cc:127) m3_154
WARNING (gmm-align-compiled[5.5.1126~1-8c451]:AlignUtteranceWrapper():decoder-wrappers.cc:617) Retrying utterance m3_154 with beam 40
LOG (gmm-align-compiled[5.5.1126~1-8c451]:main():gmm-align-compiled.cc:127) m3_155
LOG (gmm-align-compiled[5.5.1126~1-8c451]:main():gmm-align-compiled.cc:127) m3_157
LOG (gmm-align-compiled[5.5.1126~1-8c451]:main():gmm-align-compiled.cc:127) m3_158
LOG (gmm-align-compiled[5.5.1126~1-8c451]:main():gmm-align-compiled.cc:127) m3_159
LOG (gmm-align-compiled[5.5.1126~1-8c451]:main():gmm-align-compiled.cc:127) m3_160
WARNING (gmm-align-compiled[5.5.1126~1-8c451]:AlignUtteranceWrapper():decoder-wrappers.cc:617) Retrying utterance m3_160 with beam 40
LOG (gmm-align-compiled[5.5.1126~1-8c451]:main():gmm-align-compiled.cc:127) m3_162
LOG (gmm-align-compiled[5.5.1126~1-8c451]:main():gmm-align-compiled.cc:127) m3_163
WARNING (gmm-align-compiled[5.5.1126~1-8c451]:AlignUtteranceWrapper():decoder-wrappers.cc:617) Retrying utterance m3_163 with beam 40
LOG (gmm-align-compiled[5.5.1126~1-8c451]:main():gmm-align-compiled.cc:127) m3_165
WARNING (gmm-align-compiled[5.5.1126~1-8c451]:AlignUtteranceWrapper():decoder-wrappers.cc:617) Retrying utterance m3_165 with beam 40
LOG (gmm-align-compiled[5.5.1126~1-8c451]:main():gmm-align-compiled.cc:127) m3_167
LOG (gmm-align-compiled[5.5.1126~1-8c451]:main():gmm-align-compiled.cc:127) m3_168
LOG (gmm-align-compiled[5.5.1126~1-8c451]:main():gmm-align-compiled.cc:127) m3_169
LOG (gmm-align-compiled[5.5.1126~1-8c451]:main():gmm-align-compiled.cc:127) m3_170
WARNING (gmm-align-compiled[5.5.1126~1-8c451]:AlignUtteranceWrapper():decoder-wrappers.cc:617) Retrying utterance m3_170 with beam 40
LOG (gmm-align-compiled[5.5.1126~1-8c451]:main():gmm-align-compiled.cc:127) m3_172
WARNING (gmm-align-compiled[5.5.1126~1-8c451]:AlignUtteranceWrapper():decoder-wrappers.cc:617) Retrying utterance m3_172 with beam 40
LOG (gmm-align-compiled[5.5.1126~1-8c451]:main():gmm-align-compiled.cc:127) m3_173
LOG (gmm-align-compiled[5.5.1126~1-8c451]:main():gmm-align-compiled.cc:127) m3_174
LOG (gmm-align-compiled[5.5.1126~1-8c451]:main():gmm-align-compiled.cc:127) m3_175
LOG (gmm-align-compiled[5.5.1126~1-8c451]:main():gmm-align-compiled.cc:127) m3_178
LOG (gmm-align-compiled[5.5.1126~1-8c451]:main():gmm-align-compiled.cc:127) m3_179
LOG (gmm-align-compiled[5.5.1126~1-8c451]:main():gmm-align-compiled.cc:127) m3_180
LOG (gmm-align-compiled[5.5.1126~1-8c451]:main():gmm-align-compiled.cc:127) m3_182
WARNING (gmm-align-compiled[5.5.1126~1-8c451]:AlignUtteranceWrapper():decoder-wrappers.cc:617) Retrying utterance m3_182 with beam 40
LOG (gmm-align-compiled[5.5.1126~1-8c451]:main():gmm-align-compiled.cc:127) m3_183
WARNING (gmm-align-compiled[5.5.1126~1-8c451]:AlignUtteranceWrapper():decoder-wrappers.cc:617) Retrying utterance m3_183 with beam 40
LOG (gmm-align-compiled[5.5.1126~1-8c451]:main():gmm-align-compiled.cc:127) m3_184
LOG (gmm-align-compiled[5.5.1126~1-8c451]:main():gmm-align-compiled.cc:127) m3_185
WARNING (gmm-align-compiled[5.5.1126~1-8c451]:AlignUtteranceWrapper():decoder-wrappers.cc:617) Retrying utterance m3_185 with beam 40
LOG (gmm-align-compiled[5.5.1126~1-8c451]:main():gmm-align-compiled.cc:127) m3_187
LOG (gmm-align-compiled[5.5.1126~1-8c451]:main():gmm-align-compiled.cc:127) m3_188
WARNING (gmm-align-compiled[5.5.1126~1-8c451]:AlignUtteranceWrapper():decoder-wrappers.cc:617) Retrying utterance m3_188 with beam 40
LOG (gmm-align-compiled[5.5.1126~1-8c451]:main():gmm-align-compiled.cc:127) m3_190
WARNING (gmm-align-compiled[5.5.1126~1-8c451]:AlignUtteranceWrapper():decoder-wrappers.cc:617) Retrying utterance m3_190 with beam 40
LOG (gmm-align-compiled[5.5.1126~1-8c451]:main():gmm-align-compiled.cc:127) m3_192
WARNING (gmm-align-compiled[5.5.1126~1-8c451]:AlignUtteranceWrapper():decoder-wrappers.cc:617) Retrying utterance m3_192 with beam 40
LOG (gmm-align-compiled[5.5.1126~1-8c451]:main():gmm-align-compiled.cc:127) m3_193
WARNING (gmm-align-compiled[5.5.1126~1-8c451]:AlignUtteranceWrapper():decoder-wrappers.cc:617) Retrying utterance m3_193 with beam 40
LOG (gmm-align-compiled[5.5.1126~1-8c451]:main():gmm-align-compiled.cc:127) m3_194
LOG (gmm-align-compiled[5.5.1126~1-8c451]:main():gmm-align-compiled.cc:127) m3_195
WARNING (gmm-align-compiled[5.5.1126~1-8c451]:AlignUtteranceWrapper():decoder-wrappers.cc:617) Retrying utterance m3_195 with beam 40
LOG (gmm-align-compiled[5.5.1126~1-8c451]:main():gmm-align-compiled.cc:127) m3_197
WARNING (gmm-align-compiled[5.5.1126~1-8c451]:AlignUtteranceWrapper():decoder-wrappers.cc:617) Retrying utterance m3_197 with beam 40
LOG (gmm-align-compiled[5.5.1126~1-8c451]:main():gmm-align-compiled.cc:127) m3_198
WARNING (gmm-align-compiled[5.5.1126~1-8c451]:AlignUtteranceWrapper():decoder-wrappers.cc:617) Retrying utterance m3_198 with beam 40
LOG (gmm-align-compiled[5.5.1126~1-8c451]:main():gmm-align-compiled.cc:127) m3_199
LOG (gmm-align-compiled[5.5.1126~1-8c451]:main():gmm-align-compiled.cc:127) m3_200
LOG (gmm-align-compiled[5.5.1126~1-8c451]:main():gmm-align-compiled.cc:127) m3_203
WARNING (gmm-align-compiled[5.5.1126~1-8c451]:AlignUtteranceWrapper():decoder-wrappers.cc:617) Retrying utterance m3_203 with beam 40
LOG (gmm-align-compiled[5.5.1126~1-8c451]:main():gmm-align-compiled.cc:127) m3_204
LOG (gmm-align-compiled[5.5.1126~1-8c451]:main():gmm-align-compiled.cc:127) m3_205
LOG (gmm-align-compiled[5.5.1126~1-8c451]:main():gmm-align-compiled.cc:127) m3_207
WARNING (gmm-align-compiled[5.5.1126~1-8c451]:AlignUtteranceWrapper():decoder-wrappers.cc:617) Retrying utterance m3_207 with beam 40
LOG (gmm-align-compiled[5.5.1126~1-8c451]:main():gmm-align-compiled.cc:127) m3_208
WARNING (gmm-align-compiled[5.5.1126~1-8c451]:AlignUtteranceWrapper():decoder-wrappers.cc:617) Retrying utterance m3_208 with beam 40
LOG (gmm-align-compiled[5.5.1126~1-8c451]:main():gmm-align-compiled.cc:127) m3_209
LOG (gmm-align-compiled[5.5.1126~1-8c451]:main():gmm-align-compiled.cc:127) m3_210
WARNING (gmm-align-compiled[5.5.1126~1-8c451]:AlignUtteranceWrapper():decoder-wrappers.cc:617) Retrying utterance m3_210 with beam 40
LOG (gmm-align-compiled[5.5.1126~1-8c451]:main():gmm-align-compiled.cc:127) m3_212
LOG (gmm-align-compiled[5.5.1126~1-8c451]:main():gmm-align-compiled.cc:127) m3_213
LOG (gmm-align-compiled[5.5.1126~1-8c451]:main():gmm-align-compiled.cc:127) m3_215
LOG (gmm-align-compiled[5.5.1126~1-8c451]:main():gmm-align-compiled.cc:127) m3_217
WARNING (gmm-align-compiled[5.5.1126~1-8c451]:AlignUtteranceWrapper():decoder-wrappers.cc:617) Retrying utterance m3_217 with beam 40
LOG (gmm-align-compiled[5.5.1126~1-8c451]:main():gmm-align-compiled.cc:127) m3_218
WARNING (gmm-align-compiled[5.5.1126~1-8c451]:AlignUtteranceWrapper():decoder-wrappers.cc:617) Retrying utterance m3_218 with beam 40
WARNING (gmm-align-compiled[5.5.1126~1-8c451]:AlignUtteranceWrapper():decoder-wrappers.cc:626) Did not successfully decode file m3_218, len = 460
LOG (gmm-align-compiled[5.5.1126~1-8c451]:main():gmm-align-compiled.cc:127) m3_219
LOG (gmm-align-compiled[5.5.1126~1-8c451]:main():gmm-align-compiled.cc:127) m3_220
LOG (gmm-align-compiled[5.5.1126~1-8c451]:main():gmm-align-compiled.cc:127) m3_222
WARNING (gmm-align-compiled[5.5.1126~1-8c451]:AlignUtteranceWrapper():decoder-wrappers.cc:617) Retrying utterance m3_222 with beam 40
LOG (gmm-align-compiled[5.5.1126~1-8c451]:main():gmm-align-compiled.cc:127) m3_223
LOG (gmm-align-compiled[5.5.1126~1-8c451]:main():gmm-align-compiled.cc:127) m3_224
LOG (gmm-align-compiled[5.5.1126~1-8c451]:main():gmm-align-compiled.cc:127) m3_225
WARNING (gmm-align-compiled[5.5.1126~1-8c451]:AlignUtteranceWrapper():decoder-wrappers.cc:617) Retrying utterance m3_225 with beam 40
LOG (gmm-align-compiled[5.5.1126~1-8c451]:main():gmm-align-compiled.cc:127) m3_228
LOG (gmm-align-compiled[5.5.1126~1-8c451]:main():gmm-align-compiled.cc:127) m3_229
LOG (gmm-align-compiled[5.5.1126~1-8c451]:main():gmm-align-compiled.cc:127) m3_230
LOG (gmm-align-compiled[5.5.1126~1-8c451]:main():gmm-align-compiled.cc:127) m3_232
LOG (gmm-align-compiled[5.5.1126~1-8c451]:main():gmm-align-compiled.cc:127) m3_233
LOG (gmm-align-compiled[5.5.1126~1-8c451]:main():gmm-align-compiled.cc:127) m3_234
WARNING (gmm-align-compiled[5.5.1126~1-8c451]:AlignUtteranceWrapper():decoder-wrappers.cc:617) Retrying utterance m3_234 with beam 40
LOG (gmm-align-compiled[5.5.1126~1-8c451]:main():gmm-align-compiled.cc:127) m3_235
LOG (gmm-align-compiled[5.5.1126~1-8c451]:main():gmm-align-compiled.cc:127) m3_237
LOG (gmm-align-compiled[5.5.1126~1-8c451]:main():gmm-align-compiled.cc:127) m3_238
WARNING (gmm-align-compiled[5.5.1126~1-8c451]:AlignUtteranceWrapper():decoder-wrappers.cc:617) Retrying utterance m3_238 with beam 40
LOG (gmm-align-compiled[5.5.1126~1-8c451]:main():gmm-align-compiled.cc:127) m3_240
WARNING (gmm-align-compiled[5.5.1126~1-8c451]:AlignUtteranceWrapper():decoder-wrappers.cc:617) Retrying utterance m3_240 with beam 40
LOG (gmm-align-compiled[5.5.1126~1-8c451]:main():gmm-align-compiled.cc:127) m3_242
LOG (gmm-align-compiled[5.5.1126~1-8c451]:main():gmm-align-compiled.cc:127) m3_243
LOG (gmm-align-compiled[5.5.1126~1-8c451]:main():gmm-align-compiled.cc:127) m3_244
LOG (gmm-align-compiled[5.5.1126~1-8c451]:main():gmm-align-compiled.cc:127) m3_245
LOG (gmm-align-compiled[5.5.1126~1-8c451]:main():gmm-align-compiled.cc:127) m3_247
WARNING (gmm-align-compiled[5.5.1126~1-8c451]:AlignUtteranceWrapper():decoder-wrappers.cc:617) Retrying utterance m3_247 with beam 40
LOG (gmm-align-compiled[5.5.1126~1-8c451]:main():gmm-align-compiled.cc:127) m3_248
WARNING (gmm-align-compiled[5.5.1126~1-8c451]:AlignUtteranceWrapper():decoder-wrappers.cc:617) Retrying utterance m3_248 with beam 40
LOG (gmm-align-compiled[5.5.1126~1-8c451]:main():gmm-align-compiled.cc:127) m3_249
WARNING (gmm-align-compiled[5.5.1126~1-8c451]:AlignUtteranceWrapper():decoder-wrappers.cc:617) Retrying utterance m3_249 with beam 40
WARNING (gmm-align-compiled[5.5.1126~1-8c451]:AlignUtteranceWrapper():decoder-wrappers.cc:626) Did not successfully decode file m3_249, len = 402
LOG (gmm-align-compiled[5.5.1126~1-8c451]:main():gmm-align-compiled.cc:127) m3_250
WARNING (gmm-align-compiled[5.5.1126~1-8c451]:AlignUtteranceWrapper():decoder-wrappers.cc:617) Retrying utterance m3_250 with beam 40
LOG (gmm-align-compiled[5.5.1126~1-8c451]:main():gmm-align-compiled.cc:127) m3_253
LOG (gmm-align-compiled[5.5.1126~1-8c451]:main():gmm-align-compiled.cc:127) m3_254
LOG (gmm-align-compiled[5.5.1126~1-8c451]:main():gmm-align-compiled.cc:127) m3_255
WARNING (gmm-align-compiled[5.5.1126~1-8c451]:AlignUtteranceWrapper():decoder-wrappers.cc:617) Retrying utterance m3_255 with beam 40
LOG (gmm-align-compiled[5.5.1126~1-8c451]:main():gmm-align-compiled.cc:127) m3_257
LOG (gmm-align-compiled[5.5.1126~1-8c451]:main():gmm-align-compiled.cc:127) m3_258
LOG (gmm-align-compiled[5.5.1126~1-8c451]:main():gmm-align-compiled.cc:127) m3_259
WARNING (gmm-align-compiled[5.5.1126~1-8c451]:AlignUtteranceWrapper():decoder-wrappers.cc:617) Retrying utterance m3_259 with beam 40
LOG (gmm-align-compiled[5.5.1126~1-8c451]:main():gmm-align-compiled.cc:127) m3_260
WARNING (gmm-align-compiled[5.5.1126~1-8c451]:AlignUtteranceWrapper():decoder-wrappers.cc:617) Retrying utterance m3_260 with beam 40
LOG (gmm-align-compiled[5.5.1126~1-8c451]:main():gmm-align-compiled.cc:127) m3_262
LOG (gmm-align-compiled[5.5.1126~1-8c451]:main():gmm-align-compiled.cc:127) m3_263
LOG (gmm-align-compiled[5.5.1126~1-8c451]:main():gmm-align-compiled.cc:127) m3_265
WARNING (gmm-align-compiled[5.5.1126~1-8c451]:AlignUtteranceWrapper():decoder-wrappers.cc:617) Retrying utterance m3_265 with beam 40
LOG (gmm-align-compiled[5.5.1126~1-8c451]:main():gmm-align-compiled.cc:127) m3_267
WARNING (gmm-align-compiled[5.5.1126~1-8c451]:AlignUtteranceWrapper():decoder-wrappers.cc:617) Retrying utterance m3_267 with beam 40
LOG (gmm-align-compiled[5.5.1126~1-8c451]:main():gmm-align-compiled.cc:127) m3_268
LOG (gmm-align-compiled[5.5.1126~1-8c451]:main():gmm-align-compiled.cc:127) m3_269
WARNING (gmm-align-compiled[5.5.1126~1-8c451]:AlignUtteranceWrapper():decoder-wrappers.cc:617) Retrying utterance m3_269 with beam 40
LOG (gmm-align-compiled[5.5.1126~1-8c451]:main():gmm-align-compiled.cc:127) m3_270
LOG (gmm-align-compiled[5.5.1126~1-8c451]:main():gmm-align-compiled.cc:127) m3_272
LOG (gmm-align-compiled[5.5.1126~1-8c451]:main():gmm-align-compiled.cc:127) m3_273
LOG (gmm-align-compiled[5.5.1126~1-8c451]:main():gmm-align-compiled.cc:127) m3_274
WARNING (gmm-align-compiled[5.5.1126~1-8c451]:AlignUtteranceWrapper():decoder-wrappers.cc:617) Retrying utterance m3_274 with beam 40
LOG (gmm-align-compiled[5.5.1126~1-8c451]:main():gmm-align-compiled.cc:127) m3_275
LOG (gmm-align-compiled[5.5.1126~1-8c451]:main():gmm-align-compiled.cc:127) m3_278
LOG (gmm-align-compiled[5.5.1126~1-8c451]:main():gmm-align-compiled.cc:127) m3_279
WARNING (gmm-align-compiled[5.5.1126~1-8c451]:AlignUtteranceWrapper():decoder-wrappers.cc:617) Retrying utterance m3_279 with beam 40
LOG (gmm-align-compiled[5.5.1126~1-8c451]:main():gmm-align-compiled.cc:127) m3_280
WARNING (gmm-align-compiled[5.5.1126~1-8c451]:AlignUtteranceWrapper():decoder-wrappers.cc:617) Retrying utterance m3_280 with beam 40
LOG (gmm-align-compiled[5.5.1126~1-8c451]:main():gmm-align-compiled.cc:127) m3_282
WARNING (gmm-align-compiled[5.5.1126~1-8c451]:AlignUtteranceWrapper():decoder-wrappers.cc:617) Retrying utterance m3_282 with beam 40
LOG (gmm-align-compiled[5.5.1126~1-8c451]:main():gmm-align-compiled.cc:127) m3_283
WARNING (gmm-align-compiled[5.5.1126~1-8c451]:AlignUtteranceWrapper():decoder-wrappers.cc:617) Retrying utterance m3_283 with beam 40
LOG (gmm-align-compiled[5.5.1126~1-8c451]:main():gmm-align-compiled.cc:127) m3_284
WARNING (gmm-align-compiled[5.5.1126~1-8c451]:AlignUtteranceWrapper():decoder-wrappers.cc:617) Retrying utterance m3_284 with beam 40
LOG (gmm-align-compiled[5.5.1126~1-8c451]:main():gmm-align-compiled.cc:127) m3_285
WARNING (gmm-align-compiled[5.5.1126~1-8c451]:AlignUtteranceWrapper():decoder-wrappers.cc:617) Retrying utterance m3_285 with beam 40
LOG (gmm-align-compiled[5.5.1126~1-8c451]:main():gmm-align-compiled.cc:127) m3_287
WARNING (gmm-align-compiled[5.5.1126~1-8c451]:AlignUtteranceWrapper():decoder-wrappers.cc:617) Retrying utterance m3_287 with beam 40
LOG (gmm-align-compiled[5.5.1126~1-8c451]:main():gmm-align-compiled.cc:127) m3_288
WARNING (gmm-align-compiled[5.5.1126~1-8c451]:AlignUtteranceWrapper():decoder-wrappers.cc:617) Retrying utterance m3_288 with beam 40
LOG (gmm-align-compiled[5.5.1126~1-8c451]:main():gmm-align-compiled.cc:127) m3_290
WARNING (gmm-align-compiled[5.5.1126~1-8c451]:AlignUtteranceWrapper():decoder-wrappers.cc:617) Retrying utterance m3_290 with beam 40
LOG (gmm-align-compiled[5.5.1126~1-8c451]:main():gmm-align-compiled.cc:127) m3_292
WARNING (gmm-align-compiled[5.5.1126~1-8c451]:AlignUtteranceWrapper():decoder-wrappers.cc:617) Retrying utterance m3_292 with beam 40
LOG (gmm-align-compiled[5.5.1126~1-8c451]:main():gmm-align-compiled.cc:127) m3_293
WARNING (gmm-align-compiled[5.5.1126~1-8c451]:AlignUtteranceWrapper():decoder-wrappers.cc:617) Retrying utterance m3_293 with beam 40
LOG (gmm-align-compiled[5.5.1126~1-8c451]:main():gmm-align-compiled.cc:127) m3_294
WARNING (gmm-align-compiled[5.5.1126~1-8c451]:AlignUtteranceWrapper():decoder-wrappers.cc:617) Retrying utterance m3_294 with beam 40
LOG (gmm-align-compiled[5.5.1126~1-8c451]:main():gmm-align-compiled.cc:127) m3_295
LOG (gmm-align-compiled[5.5.1126~1-8c451]:main():gmm-align-compiled.cc:127) m3_297
WARNING (gmm-align-compiled[5.5.1126~1-8c451]:AlignUtteranceWrapper():decoder-wrappers.cc:617) Retrying utterance m3_297 with beam 40
LOG (gmm-align-compiled[5.5.1126~1-8c451]:main():gmm-align-compiled.cc:127) m3_298
LOG (gmm-align-compiled[5.5.1126~1-8c451]:main():gmm-align-compiled.cc:127) m3_299
WARNING (gmm-align-compiled[5.5.1126~1-8c451]:AlignUtteranceWrapper():decoder-wrappers.cc:617) Retrying utterance m3_299 with beam 40
LOG (gmm-align-compiled[5.5.1126~1-8c451]:main():gmm-align-compiled.cc:127) m3_300
WARNING (gmm-align-compiled[5.5.1126~1-8c451]:AlignUtteranceWrapper():decoder-wrappers.cc:617) Retrying utterance m3_300 with beam 40
LOG (gmm-align-compiled[5.5.1126~1-8c451]:main():gmm-align-compiled.cc:127) m3_303
WARNING (gmm-align-compiled[5.5.1126~1-8c451]:AlignUtteranceWrapper():decoder-wrappers.cc:617) Retrying utterance m3_303 with beam 40
LOG (gmm-align-compiled[5.5.1126~1-8c451]:main():gmm-align-compiled.cc:127) m3_304
WARNING (gmm-align-compiled[5.5.1126~1-8c451]:AlignUtteranceWrapper():decoder-wrappers.cc:617) Retrying utterance m3_304 with beam 40
LOG (gmm-align-compiled[5.5.1126~1-8c451]:main():gmm-align-compiled.cc:127) m3_305
WARNING (gmm-align-compiled[5.5.1126~1-8c451]:AlignUtteranceWrapper():decoder-wrappers.cc:617) Retrying utterance m3_305 with beam 40
LOG (gmm-align-compiled[5.5.1126~1-8c451]:main():gmm-align-compiled.cc:127) m3_307
WARNING (gmm-align-compiled[5.5.1126~1-8c451]:AlignUtteranceWrapper():decoder-wrappers.cc:617) Retrying utterance m3_307 with beam 40
LOG (gmm-align-compiled[5.5.1126~1-8c451]:main():gmm-align-compiled.cc:127) m3_308
LOG (gmm-align-compiled[5.5.1126~1-8c451]:main():gmm-align-compiled.cc:127) m3_309
WARNING (gmm-align-compiled[5.5.1126~1-8c451]:AlignUtteranceWrapper():decoder-wrappers.cc:617) Retrying utterance m3_309 with beam 40
LOG (gmm-align-compiled[5.5.1126~1-8c451]:main():gmm-align-compiled.cc:127) m3_310
LOG (gmm-align-compiled[5.5.1126~1-8c451]:main():gmm-align-compiled.cc:127) m3_312
WARNING (gmm-align-compiled[5.5.1126~1-8c451]:AlignUtteranceWrapper():decoder-wrappers.cc:617) Retrying utterance m3_312 with beam 40
LOG (gmm-align-compiled[5.5.1126~1-8c451]:main():gmm-align-compiled.cc:127) m3_313
WARNING (gmm-align-compiled[5.5.1126~1-8c451]:AlignUtteranceWrapper():decoder-wrappers.cc:617) Retrying utterance m3_313 with beam 40
LOG (gmm-align-compiled[5.5.1126~1-8c451]:main():gmm-align-compiled.cc:127) m3_315
WARNING (gmm-align-compiled[5.5.1126~1-8c451]:AlignUtteranceWrapper():decoder-wrappers.cc:617) Retrying utterance m3_315 with beam 40
LOG (gmm-align-compiled[5.5.1126~1-8c451]:main():gmm-align-compiled.cc:127) m3_317
LOG (gmm-align-compiled[5.5.1126~1-8c451]:main():gmm-align-compiled.cc:127) m3_318
WARNING (gmm-align-compiled[5.5.1126~1-8c451]:AlignUtteranceWrapper():decoder-wrappers.cc:617) Retrying utterance m3_318 with beam 40
LOG (gmm-align-compiled[5.5.1126~1-8c451]:main():gmm-align-compiled.cc:127) m3_319
WARNING (gmm-align-compiled[5.5.1126~1-8c451]:AlignUtteranceWrapper():decoder-wrappers.cc:617) Retrying utterance m3_319 with beam 40
LOG (gmm-align-compiled[5.5.1126~1-8c451]:main():gmm-align-compiled.cc:127) m3_320
WARNING (gmm-align-compiled[5.5.1126~1-8c451]:AlignUtteranceWrapper():decoder-wrappers.cc:617) Retrying utterance m3_320 with beam 40
LOG (gmm-align-compiled[5.5.1126~1-8c451]:main():gmm-align-compiled.cc:127) m3_322
WARNING (gmm-align-compiled[5.5.1126~1-8c451]:AlignUtteranceWrapper():decoder-wrappers.cc:617) Retrying utterance m3_322 with beam 40
LOG (gmm-align-compiled[5.5.1126~1-8c451]:main():gmm-align-compiled.cc:127) m3_323
LOG (gmm-align-compiled[5.5.1126~1-8c451]:main():gmm-align-compiled.cc:127) m3_324
LOG (gmm-align-compiled[5.5.1126~1-8c451]:main():gmm-align-compiled.cc:127) m3_325
LOG (gmm-align-compiled[5.5.1126~1-8c451]:main():gmm-align-compiled.cc:127) m3_328
LOG (gmm-align-compiled[5.5.1126~1-8c451]:main():gmm-align-compiled.cc:127) m3_329
WARNING (gmm-align-compiled[5.5.1126~1-8c451]:AlignUtteranceWrapper():decoder-wrappers.cc:617) Retrying utterance m3_329 with beam 40
LOG (gmm-align-compiled[5.5.1126~1-8c451]:main():gmm-align-compiled.cc:127) m3_330
WARNING (gmm-align-compiled[5.5.1126~1-8c451]:AlignUtteranceWrapper():decoder-wrappers.cc:617) Retrying utterance m3_330 with beam 40
LOG (gmm-align-compiled[5.5.1126~1-8c451]:main():gmm-align-compiled.cc:127) m3_332
WARNING (gmm-align-compiled[5.5.1126~1-8c451]:AlignUtteranceWrapper():decoder-wrappers.cc:617) Retrying utterance m3_332 with beam 40
LOG (gmm-align-compiled[5.5.1126~1-8c451]:main():gmm-align-compiled.cc:127) m3_333
LOG (gmm-align-compiled[5.5.1126~1-8c451]:main():gmm-align-compiled.cc:127) m3_334
WARNING (gmm-align-compiled[5.5.1126~1-8c451]:AlignUtteranceWrapper():decoder-wrappers.cc:617) Retrying utterance m3_334 with beam 40
LOG (gmm-align-compiled[5.5.1126~1-8c451]:main():gmm-align-compiled.cc:127) m3_335
LOG (gmm-align-compiled[5.5.1126~1-8c451]:main():gmm-align-compiled.cc:127) m3_337
WARNING (gmm-align-compiled[5.5.1126~1-8c451]:AlignUtteranceWrapper():decoder-wrappers.cc:617) Retrying utterance m3_337 with beam 40
LOG (gmm-align-compiled[5.5.1126~1-8c451]:main():gmm-align-compiled.cc:127) m3_338
LOG (gmm-align-compiled[5.5.1126~1-8c451]:main():gmm-align-compiled.cc:127) m3_340
LOG (gmm-align-compiled[5.5.1126~1-8c451]:main():gmm-align-compiled.cc:127) m3_342
LOG (gmm-align-compiled[5.5.1126~1-8c451]:main():gmm-align-compiled.cc:127) m3_343
LOG (gmm-align-compiled[5.5.1126~1-8c451]:main():gmm-align-compiled.cc:127) m3_344
LOG (gmm-align-compiled[5.5.1126~1-8c451]:main():gmm-align-compiled.cc:127) m3_345
LOG (gmm-align-compiled[5.5.1126~1-8c451]:main():gmm-align-compiled.cc:127) m3_347
LOG (gmm-align-compiled[5.5.1126~1-8c451]:main():gmm-align-compiled.cc:127) m3_348
LOG (gmm-align-compiled[5.5.1126~1-8c451]:main():gmm-align-compiled.cc:127) m3_349
WARNING (gmm-align-compiled[5.5.1126~1-8c451]:AlignUtteranceWrapper():decoder-wrappers.cc:617) Retrying utterance m3_349 with beam 40
LOG (gmm-align-compiled[5.5.1126~1-8c451]:main():gmm-align-compiled.cc:127) m3_350
LOG (gmm-align-compiled[5.5.1126~1-8c451]:main():gmm-align-compiled.cc:127) m3_353
WARNING (gmm-align-compiled[5.5.1126~1-8c451]:AlignUtteranceWrapper():decoder-wrappers.cc:617) Retrying utterance m3_353 with beam 40
LOG (gmm-align-compiled[5.5.1126~1-8c451]:main():gmm-align-compiled.cc:127) m3_354
WARNING (gmm-align-compiled[5.5.1126~1-8c451]:AlignUtteranceWrapper():decoder-wrappers.cc:617) Retrying utterance m3_354 with beam 40
LOG (gmm-align-compiled[5.5.1126~1-8c451]:main():gmm-align-compiled.cc:127) m3_355
WARNING (gmm-align-compiled[5.5.1126~1-8c451]:AlignUtteranceWrapper():decoder-wrappers.cc:617) Retrying utterance m3_355 with beam 40
LOG (gmm-align-compiled[5.5.1126~1-8c451]:main():gmm-align-compiled.cc:127) m3_357
WARNING (gmm-align-compiled[5.5.1126~1-8c451]:AlignUtteranceWrapper():decoder-wrappers.cc:617) Retrying utterance m3_357 with beam 40
LOG (gmm-align-compiled[5.5.1126~1-8c451]:main():gmm-align-compiled.cc:127) m3_358
LOG (gmm-align-compiled[5.5.1126~1-8c451]:main():gmm-align-compiled.cc:127) m3_359
LOG (gmm-align-compiled[5.5.1126~1-8c451]:main():gmm-align-compiled.cc:127) m3_360
WARNING (gmm-align-compiled[5.5.1126~1-8c451]:AlignUtteranceWrapper():decoder-wrappers.cc:617) Retrying utterance m3_360 with beam 40
LOG (gmm-align-compiled[5.5.1126~1-8c451]:main():gmm-align-compiled.cc:127) m3_362
LOG (gmm-align-compiled[5.5.1126~1-8c451]:main():gmm-align-compiled.cc:127) m3_363
LOG (gmm-align-compiled[5.5.1126~1-8c451]:main():gmm-align-compiled.cc:127) m3_365
LOG (gmm-align-compiled[5.5.1126~1-8c451]:main():gmm-align-compiled.cc:127) m3_367
WARNING (gmm-align-compiled[5.5.1126~1-8c451]:AlignUtteranceWrapper():decoder-wrappers.cc:617) Retrying utterance m3_367 with beam 40
LOG (gmm-align-compiled[5.5.1126~1-8c451]:main():gmm-align-compiled.cc:127) m3_368
WARNING (gmm-align-compiled[5.5.1126~1-8c451]:AlignUtteranceWrapper():decoder-wrappers.cc:617) Retrying utterance m3_368 with beam 40
LOG (gmm-align-compiled[5.5.1126~1-8c451]:main():gmm-align-compiled.cc:127) m3_369
WARNING (gmm-align-compiled[5.5.1126~1-8c451]:AlignUtteranceWrapper():decoder-wrappers.cc:617) Retrying utterance m3_369 with beam 40
LOG (gmm-align-compiled[5.5.1126~1-8c451]:main():gmm-align-compiled.cc:127) m3_370
LOG (gmm-align-compiled[5.5.1126~1-8c451]:main():gmm-align-compiled.cc:127) m3_372
LOG (gmm-align-compiled[5.5.1126~1-8c451]:main():gmm-align-compiled.cc:127) m3_373
WARNING (gmm-align-compiled[5.5.1126~1-8c451]:AlignUtteranceWrapper():decoder-wrappers.cc:617) Retrying utterance m3_373 with beam 40
LOG (gmm-align-compiled[5.5.1126~1-8c451]:main():gmm-align-compiled.cc:127) m3_374
WARNING (gmm-align-compiled[5.5.1126~1-8c451]:AlignUtteranceWrapper():decoder-wrappers.cc:617) Retrying utterance m3_374 with beam 40
LOG (gmm-align-compiled[5.5.1126~1-8c451]:main():gmm-align-compiled.cc:127) m3_375
LOG (gmm-align-compiled[5.5.1126~1-8c451]:main():gmm-align-compiled.cc:127) m3_378
LOG (gmm-align-compiled[5.5.1126~1-8c451]:main():gmm-align-compiled.cc:127) m3_379
WARNING (gmm-align-compiled[5.5.1126~1-8c451]:AlignUtteranceWrapper():decoder-wrappers.cc:617) Retrying utterance m3_379 with beam 40
LOG (gmm-align-compiled[5.5.1126~1-8c451]:main():gmm-align-compiled.cc:127) m3_380
LOG (gmm-align-compiled[5.5.1126~1-8c451]:main():gmm-align-compiled.cc:127) m3_382
WARNING (gmm-align-compiled[5.5.1126~1-8c451]:AlignUtteranceWrapper():decoder-wrappers.cc:617) Retrying utterance m3_382 with beam 40
LOG (gmm-align-compiled[5.5.1126~1-8c451]:main():gmm-align-compiled.cc:127) m3_383
LOG (gmm-align-compiled[5.5.1126~1-8c451]:main():gmm-align-compiled.cc:127) m3_384
LOG (gmm-align-compiled[5.5.1126~1-8c451]:main():gmm-align-compiled.cc:127) m3_385
WARNING (gmm-align-compiled[5.5.1126~1-8c451]:AlignUtteranceWrapper():decoder-wrappers.cc:617) Retrying utterance m3_385 with beam 40
LOG (gmm-align-compiled[5.5.1126~1-8c451]:main():gmm-align-compiled.cc:127) m3_387
WARNING (gmm-align-compiled[5.5.1126~1-8c451]:AlignUtteranceWrapper():decoder-wrappers.cc:617) Retrying utterance m3_387 with beam 40
LOG (gmm-align-compiled[5.5.1126~1-8c451]:main():gmm-align-compiled.cc:127) m3_388
LOG (gmm-align-compiled[5.5.1126~1-8c451]:main():gmm-align-compiled.cc:127) m3_390
LOG (gmm-align-compiled[5.5.1126~1-8c451]:main():gmm-align-compiled.cc:127) m3_392
LOG (gmm-align-compiled[5.5.1126~1-8c451]:main():gmm-align-compiled.cc:127) m3_393
LOG (gmm-align-compiled[5.5.1126~1-8c451]:main():gmm-align-compiled.cc:127) m3_394
WARNING (gmm-align-compiled[5.5.1126~1-8c451]:AlignUtteranceWrapper():decoder-wrappers.cc:617) Retrying utterance m3_394 with beam 40
LOG (gmm-align-compiled[5.5.1126~1-8c451]:main():gmm-align-compiled.cc:127) m3_395
LOG (gmm-align-compiled[5.5.1126~1-8c451]:main():gmm-align-compiled.cc:127) m3_397
WARNING (gmm-align-compiled[5.5.1126~1-8c451]:AlignUtteranceWrapper():decoder-wrappers.cc:617) Retrying utterance m3_397 with beam 40
LOG (gmm-align-compiled[5.5.1126~1-8c451]:main():gmm-align-compiled.cc:127) m3_398
WARNING (gmm-align-compiled[5.5.1126~1-8c451]:AlignUtteranceWrapper():decoder-wrappers.cc:617) Retrying utterance m3_398 with beam 40
LOG (gmm-align-compiled[5.5.1126~1-8c451]:main():gmm-align-compiled.cc:127) m3_399
WARNING (gmm-align-compiled[5.5.1126~1-8c451]:AlignUtteranceWrapper():decoder-wrappers.cc:617) Retrying utterance m3_399 with beam 40
LOG (gmm-align-compiled[5.5.1126~1-8c451]:main():gmm-align-compiled.cc:127) m3_400
LOG (gmm-align-compiled[5.5.1126~1-8c451]:main():gmm-align-compiled.cc:127) m3_403
LOG (gmm-align-compiled[5.5.1126~1-8c451]:main():gmm-align-compiled.cc:127) m3_404
LOG (gmm-align-compiled[5.5.1126~1-8c451]:main():gmm-align-compiled.cc:127) m3_405
WARNING (gmm-align-compiled[5.5.1126~1-8c451]:AlignUtteranceWrapper():decoder-wrappers.cc:617) Retrying utterance m3_405 with beam 40
LOG (gmm-align-compiled[5.5.1126~1-8c451]:main():gmm-align-compiled.cc:127) m3_407
LOG (gmm-align-compiled[5.5.1126~1-8c451]:main():gmm-align-compiled.cc:127) m3_408
LOG (gmm-align-compiled[5.5.1126~1-8c451]:main():gmm-align-compiled.cc:127) m3_409
LOG (gmm-align-compiled[5.5.1126~1-8c451]:main():gmm-align-compiled.cc:127) m3_410
LOG (gmm-align-compiled[5.5.1126~1-8c451]:main():gmm-align-compiled.cc:127) m3_412
LOG (gmm-align-compiled[5.5.1126~1-8c451]:main():gmm-align-compiled.cc:127) m3_413
LOG (gmm-align-compiled[5.5.1126~1-8c451]:main():gmm-align-compiled.cc:127) m3_415
LOG (gmm-align-compiled[5.5.1126~1-8c451]:main():gmm-align-compiled.cc:127) m3_417
LOG (gmm-align-compiled[5.5.1126~1-8c451]:main():gmm-align-compiled.cc:127) m3_418
LOG (gmm-align-compiled[5.5.1126~1-8c451]:main():gmm-align-compiled.cc:127) m3_419
LOG (gmm-align-compiled[5.5.1126~1-8c451]:main():gmm-align-compiled.cc:127) m3_420
WARNING (gmm-align-compiled[5.5.1126~1-8c451]:AlignUtteranceWrapper():decoder-wrappers.cc:617) Retrying utterance m3_420 with beam 40
LOG (gmm-align-compiled[5.5.1126~1-8c451]:main():gmm-align-compiled.cc:127) m3_422
LOG (gmm-align-compiled[5.5.1126~1-8c451]:main():gmm-align-compiled.cc:127) m3_423
LOG (gmm-align-compiled[5.5.1126~1-8c451]:main():gmm-align-compiled.cc:127) m3_424
LOG (gmm-align-compiled[5.5.1126~1-8c451]:main():gmm-align-compiled.cc:127) m3_425
LOG (gmm-align-compiled[5.5.1126~1-8c451]:main():gmm-align-compiled.cc:127) m3_428
WARNING (gmm-align-compiled[5.5.1126~1-8c451]:AlignUtteranceWrapper():decoder-wrappers.cc:617) Retrying utterance m3_428 with beam 40
LOG (gmm-align-compiled[5.5.1126~1-8c451]:main():gmm-align-compiled.cc:127) m3_429
LOG (gmm-align-compiled[5.5.1126~1-8c451]:main():gmm-align-compiled.cc:127) m3_430
LOG (gmm-align-compiled[5.5.1126~1-8c451]:main():gmm-align-compiled.cc:127) m3_432
LOG (gmm-align-compiled[5.5.1126~1-8c451]:main():gmm-align-compiled.cc:127) m3_433
LOG (gmm-align-compiled[5.5.1126~1-8c451]:main():gmm-align-compiled.cc:127) m3_434
LOG (gmm-align-compiled[5.5.1126~1-8c451]:main():gmm-align-compiled.cc:127) m3_435
WARNING (gmm-align-compiled[5.5.1126~1-8c451]:AlignUtteranceWrapper():decoder-wrappers.cc:617) Retrying utterance m3_435 with beam 40
LOG (gmm-align-compiled[5.5.1126~1-8c451]:main():gmm-align-compiled.cc:127) m3_437
LOG (gmm-align-compiled[5.5.1126~1-8c451]:main():gmm-align-compiled.cc:127) m3_438
LOG (gmm-align-compiled[5.5.1126~1-8c451]:main():gmm-align-compiled.cc:127) m3_440
WARNING (gmm-align-compiled[5.5.1126~1-8c451]:AlignUtteranceWrapper():decoder-wrappers.cc:617) Retrying utterance m3_440 with beam 40
LOG (gmm-align-compiled[5.5.1126~1-8c451]:main():gmm-align-compiled.cc:127) m3_442
LOG (gmm-align-compiled[5.5.1126~1-8c451]:main():gmm-align-compiled.cc:127) m3_443
WARNING (gmm-align-compiled[5.5.1126~1-8c451]:AlignUtteranceWrapper():decoder-wrappers.cc:617) Retrying utterance m3_443 with beam 40
LOG (gmm-align-compiled[5.5.1126~1-8c451]:main():gmm-align-compiled.cc:127) m3_444
LOG (gmm-align-compiled[5.5.1126~1-8c451]:main():gmm-align-compiled.cc:127) m3_445
WARNING (gmm-align-compiled[5.5.1126~1-8c451]:AlignUtteranceWrapper():decoder-wrappers.cc:617) Retrying utterance m3_445 with beam 40
LOG (gmm-align-compiled[5.5.1126~1-8c451]:main():gmm-align-compiled.cc:127) m3_447
WARNING (gmm-align-compiled[5.5.1126~1-8c451]:AlignUtteranceWrapper():decoder-wrappers.cc:617) Retrying utterance m3_447 with beam 40
LOG (gmm-align-compiled[5.5.1126~1-8c451]:main():gmm-align-compiled.cc:127) m3_448
LOG (gmm-align-compiled[5.5.1126~1-8c451]:main():gmm-align-compiled.cc:127) m3_449
LOG (gmm-align-compiled[5.5.1126~1-8c451]:main():gmm-align-compiled.cc:127) m3_450
LOG (gmm-align-compiled[5.5.1126~1-8c451]:main():gmm-align-compiled.cc:127) m3_453
LOG (gmm-align-compiled[5.5.1126~1-8c451]:main():gmm-align-compiled.cc:127) m3_454
LOG (gmm-align-compiled[5.5.1126~1-8c451]:main():gmm-align-compiled.cc:127) m3_455
LOG (gmm-align-compiled[5.5.1126~1-8c451]:main():gmm-align-compiled.cc:127) m3_457
LOG (apply-cmvn[5.5.1126~1-8c451]:main():apply-cmvn.cc:162) Applied cepstral mean normalization to 331 utterances, errors on 0
LOG (gmm-align-compiled[5.5.1126~1-8c451]:main():gmm-align-compiled.cc:127) m3_458
LOG (gmm-align-compiled[5.5.1126~1-8c451]:main():gmm-align-compiled.cc:127) m3_459
LOG (gmm-align-compiled[5.5.1126~1-8c451]:main():gmm-align-compiled.cc:127) m3_460
WARNING (gmm-align-compiled[5.5.1126~1-8c451]:AlignUtteranceWrapper():decoder-wrappers.cc:617) Retrying utterance m3_460 with beam 40
LOG (gmm-align-compiled[5.5.1126~1-8c451]:main():gmm-align-compiled.cc:135) Overall log-likelihood per frame is -91.4765 over 148444 frames.
LOG (gmm-align-compiled[5.5.1126~1-8c451]:main():gmm-align-compiled.cc:137) Retried 137 out of 331 utterances.
LOG (gmm-align-compiled[5.5.1126~1-8c451]:main():gmm-align-compiled.cc:139) Done 328, errors on 3
# Accounting: time=12 threads=1
# Ended (code 0) at Sun May  5 02:11:16 EEST 2024, elapsed time 12 seconds
