# gmm-init-mono --shared-phones=data/lang/phones/sets.int "--train-feats=ark,s,cs:apply-cmvn  --utt2spk=ark:data/train/split4/1/utt2spk scp:data/train/split4/1/cmvn.scp scp:data/train/split4/1/feats.scp ark:- | add-deltas  ark:- ark:- | subset-feats --n=10 ark:- ark:-|" data/lang/topo 39 exp/mono/0.mdl exp/mono/tree 
# Started at Sun May  5 04:33:04 EEST 2024
#
gmm-init-mono --shared-phones=data/lang/phones/sets.int '--train-feats=ark,s,cs:apply-cmvn  --utt2spk=ark:data/train/split4/1/utt2spk scp:data/train/split4/1/cmvn.scp scp:data/train/split4/1/feats.scp ark:- | add-deltas  ark:- ark:- | subset-feats --n=10 ark:- ark:-|' data/lang/topo 39 exp/mono/0.mdl exp/mono/tree 
add-deltas ark:- ark:- 
apply-cmvn --utt2spk=ark:data/train/split4/1/utt2spk scp:data/train/split4/1/cmvn.scp scp:data/train/split4/1/feats.scp ark:- 
subset-feats --n=10 ark:- ark:- 
ERROR (add-deltas[5.5.1126~1-8c451]:Write():kaldi-matrix.cc:1407) Failed to write matrix to stream

[ Stack-Trace: ]
/home/vassdel/kaldi/src/lib/libkaldi-base.so(kaldi::MessageLogger::LogMessage() const+0x70c) [0x7aa578e561ce]
add-deltas(kaldi::MessageLogger::LogAndThrow::operator=(kaldi::MessageLogger const&)+0x25) [0x60a12fab18fb]
/home/vassdel/kaldi/src/lib/libkaldi-matrix.so(kaldi::MatrixBase<float>::Write(std::ostream&, bool) const+0x258) [0x7aa578ea193a]
add-deltas(kaldi::TableWriterArchiveImpl<kaldi::KaldiObjectHolder<kaldi::MatrixBase<float> > >::Write(std::__cxx11::basic_string<char, std::char_traits<char>, std::allocator<char> > const&, kaldi::MatrixBase<float> const&)+0x248) [0x60a12fab5200]
add-deltas(main+0x435) [0x60a12fab10de]
/lib/x86_64-linux-gnu/libc.so.6(+0x29d90) [0x7aa578829d90]
/lib/x86_64-linux-gnu/libc.so.6(__libc_start_main+0x80) [0x7aa578829e40]
add-deltas(_start+0x25) [0x60a12fab0be5]

WARNING (add-deltas[5.5.1126~1-8c451]:Write():util/kaldi-holder-inl.h:57) Exception caught writing Table object. kaldi::KaldiFatalError
WARNING (add-deltas[5.5.1126~1-8c451]:Write():util/kaldi-table-inl.h:1057) Write failure to standard output
ERROR (add-deltas[5.5.1126~1-8c451]:Write():util/kaldi-table-inl.h:1515) Error in TableWriter::Write

[ Stack-Trace: ]
/home/vassdel/kaldi/src/lib/libkaldi-base.so(kaldi::MessageLogger::LogMessage() const+0x70c) [0x7aa578e561ce]
add-deltas(kaldi::MessageLogger::LogAndThrow::operator=(kaldi::MessageLogger const&)+0x25) [0x60a12fab18fb]
add-deltas(main+0x4c4) [0x60a12fab116d]
/lib/x86_64-linux-gnu/libc.so.6(+0x29d90) [0x7aa578829d90]
/lib/x86_64-linux-gnu/libc.so.6(__libc_start_main+0x80) [0x7aa578829e40]
add-deltas(_start+0x25) [0x60a12fab0be5]

WARNING (add-deltas[5.5.1126~1-8c451]:Close():util/kaldi-table-inl.h:1089) Error closing stream: wspecifier is ark:-
ERROR (add-deltas[5.5.1126~1-8c451]:~TableWriter():util/kaldi-table-inl.h:1539) Error closing TableWriter [in destructor].

[ Stack-Trace: ]
/home/vassdel/kaldi/src/lib/libkaldi-base.so(kaldi::MessageLogger::LogMessage() const+0x70c) [0x7aa578e561ce]
add-deltas(kaldi::MessageLogger::LogAndThrow::operator=(kaldi::MessageLogger const&)+0x25) [0x60a12fab18fb]
add-deltas(kaldi::TableWriter<kaldi::KaldiObjectHolder<kaldi::MatrixBase<float> > >::~TableWriter()+0x8e) [0x60a12fab6aea]
add-deltas(main+0x604) [0x60a12fab12ad]
/lib/x86_64-linux-gnu/libc.so.6(+0x29d90) [0x7aa578829d90]
/lib/x86_64-linux-gnu/libc.so.6(__libc_start_main+0x80) [0x7aa578829e40]
add-deltas(_start+0x25) [0x60a12fab0be5]

terminate called after throwing an instance of 'kaldi::KaldiFatalError'
  what():  kaldi::KaldiFatalError
Aborted (core dumped)
ERROR (apply-cmvn[5.5.1126~1-8c451]:Write():kaldi-matrix.cc:1407) Failed to write matrix to stream

[ Stack-Trace: ]
/home/vassdel/kaldi/src/lib/libkaldi-base.so(kaldi::MessageLogger::LogMessage() const+0x70c) [0x721df65ef1ce]
apply-cmvn(kaldi::MessageLogger::LogAndThrow::operator=(kaldi::MessageLogger const&)+0x25) [0x5619ffe9a01f]
/home/vassdel/kaldi/src/lib/libkaldi-matrix.so(kaldi::MatrixBase<float>::Write(std::ostream&, bool) const+0x258) [0x721df663a93a]
apply-cmvn(kaldi::TableWriterArchiveImpl<kaldi::KaldiObjectHolder<kaldi::MatrixBase<float> > >::Write(std::__cxx11::basic_string<char, std::char_traits<char>, std::allocator<char> > const&, kaldi::MatrixBase<float> const&)+0x248) [0x5619ffea25ea]
apply-cmvn(kaldi::TableWriter<kaldi::KaldiObjectHolder<kaldi::MatrixBase<float> > >::Write(std::__cxx11::basic_string<char, std::char_traits<char>, std::allocator<char> > const&, kaldi::MatrixBase<float> const&) const+0x3f) [0x5619ffea4995]
apply-cmvn(main+0x887) [0x5619ffe98870]
/lib/x86_64-linux-gnu/libc.so.6(+0x29d90) [0x721df5e29d90]
/lib/x86_64-linux-gnu/libc.so.6(__libc_start_main+0x80) [0x721df5e29e40]
apply-cmvn(_start+0x25) [0x5619ffe97f25]

WARNING (apply-cmvn[5.5.1126~1-8c451]:Write():util/kaldi-holder-inl.h:57) Exception caught writing Table object. kaldi::KaldiFatalError
WARNING (apply-cmvn[5.5.1126~1-8c451]:Write():util/kaldi-table-inl.h:1057) Write failure to standard output
ERROR (apply-cmvn[5.5.1126~1-8c451]:Write():util/kaldi-table-inl.h:1515) Error in TableWriter::Write

[ Stack-Trace: ]
/home/vassdel/kaldi/src/lib/libkaldi-base.so(kaldi::MessageLogger::LogMessage() const+0x70c) [0x721df65ef1ce]
apply-cmvn(kaldi::MessageLogger::LogAndThrow::operator=(kaldi::MessageLogger const&)+0x25) [0x5619ffe9a01f]
apply-cmvn(kaldi::TableWriter<kaldi::KaldiObjectHolder<kaldi::MatrixBase<float> > >::Write(std::__cxx11::basic_string<char, std::char_traits<char>, std::allocator<char> > const&, kaldi::MatrixBase<float> const&) const+0xa5) [0x5619ffea49fb]
apply-cmvn(main+0x887) [0x5619ffe98870]
/lib/x86_64-linux-gnu/libc.so.6(+0x29d90) [0x721df5e29d90]
/lib/x86_64-linux-gnu/libc.so.6(__libc_start_main+0x80) [0x721df5e29e40]
apply-cmvn(_start+0x25) [0x5619ffe97f25]

WARNING (apply-cmvn[5.5.1126~1-8c451]:Close():util/kaldi-table-inl.h:1089) Error closing stream: wspecifier is ark:-
ERROR (apply-cmvn[5.5.1126~1-8c451]:~TableWriter():util/kaldi-table-inl.h:1539) Error closing TableWriter [in destructor].

[ Stack-Trace: ]
/home/vassdel/kaldi/src/lib/libkaldi-base.so(kaldi::MessageLogger::LogMessage() const+0x70c) [0x721df65ef1ce]
apply-cmvn(kaldi::MessageLogger::LogAndThrow::operator=(kaldi::MessageLogger const&)+0x25) [0x5619ffe9a01f]
apply-cmvn(kaldi::TableWriter<kaldi::KaldiObjectHolder<kaldi::MatrixBase<float> > >::~TableWriter()+0x8e) [0x5619ffea4438]
apply-cmvn(main+0xfca) [0x5619ffe98fb3]
/lib/x86_64-linux-gnu/libc.so.6(+0x29d90) [0x721df5e29d90]
/lib/x86_64-linux-gnu/libc.so.6(__libc_start_main+0x80) [0x721df5e29e40]
apply-cmvn(_start+0x25) [0x5619ffe97f25]

terminate called after throwing an instance of 'kaldi::KaldiFatalError'
  what():  kaldi::KaldiFatalError
Aborted (core dumped)
# Accounting: time=0 threads=1
# Ended (code 0) at Sun May  5 04:33:04 EEST 2024, elapsed time 0 seconds
