# compute-mfcc-feats --write-utt2dur=ark,t:exp/make_mfcc/train/utt2dur.1 --verbose=2 --config=conf/mfcc.conf scp,p:exp/make_mfcc/train/wav_train.1.scp ark:- | copy-feats --write-num-frames=ark,t:exp/make_mfcc/train/utt2num_frames.1 --compress=true ark:- ark,scp:/home/vassdel/kaldi/egs/usc/mfcc_train/raw_mfcc_train.1.ark,/home/vassdel/kaldi/egs/usc/mfcc_train/raw_mfcc_train.1.scp 
# Started at Sun May  5 04:32:43 EEST 2024
#
compute-mfcc-feats --write-utt2dur=ark,t:exp/make_mfcc/train/utt2dur.1 --verbose=2 --config=conf/mfcc.conf scp,p:exp/make_mfcc/train/wav_train.1.scp ark:- 
copy-feats --write-num-frames=ark,t:exp/make_mfcc/train/utt2num_frames.1 --compress=true ark:- ark,scp:/home/vassdel/kaldi/egs/usc/mfcc_train/raw_mfcc_train.1.ark,/home/vassdel/kaldi/egs/usc/mfcc_train/raw_mfcc_train.1.scp 
VLOG[2] (compute-mfcc-feats[5.5.1126~1-8c451]:main():compute-mfcc-feats.cc:182) Processed features for key f1_003
VLOG[2] (compute-mfcc-feats[5.5.1126~1-8c451]:main():compute-mfcc-feats.cc:182) Processed features for key f1_004
VLOG[2] (compute-mfcc-feats[5.5.1126~1-8c451]:main():compute-mfcc-feats.cc:182) Processed features for key f1_005
VLOG[2] (compute-mfcc-feats[5.5.1126~1-8c451]:main():compute-mfcc-feats.cc:182) Processed features for key f1_007
VLOG[2] (compute-mfcc-feats[5.5.1126~1-8c451]:main():compute-mfcc-feats.cc:182) Processed features for key f1_008
VLOG[2] (compute-mfcc-feats[5.5.1126~1-8c451]:main():compute-mfcc-feats.cc:182) Processed features for key f1_009
VLOG[2] (compute-mfcc-feats[5.5.1126~1-8c451]:main():compute-mfcc-feats.cc:182) Processed features for key f1_010
VLOG[2] (compute-mfcc-feats[5.5.1126~1-8c451]:main():compute-mfcc-feats.cc:182) Processed features for key f1_012
VLOG[2] (compute-mfcc-feats[5.5.1126~1-8c451]:main():compute-mfcc-feats.cc:182) Processed features for key f1_013
LOG (compute-mfcc-feats[5.5.1126~1-8c451]:main():compute-mfcc-feats.cc:181) Processed 10 utterances
VLOG[2] (compute-mfcc-feats[5.5.1126~1-8c451]:main():compute-mfcc-feats.cc:182) Processed features for key f1_015
VLOG[2] (compute-mfcc-feats[5.5.1126~1-8c451]:main():compute-mfcc-feats.cc:182) Processed features for key f1_017
VLOG[2] (compute-mfcc-feats[5.5.1126~1-8c451]:main():compute-mfcc-feats.cc:182) Processed features for key f1_018
VLOG[2] (compute-mfcc-feats[5.5.1126~1-8c451]:main():compute-mfcc-feats.cc:182) Processed features for key f1_019
VLOG[2] (compute-mfcc-feats[5.5.1126~1-8c451]:main():compute-mfcc-feats.cc:182) Processed features for key f1_020
VLOG[2] (compute-mfcc-feats[5.5.1126~1-8c451]:main():compute-mfcc-feats.cc:182) Processed features for key f1_022
VLOG[2] (compute-mfcc-feats[5.5.1126~1-8c451]:main():compute-mfcc-feats.cc:182) Processed features for key f1_023
VLOG[2] (compute-mfcc-feats[5.5.1126~1-8c451]:main():compute-mfcc-feats.cc:182) Processed features for key f1_024
VLOG[2] (compute-mfcc-feats[5.5.1126~1-8c451]:main():compute-mfcc-feats.cc:182) Processed features for key f1_025
VLOG[2] (compute-mfcc-feats[5.5.1126~1-8c451]:main():compute-mfcc-feats.cc:182) Processed features for key f1_028
LOG (compute-mfcc-feats[5.5.1126~1-8c451]:main():compute-mfcc-feats.cc:181) Processed 20 utterances
VLOG[2] (compute-mfcc-feats[5.5.1126~1-8c451]:main():compute-mfcc-feats.cc:182) Processed features for key f1_029
VLOG[2] (compute-mfcc-feats[5.5.1126~1-8c451]:main():compute-mfcc-feats.cc:182) Processed features for key f1_030
VLOG[2] (compute-mfcc-feats[5.5.1126~1-8c451]:main():compute-mfcc-feats.cc:182) Processed features for key f1_032
VLOG[2] (compute-mfcc-feats[5.5.1126~1-8c451]:main():compute-mfcc-feats.cc:182) Processed features for key f1_033
VLOG[2] (compute-mfcc-feats[5.5.1126~1-8c451]:main():compute-mfcc-feats.cc:182) Processed features for key f1_034
VLOG[2] (compute-mfcc-feats[5.5.1126~1-8c451]:main():compute-mfcc-feats.cc:182) Processed features for key f1_035
VLOG[2] (compute-mfcc-feats[5.5.1126~1-8c451]:main():compute-mfcc-feats.cc:182) Processed features for key f1_037
VLOG[2] (compute-mfcc-feats[5.5.1126~1-8c451]:main():compute-mfcc-feats.cc:182) Processed features for key f1_038
VLOG[2] (compute-mfcc-feats[5.5.1126~1-8c451]:main():compute-mfcc-feats.cc:182) Processed features for key f1_040
VLOG[2] (compute-mfcc-feats[5.5.1126~1-8c451]:main():compute-mfcc-feats.cc:182) Processed features for key f1_042
LOG (compute-mfcc-feats[5.5.1126~1-8c451]:main():compute-mfcc-feats.cc:181) Processed 30 utterances
VLOG[2] (compute-mfcc-feats[5.5.1126~1-8c451]:main():compute-mfcc-feats.cc:182) Processed features for key f1_043
VLOG[2] (compute-mfcc-feats[5.5.1126~1-8c451]:main():compute-mfcc-feats.cc:182) Processed features for key f1_044
VLOG[2] (compute-mfcc-feats[5.5.1126~1-8c451]:main():compute-mfcc-feats.cc:182) Processed features for key f1_045
VLOG[2] (compute-mfcc-feats[5.5.1126~1-8c451]:main():compute-mfcc-feats.cc:182) Processed features for key f1_047
VLOG[2] (compute-mfcc-feats[5.5.1126~1-8c451]:main():compute-mfcc-feats.cc:182) Processed features for key f1_048
VLOG[2] (compute-mfcc-feats[5.5.1126~1-8c451]:main():compute-mfcc-feats.cc:182) Processed features for key f1_049
VLOG[2] (compute-mfcc-feats[5.5.1126~1-8c451]:main():compute-mfcc-feats.cc:182) Processed features for key f1_050
VLOG[2] (compute-mfcc-feats[5.5.1126~1-8c451]:main():compute-mfcc-feats.cc:182) Processed features for key f1_053
VLOG[2] (compute-mfcc-feats[5.5.1126~1-8c451]:main():compute-mfcc-feats.cc:182) Processed features for key f1_054
VLOG[2] (compute-mfcc-feats[5.5.1126~1-8c451]:main():compute-mfcc-feats.cc:182) Processed features for key f1_055
LOG (compute-mfcc-feats[5.5.1126~1-8c451]:main():compute-mfcc-feats.cc:181) Processed 40 utterances
VLOG[2] (compute-mfcc-feats[5.5.1126~1-8c451]:main():compute-mfcc-feats.cc:182) Processed features for key f1_057
VLOG[2] (compute-mfcc-feats[5.5.1126~1-8c451]:main():compute-mfcc-feats.cc:182) Processed features for key f1_058
VLOG[2] (compute-mfcc-feats[5.5.1126~1-8c451]:main():compute-mfcc-feats.cc:182) Processed features for key f1_059
VLOG[2] (compute-mfcc-feats[5.5.1126~1-8c451]:main():compute-mfcc-feats.cc:182) Processed features for key f1_060
VLOG[2] (compute-mfcc-feats[5.5.1126~1-8c451]:main():compute-mfcc-feats.cc:182) Processed features for key f1_062
VLOG[2] (compute-mfcc-feats[5.5.1126~1-8c451]:main():compute-mfcc-feats.cc:182) Processed features for key f1_063
VLOG[2] (compute-mfcc-feats[5.5.1126~1-8c451]:main():compute-mfcc-feats.cc:182) Processed features for key f1_065
VLOG[2] (compute-mfcc-feats[5.5.1126~1-8c451]:main():compute-mfcc-feats.cc:182) Processed features for key f1_067
VLOG[2] (compute-mfcc-feats[5.5.1126~1-8c451]:main():compute-mfcc-feats.cc:182) Processed features for key f1_068
VLOG[2] (compute-mfcc-feats[5.5.1126~1-8c451]:main():compute-mfcc-feats.cc:182) Processed features for key f1_069
LOG (compute-mfcc-feats[5.5.1126~1-8c451]:main():compute-mfcc-feats.cc:181) Processed 50 utterances
VLOG[2] (compute-mfcc-feats[5.5.1126~1-8c451]:main():compute-mfcc-feats.cc:182) Processed features for key f1_070
VLOG[2] (compute-mfcc-feats[5.5.1126~1-8c451]:main():compute-mfcc-feats.cc:182) Processed features for key f1_072
VLOG[2] (compute-mfcc-feats[5.5.1126~1-8c451]:main():compute-mfcc-feats.cc:182) Processed features for key f1_073
VLOG[2] (compute-mfcc-feats[5.5.1126~1-8c451]:main():compute-mfcc-feats.cc:182) Processed features for key f1_074
VLOG[2] (compute-mfcc-feats[5.5.1126~1-8c451]:main():compute-mfcc-feats.cc:182) Processed features for key f1_075
VLOG[2] (compute-mfcc-feats[5.5.1126~1-8c451]:main():compute-mfcc-feats.cc:182) Processed features for key f1_078
VLOG[2] (compute-mfcc-feats[5.5.1126~1-8c451]:main():compute-mfcc-feats.cc:182) Processed features for key f1_079
VLOG[2] (compute-mfcc-feats[5.5.1126~1-8c451]:main():compute-mfcc-feats.cc:182) Processed features for key f1_080
VLOG[2] (compute-mfcc-feats[5.5.1126~1-8c451]:main():compute-mfcc-feats.cc:182) Processed features for key f1_082
VLOG[2] (compute-mfcc-feats[5.5.1126~1-8c451]:main():compute-mfcc-feats.cc:182) Processed features for key f1_083
LOG (compute-mfcc-feats[5.5.1126~1-8c451]:main():compute-mfcc-feats.cc:181) Processed 60 utterances
VLOG[2] (compute-mfcc-feats[5.5.1126~1-8c451]:main():compute-mfcc-feats.cc:182) Processed features for key f1_084
VLOG[2] (compute-mfcc-feats[5.5.1126~1-8c451]:main():compute-mfcc-feats.cc:182) Processed features for key f1_085
VLOG[2] (compute-mfcc-feats[5.5.1126~1-8c451]:main():compute-mfcc-feats.cc:182) Processed features for key f1_087
VLOG[2] (compute-mfcc-feats[5.5.1126~1-8c451]:main():compute-mfcc-feats.cc:182) Processed features for key f1_088
VLOG[2] (compute-mfcc-feats[5.5.1126~1-8c451]:main():compute-mfcc-feats.cc:182) Processed features for key f1_090
VLOG[2] (compute-mfcc-feats[5.5.1126~1-8c451]:main():compute-mfcc-feats.cc:182) Processed features for key f1_092
VLOG[2] (compute-mfcc-feats[5.5.1126~1-8c451]:main():compute-mfcc-feats.cc:182) Processed features for key f1_093
VLOG[2] (compute-mfcc-feats[5.5.1126~1-8c451]:main():compute-mfcc-feats.cc:182) Processed features for key f1_094
VLOG[2] (compute-mfcc-feats[5.5.1126~1-8c451]:main():compute-mfcc-feats.cc:182) Processed features for key f1_095
VLOG[2] (compute-mfcc-feats[5.5.1126~1-8c451]:main():compute-mfcc-feats.cc:182) Processed features for key f1_097
LOG (compute-mfcc-feats[5.5.1126~1-8c451]:main():compute-mfcc-feats.cc:181) Processed 70 utterances
VLOG[2] (compute-mfcc-feats[5.5.1126~1-8c451]:main():compute-mfcc-feats.cc:182) Processed features for key f1_098
VLOG[2] (compute-mfcc-feats[5.5.1126~1-8c451]:main():compute-mfcc-feats.cc:182) Processed features for key f1_099
VLOG[2] (compute-mfcc-feats[5.5.1126~1-8c451]:main():compute-mfcc-feats.cc:182) Processed features for key f1_100
VLOG[2] (compute-mfcc-feats[5.5.1126~1-8c451]:main():compute-mfcc-feats.cc:182) Processed features for key f1_103
VLOG[2] (compute-mfcc-feats[5.5.1126~1-8c451]:main():compute-mfcc-feats.cc:182) Processed features for key f1_104
VLOG[2] (compute-mfcc-feats[5.5.1126~1-8c451]:main():compute-mfcc-feats.cc:182) Processed features for key f1_105
VLOG[2] (compute-mfcc-feats[5.5.1126~1-8c451]:main():compute-mfcc-feats.cc:182) Processed features for key f1_107
VLOG[2] (compute-mfcc-feats[5.5.1126~1-8c451]:main():compute-mfcc-feats.cc:182) Processed features for key f1_108
VLOG[2] (compute-mfcc-feats[5.5.1126~1-8c451]:main():compute-mfcc-feats.cc:182) Processed features for key f1_109
VLOG[2] (compute-mfcc-feats[5.5.1126~1-8c451]:main():compute-mfcc-feats.cc:182) Processed features for key f1_110
LOG (compute-mfcc-feats[5.5.1126~1-8c451]:main():compute-mfcc-feats.cc:181) Processed 80 utterances
VLOG[2] (compute-mfcc-feats[5.5.1126~1-8c451]:main():compute-mfcc-feats.cc:182) Processed features for key f1_112
VLOG[2] (compute-mfcc-feats[5.5.1126~1-8c451]:main():compute-mfcc-feats.cc:182) Processed features for key f1_113
VLOG[2] (compute-mfcc-feats[5.5.1126~1-8c451]:main():compute-mfcc-feats.cc:182) Processed features for key f1_115
VLOG[2] (compute-mfcc-feats[5.5.1126~1-8c451]:main():compute-mfcc-feats.cc:182) Processed features for key f1_117
VLOG[2] (compute-mfcc-feats[5.5.1126~1-8c451]:main():compute-mfcc-feats.cc:182) Processed features for key f1_118
VLOG[2] (compute-mfcc-feats[5.5.1126~1-8c451]:main():compute-mfcc-feats.cc:182) Processed features for key f1_119
VLOG[2] (compute-mfcc-feats[5.5.1126~1-8c451]:main():compute-mfcc-feats.cc:182) Processed features for key f1_120
VLOG[2] (compute-mfcc-feats[5.5.1126~1-8c451]:main():compute-mfcc-feats.cc:182) Processed features for key f1_122
VLOG[2] (compute-mfcc-feats[5.5.1126~1-8c451]:main():compute-mfcc-feats.cc:182) Processed features for key f1_123
VLOG[2] (compute-mfcc-feats[5.5.1126~1-8c451]:main():compute-mfcc-feats.cc:182) Processed features for key f1_124
LOG (compute-mfcc-feats[5.5.1126~1-8c451]:main():compute-mfcc-feats.cc:181) Processed 90 utterances
VLOG[2] (compute-mfcc-feats[5.5.1126~1-8c451]:main():compute-mfcc-feats.cc:182) Processed features for key f1_125
VLOG[2] (compute-mfcc-feats[5.5.1126~1-8c451]:main():compute-mfcc-feats.cc:182) Processed features for key f1_128
VLOG[2] (compute-mfcc-feats[5.5.1126~1-8c451]:main():compute-mfcc-feats.cc:182) Processed features for key f1_129
VLOG[2] (compute-mfcc-feats[5.5.1126~1-8c451]:main():compute-mfcc-feats.cc:182) Processed features for key f1_130
VLOG[2] (compute-mfcc-feats[5.5.1126~1-8c451]:main():compute-mfcc-feats.cc:182) Processed features for key f1_132
VLOG[2] (compute-mfcc-feats[5.5.1126~1-8c451]:main():compute-mfcc-feats.cc:182) Processed features for key f1_133
VLOG[2] (compute-mfcc-feats[5.5.1126~1-8c451]:main():compute-mfcc-feats.cc:182) Processed features for key f1_134
VLOG[2] (compute-mfcc-feats[5.5.1126~1-8c451]:main():compute-mfcc-feats.cc:182) Processed features for key f1_135
VLOG[2] (compute-mfcc-feats[5.5.1126~1-8c451]:main():compute-mfcc-feats.cc:182) Processed features for key f1_137
VLOG[2] (compute-mfcc-feats[5.5.1126~1-8c451]:main():compute-mfcc-feats.cc:182) Processed features for key f1_138
LOG (compute-mfcc-feats[5.5.1126~1-8c451]:main():compute-mfcc-feats.cc:181) Processed 100 utterances
VLOG[2] (compute-mfcc-feats[5.5.1126~1-8c451]:main():compute-mfcc-feats.cc:182) Processed features for key f1_140
VLOG[2] (compute-mfcc-feats[5.5.1126~1-8c451]:main():compute-mfcc-feats.cc:182) Processed features for key f1_142
VLOG[2] (compute-mfcc-feats[5.5.1126~1-8c451]:main():compute-mfcc-feats.cc:182) Processed features for key f1_143
VLOG[2] (compute-mfcc-feats[5.5.1126~1-8c451]:main():compute-mfcc-feats.cc:182) Processed features for key f1_144
VLOG[2] (compute-mfcc-feats[5.5.1126~1-8c451]:main():compute-mfcc-feats.cc:182) Processed features for key f1_145
VLOG[2] (compute-mfcc-feats[5.5.1126~1-8c451]:main():compute-mfcc-feats.cc:182) Processed features for key f1_147
VLOG[2] (compute-mfcc-feats[5.5.1126~1-8c451]:main():compute-mfcc-feats.cc:182) Processed features for key f1_148
VLOG[2] (compute-mfcc-feats[5.5.1126~1-8c451]:main():compute-mfcc-feats.cc:182) Processed features for key f1_149
VLOG[2] (compute-mfcc-feats[5.5.1126~1-8c451]:main():compute-mfcc-feats.cc:182) Processed features for key f1_150
VLOG[2] (compute-mfcc-feats[5.5.1126~1-8c451]:main():compute-mfcc-feats.cc:182) Processed features for key f1_153
LOG (compute-mfcc-feats[5.5.1126~1-8c451]:main():compute-mfcc-feats.cc:181) Processed 110 utterances
VLOG[2] (compute-mfcc-feats[5.5.1126~1-8c451]:main():compute-mfcc-feats.cc:182) Processed features for key f1_154
VLOG[2] (compute-mfcc-feats[5.5.1126~1-8c451]:main():compute-mfcc-feats.cc:182) Processed features for key f1_155
VLOG[2] (compute-mfcc-feats[5.5.1126~1-8c451]:main():compute-mfcc-feats.cc:182) Processed features for key f1_157
VLOG[2] (compute-mfcc-feats[5.5.1126~1-8c451]:main():compute-mfcc-feats.cc:182) Processed features for key f1_158
VLOG[2] (compute-mfcc-feats[5.5.1126~1-8c451]:main():compute-mfcc-feats.cc:182) Processed features for key f1_159
VLOG[2] (compute-mfcc-feats[5.5.1126~1-8c451]:main():compute-mfcc-feats.cc:182) Processed features for key f1_160
VLOG[2] (compute-mfcc-feats[5.5.1126~1-8c451]:main():compute-mfcc-feats.cc:182) Processed features for key f1_162
VLOG[2] (compute-mfcc-feats[5.5.1126~1-8c451]:main():compute-mfcc-feats.cc:182) Processed features for key f1_163
VLOG[2] (compute-mfcc-feats[5.5.1126~1-8c451]:main():compute-mfcc-feats.cc:182) Processed features for key f1_165
VLOG[2] (compute-mfcc-feats[5.5.1126~1-8c451]:main():compute-mfcc-feats.cc:182) Processed features for key f1_167
LOG (compute-mfcc-feats[5.5.1126~1-8c451]:main():compute-mfcc-feats.cc:181) Processed 120 utterances
VLOG[2] (compute-mfcc-feats[5.5.1126~1-8c451]:main():compute-mfcc-feats.cc:182) Processed features for key f1_168
VLOG[2] (compute-mfcc-feats[5.5.1126~1-8c451]:main():compute-mfcc-feats.cc:182) Processed features for key f1_169
VLOG[2] (compute-mfcc-feats[5.5.1126~1-8c451]:main():compute-mfcc-feats.cc:182) Processed features for key f1_170
VLOG[2] (compute-mfcc-feats[5.5.1126~1-8c451]:main():compute-mfcc-feats.cc:182) Processed features for key f1_172
VLOG[2] (compute-mfcc-feats[5.5.1126~1-8c451]:main():compute-mfcc-feats.cc:182) Processed features for key f1_173
VLOG[2] (compute-mfcc-feats[5.5.1126~1-8c451]:main():compute-mfcc-feats.cc:182) Processed features for key f1_174
VLOG[2] (compute-mfcc-feats[5.5.1126~1-8c451]:main():compute-mfcc-feats.cc:182) Processed features for key f1_175
VLOG[2] (compute-mfcc-feats[5.5.1126~1-8c451]:main():compute-mfcc-feats.cc:182) Processed features for key f1_178
VLOG[2] (compute-mfcc-feats[5.5.1126~1-8c451]:main():compute-mfcc-feats.cc:182) Processed features for key f1_179
VLOG[2] (compute-mfcc-feats[5.5.1126~1-8c451]:main():compute-mfcc-feats.cc:182) Processed features for key f1_180
LOG (compute-mfcc-feats[5.5.1126~1-8c451]:main():compute-mfcc-feats.cc:181) Processed 130 utterances
VLOG[2] (compute-mfcc-feats[5.5.1126~1-8c451]:main():compute-mfcc-feats.cc:182) Processed features for key f1_182
VLOG[2] (compute-mfcc-feats[5.5.1126~1-8c451]:main():compute-mfcc-feats.cc:182) Processed features for key f1_183
VLOG[2] (compute-mfcc-feats[5.5.1126~1-8c451]:main():compute-mfcc-feats.cc:182) Processed features for key f1_184
VLOG[2] (compute-mfcc-feats[5.5.1126~1-8c451]:main():compute-mfcc-feats.cc:182) Processed features for key f1_185
VLOG[2] (compute-mfcc-feats[5.5.1126~1-8c451]:main():compute-mfcc-feats.cc:182) Processed features for key f1_187
VLOG[2] (compute-mfcc-feats[5.5.1126~1-8c451]:main():compute-mfcc-feats.cc:182) Processed features for key f1_188
VLOG[2] (compute-mfcc-feats[5.5.1126~1-8c451]:main():compute-mfcc-feats.cc:182) Processed features for key f1_190
VLOG[2] (compute-mfcc-feats[5.5.1126~1-8c451]:main():compute-mfcc-feats.cc:182) Processed features for key f1_192
VLOG[2] (compute-mfcc-feats[5.5.1126~1-8c451]:main():compute-mfcc-feats.cc:182) Processed features for key f1_193
VLOG[2] (compute-mfcc-feats[5.5.1126~1-8c451]:main():compute-mfcc-feats.cc:182) Processed features for key f1_194
LOG (compute-mfcc-feats[5.5.1126~1-8c451]:main():compute-mfcc-feats.cc:181) Processed 140 utterances
VLOG[2] (compute-mfcc-feats[5.5.1126~1-8c451]:main():compute-mfcc-feats.cc:182) Processed features for key f1_195
VLOG[2] (compute-mfcc-feats[5.5.1126~1-8c451]:main():compute-mfcc-feats.cc:182) Processed features for key f1_197
VLOG[2] (compute-mfcc-feats[5.5.1126~1-8c451]:main():compute-mfcc-feats.cc:182) Processed features for key f1_198
VLOG[2] (compute-mfcc-feats[5.5.1126~1-8c451]:main():compute-mfcc-feats.cc:182) Processed features for key f1_199
VLOG[2] (compute-mfcc-feats[5.5.1126~1-8c451]:main():compute-mfcc-feats.cc:182) Processed features for key f1_200
VLOG[2] (compute-mfcc-feats[5.5.1126~1-8c451]:main():compute-mfcc-feats.cc:182) Processed features for key f1_203
VLOG[2] (compute-mfcc-feats[5.5.1126~1-8c451]:main():compute-mfcc-feats.cc:182) Processed features for key f1_204
VLOG[2] (compute-mfcc-feats[5.5.1126~1-8c451]:main():compute-mfcc-feats.cc:182) Processed features for key f1_205
VLOG[2] (compute-mfcc-feats[5.5.1126~1-8c451]:main():compute-mfcc-feats.cc:182) Processed features for key f1_207
VLOG[2] (compute-mfcc-feats[5.5.1126~1-8c451]:main():compute-mfcc-feats.cc:182) Processed features for key f1_208
LOG (compute-mfcc-feats[5.5.1126~1-8c451]:main():compute-mfcc-feats.cc:181) Processed 150 utterances
VLOG[2] (compute-mfcc-feats[5.5.1126~1-8c451]:main():compute-mfcc-feats.cc:182) Processed features for key f1_209
VLOG[2] (compute-mfcc-feats[5.5.1126~1-8c451]:main():compute-mfcc-feats.cc:182) Processed features for key f1_210
VLOG[2] (compute-mfcc-feats[5.5.1126~1-8c451]:main():compute-mfcc-feats.cc:182) Processed features for key f1_212
VLOG[2] (compute-mfcc-feats[5.5.1126~1-8c451]:main():compute-mfcc-feats.cc:182) Processed features for key f1_213
VLOG[2] (compute-mfcc-feats[5.5.1126~1-8c451]:main():compute-mfcc-feats.cc:182) Processed features for key f1_215
VLOG[2] (compute-mfcc-feats[5.5.1126~1-8c451]:main():compute-mfcc-feats.cc:182) Processed features for key f1_217
VLOG[2] (compute-mfcc-feats[5.5.1126~1-8c451]:main():compute-mfcc-feats.cc:182) Processed features for key f1_218
VLOG[2] (compute-mfcc-feats[5.5.1126~1-8c451]:main():compute-mfcc-feats.cc:182) Processed features for key f1_219
VLOG[2] (compute-mfcc-feats[5.5.1126~1-8c451]:main():compute-mfcc-feats.cc:182) Processed features for key f1_220
VLOG[2] (compute-mfcc-feats[5.5.1126~1-8c451]:main():compute-mfcc-feats.cc:182) Processed features for key f1_222
LOG (compute-mfcc-feats[5.5.1126~1-8c451]:main():compute-mfcc-feats.cc:181) Processed 160 utterances
VLOG[2] (compute-mfcc-feats[5.5.1126~1-8c451]:main():compute-mfcc-feats.cc:182) Processed features for key f1_223
VLOG[2] (compute-mfcc-feats[5.5.1126~1-8c451]:main():compute-mfcc-feats.cc:182) Processed features for key f1_224
VLOG[2] (compute-mfcc-feats[5.5.1126~1-8c451]:main():compute-mfcc-feats.cc:182) Processed features for key f1_225
VLOG[2] (compute-mfcc-feats[5.5.1126~1-8c451]:main():compute-mfcc-feats.cc:182) Processed features for key f1_228
VLOG[2] (compute-mfcc-feats[5.5.1126~1-8c451]:main():compute-mfcc-feats.cc:182) Processed features for key f1_229
VLOG[2] (compute-mfcc-feats[5.5.1126~1-8c451]:main():compute-mfcc-feats.cc:182) Processed features for key f1_230
VLOG[2] (compute-mfcc-feats[5.5.1126~1-8c451]:main():compute-mfcc-feats.cc:182) Processed features for key f1_232
VLOG[2] (compute-mfcc-feats[5.5.1126~1-8c451]:main():compute-mfcc-feats.cc:182) Processed features for key f1_233
VLOG[2] (compute-mfcc-feats[5.5.1126~1-8c451]:main():compute-mfcc-feats.cc:182) Processed features for key f1_234
VLOG[2] (compute-mfcc-feats[5.5.1126~1-8c451]:main():compute-mfcc-feats.cc:182) Processed features for key f1_235
LOG (compute-mfcc-feats[5.5.1126~1-8c451]:main():compute-mfcc-feats.cc:181) Processed 170 utterances
VLOG[2] (compute-mfcc-feats[5.5.1126~1-8c451]:main():compute-mfcc-feats.cc:182) Processed features for key f1_237
VLOG[2] (compute-mfcc-feats[5.5.1126~1-8c451]:main():compute-mfcc-feats.cc:182) Processed features for key f1_238
VLOG[2] (compute-mfcc-feats[5.5.1126~1-8c451]:main():compute-mfcc-feats.cc:182) Processed features for key f1_240
VLOG[2] (compute-mfcc-feats[5.5.1126~1-8c451]:main():compute-mfcc-feats.cc:182) Processed features for key f1_242
VLOG[2] (compute-mfcc-feats[5.5.1126~1-8c451]:main():compute-mfcc-feats.cc:182) Processed features for key f1_243
VLOG[2] (compute-mfcc-feats[5.5.1126~1-8c451]:main():compute-mfcc-feats.cc:182) Processed features for key f1_244
VLOG[2] (compute-mfcc-feats[5.5.1126~1-8c451]:main():compute-mfcc-feats.cc:182) Processed features for key f1_245
VLOG[2] (compute-mfcc-feats[5.5.1126~1-8c451]:main():compute-mfcc-feats.cc:182) Processed features for key f1_247
VLOG[2] (compute-mfcc-feats[5.5.1126~1-8c451]:main():compute-mfcc-feats.cc:182) Processed features for key f1_248
VLOG[2] (compute-mfcc-feats[5.5.1126~1-8c451]:main():compute-mfcc-feats.cc:182) Processed features for key f1_249
LOG (compute-mfcc-feats[5.5.1126~1-8c451]:main():compute-mfcc-feats.cc:181) Processed 180 utterances
VLOG[2] (compute-mfcc-feats[5.5.1126~1-8c451]:main():compute-mfcc-feats.cc:182) Processed features for key f1_250
VLOG[2] (compute-mfcc-feats[5.5.1126~1-8c451]:main():compute-mfcc-feats.cc:182) Processed features for key f1_253
VLOG[2] (compute-mfcc-feats[5.5.1126~1-8c451]:main():compute-mfcc-feats.cc:182) Processed features for key f1_254
VLOG[2] (compute-mfcc-feats[5.5.1126~1-8c451]:main():compute-mfcc-feats.cc:182) Processed features for key f1_255
VLOG[2] (compute-mfcc-feats[5.5.1126~1-8c451]:main():compute-mfcc-feats.cc:182) Processed features for key f1_257
VLOG[2] (compute-mfcc-feats[5.5.1126~1-8c451]:main():compute-mfcc-feats.cc:182) Processed features for key f1_258
VLOG[2] (compute-mfcc-feats[5.5.1126~1-8c451]:main():compute-mfcc-feats.cc:182) Processed features for key f1_259
VLOG[2] (compute-mfcc-feats[5.5.1126~1-8c451]:main():compute-mfcc-feats.cc:182) Processed features for key f1_260
VLOG[2] (compute-mfcc-feats[5.5.1126~1-8c451]:main():compute-mfcc-feats.cc:182) Processed features for key f1_262
VLOG[2] (compute-mfcc-feats[5.5.1126~1-8c451]:main():compute-mfcc-feats.cc:182) Processed features for key f1_263
LOG (compute-mfcc-feats[5.5.1126~1-8c451]:main():compute-mfcc-feats.cc:181) Processed 190 utterances
VLOG[2] (compute-mfcc-feats[5.5.1126~1-8c451]:main():compute-mfcc-feats.cc:182) Processed features for key f1_265
VLOG[2] (compute-mfcc-feats[5.5.1126~1-8c451]:main():compute-mfcc-feats.cc:182) Processed features for key f1_267
VLOG[2] (compute-mfcc-feats[5.5.1126~1-8c451]:main():compute-mfcc-feats.cc:182) Processed features for key f1_268
VLOG[2] (compute-mfcc-feats[5.5.1126~1-8c451]:main():compute-mfcc-feats.cc:182) Processed features for key f1_269
VLOG[2] (compute-mfcc-feats[5.5.1126~1-8c451]:main():compute-mfcc-feats.cc:182) Processed features for key f1_270
VLOG[2] (compute-mfcc-feats[5.5.1126~1-8c451]:main():compute-mfcc-feats.cc:182) Processed features for key f1_272
VLOG[2] (compute-mfcc-feats[5.5.1126~1-8c451]:main():compute-mfcc-feats.cc:182) Processed features for key f1_273
VLOG[2] (compute-mfcc-feats[5.5.1126~1-8c451]:main():compute-mfcc-feats.cc:182) Processed features for key f1_274
VLOG[2] (compute-mfcc-feats[5.5.1126~1-8c451]:main():compute-mfcc-feats.cc:182) Processed features for key f1_275
VLOG[2] (compute-mfcc-feats[5.5.1126~1-8c451]:main():compute-mfcc-feats.cc:182) Processed features for key f1_278
LOG (compute-mfcc-feats[5.5.1126~1-8c451]:main():compute-mfcc-feats.cc:181) Processed 200 utterances
VLOG[2] (compute-mfcc-feats[5.5.1126~1-8c451]:main():compute-mfcc-feats.cc:182) Processed features for key f1_279
VLOG[2] (compute-mfcc-feats[5.5.1126~1-8c451]:main():compute-mfcc-feats.cc:182) Processed features for key f1_280
VLOG[2] (compute-mfcc-feats[5.5.1126~1-8c451]:main():compute-mfcc-feats.cc:182) Processed features for key f1_282
VLOG[2] (compute-mfcc-feats[5.5.1126~1-8c451]:main():compute-mfcc-feats.cc:182) Processed features for key f1_283
VLOG[2] (compute-mfcc-feats[5.5.1126~1-8c451]:main():compute-mfcc-feats.cc:182) Processed features for key f1_284
VLOG[2] (compute-mfcc-feats[5.5.1126~1-8c451]:main():compute-mfcc-feats.cc:182) Processed features for key f1_285
VLOG[2] (compute-mfcc-feats[5.5.1126~1-8c451]:main():compute-mfcc-feats.cc:182) Processed features for key f1_287
VLOG[2] (compute-mfcc-feats[5.5.1126~1-8c451]:main():compute-mfcc-feats.cc:182) Processed features for key f1_288
VLOG[2] (compute-mfcc-feats[5.5.1126~1-8c451]:main():compute-mfcc-feats.cc:182) Processed features for key f1_290
VLOG[2] (compute-mfcc-feats[5.5.1126~1-8c451]:main():compute-mfcc-feats.cc:182) Processed features for key f1_292
LOG (compute-mfcc-feats[5.5.1126~1-8c451]:main():compute-mfcc-feats.cc:181) Processed 210 utterances
VLOG[2] (compute-mfcc-feats[5.5.1126~1-8c451]:main():compute-mfcc-feats.cc:182) Processed features for key f1_293
VLOG[2] (compute-mfcc-feats[5.5.1126~1-8c451]:main():compute-mfcc-feats.cc:182) Processed features for key f1_294
VLOG[2] (compute-mfcc-feats[5.5.1126~1-8c451]:main():compute-mfcc-feats.cc:182) Processed features for key f1_295
VLOG[2] (compute-mfcc-feats[5.5.1126~1-8c451]:main():compute-mfcc-feats.cc:182) Processed features for key f1_297
VLOG[2] (compute-mfcc-feats[5.5.1126~1-8c451]:main():compute-mfcc-feats.cc:182) Processed features for key f1_298
VLOG[2] (compute-mfcc-feats[5.5.1126~1-8c451]:main():compute-mfcc-feats.cc:182) Processed features for key f1_299
VLOG[2] (compute-mfcc-feats[5.5.1126~1-8c451]:main():compute-mfcc-feats.cc:182) Processed features for key f1_300
VLOG[2] (compute-mfcc-feats[5.5.1126~1-8c451]:main():compute-mfcc-feats.cc:182) Processed features for key f1_303
VLOG[2] (compute-mfcc-feats[5.5.1126~1-8c451]:main():compute-mfcc-feats.cc:182) Processed features for key f1_304
VLOG[2] (compute-mfcc-feats[5.5.1126~1-8c451]:main():compute-mfcc-feats.cc:182) Processed features for key f1_305
LOG (compute-mfcc-feats[5.5.1126~1-8c451]:main():compute-mfcc-feats.cc:181) Processed 220 utterances
VLOG[2] (compute-mfcc-feats[5.5.1126~1-8c451]:main():compute-mfcc-feats.cc:182) Processed features for key f1_307
VLOG[2] (compute-mfcc-feats[5.5.1126~1-8c451]:main():compute-mfcc-feats.cc:182) Processed features for key f1_308
VLOG[2] (compute-mfcc-feats[5.5.1126~1-8c451]:main():compute-mfcc-feats.cc:182) Processed features for key f1_309
VLOG[2] (compute-mfcc-feats[5.5.1126~1-8c451]:main():compute-mfcc-feats.cc:182) Processed features for key f1_310
VLOG[2] (compute-mfcc-feats[5.5.1126~1-8c451]:main():compute-mfcc-feats.cc:182) Processed features for key f1_312
VLOG[2] (compute-mfcc-feats[5.5.1126~1-8c451]:main():compute-mfcc-feats.cc:182) Processed features for key f1_313
VLOG[2] (compute-mfcc-feats[5.5.1126~1-8c451]:main():compute-mfcc-feats.cc:182) Processed features for key f1_315
VLOG[2] (compute-mfcc-feats[5.5.1126~1-8c451]:main():compute-mfcc-feats.cc:182) Processed features for key f1_317
VLOG[2] (compute-mfcc-feats[5.5.1126~1-8c451]:main():compute-mfcc-feats.cc:182) Processed features for key f1_318
VLOG[2] (compute-mfcc-feats[5.5.1126~1-8c451]:main():compute-mfcc-feats.cc:182) Processed features for key f1_319
LOG (compute-mfcc-feats[5.5.1126~1-8c451]:main():compute-mfcc-feats.cc:181) Processed 230 utterances
VLOG[2] (compute-mfcc-feats[5.5.1126~1-8c451]:main():compute-mfcc-feats.cc:182) Processed features for key f1_320
VLOG[2] (compute-mfcc-feats[5.5.1126~1-8c451]:main():compute-mfcc-feats.cc:182) Processed features for key f1_322
VLOG[2] (compute-mfcc-feats[5.5.1126~1-8c451]:main():compute-mfcc-feats.cc:182) Processed features for key f1_323
VLOG[2] (compute-mfcc-feats[5.5.1126~1-8c451]:main():compute-mfcc-feats.cc:182) Processed features for key f1_324
VLOG[2] (compute-mfcc-feats[5.5.1126~1-8c451]:main():compute-mfcc-feats.cc:182) Processed features for key f1_325
VLOG[2] (compute-mfcc-feats[5.5.1126~1-8c451]:main():compute-mfcc-feats.cc:182) Processed features for key f1_328
VLOG[2] (compute-mfcc-feats[5.5.1126~1-8c451]:main():compute-mfcc-feats.cc:182) Processed features for key f1_329
VLOG[2] (compute-mfcc-feats[5.5.1126~1-8c451]:main():compute-mfcc-feats.cc:182) Processed features for key f1_330
VLOG[2] (compute-mfcc-feats[5.5.1126~1-8c451]:main():compute-mfcc-feats.cc:182) Processed features for key f1_332
VLOG[2] (compute-mfcc-feats[5.5.1126~1-8c451]:main():compute-mfcc-feats.cc:182) Processed features for key f1_333
LOG (compute-mfcc-feats[5.5.1126~1-8c451]:main():compute-mfcc-feats.cc:181) Processed 240 utterances
VLOG[2] (compute-mfcc-feats[5.5.1126~1-8c451]:main():compute-mfcc-feats.cc:182) Processed features for key f1_334
VLOG[2] (compute-mfcc-feats[5.5.1126~1-8c451]:main():compute-mfcc-feats.cc:182) Processed features for key f1_335
VLOG[2] (compute-mfcc-feats[5.5.1126~1-8c451]:main():compute-mfcc-feats.cc:182) Processed features for key f1_337
VLOG[2] (compute-mfcc-feats[5.5.1126~1-8c451]:main():compute-mfcc-feats.cc:182) Processed features for key f1_338
VLOG[2] (compute-mfcc-feats[5.5.1126~1-8c451]:main():compute-mfcc-feats.cc:182) Processed features for key f1_340
VLOG[2] (compute-mfcc-feats[5.5.1126~1-8c451]:main():compute-mfcc-feats.cc:182) Processed features for key f1_342
VLOG[2] (compute-mfcc-feats[5.5.1126~1-8c451]:main():compute-mfcc-feats.cc:182) Processed features for key f1_343
VLOG[2] (compute-mfcc-feats[5.5.1126~1-8c451]:main():compute-mfcc-feats.cc:182) Processed features for key f1_344
VLOG[2] (compute-mfcc-feats[5.5.1126~1-8c451]:main():compute-mfcc-feats.cc:182) Processed features for key f1_345
VLOG[2] (compute-mfcc-feats[5.5.1126~1-8c451]:main():compute-mfcc-feats.cc:182) Processed features for key f1_347
LOG (compute-mfcc-feats[5.5.1126~1-8c451]:main():compute-mfcc-feats.cc:181) Processed 250 utterances
VLOG[2] (compute-mfcc-feats[5.5.1126~1-8c451]:main():compute-mfcc-feats.cc:182) Processed features for key f1_348
VLOG[2] (compute-mfcc-feats[5.5.1126~1-8c451]:main():compute-mfcc-feats.cc:182) Processed features for key f1_349
VLOG[2] (compute-mfcc-feats[5.5.1126~1-8c451]:main():compute-mfcc-feats.cc:182) Processed features for key f1_350
VLOG[2] (compute-mfcc-feats[5.5.1126~1-8c451]:main():compute-mfcc-feats.cc:182) Processed features for key f1_353
VLOG[2] (compute-mfcc-feats[5.5.1126~1-8c451]:main():compute-mfcc-feats.cc:182) Processed features for key f1_354
VLOG[2] (compute-mfcc-feats[5.5.1126~1-8c451]:main():compute-mfcc-feats.cc:182) Processed features for key f1_355
VLOG[2] (compute-mfcc-feats[5.5.1126~1-8c451]:main():compute-mfcc-feats.cc:182) Processed features for key f1_357
VLOG[2] (compute-mfcc-feats[5.5.1126~1-8c451]:main():compute-mfcc-feats.cc:182) Processed features for key f1_358
VLOG[2] (compute-mfcc-feats[5.5.1126~1-8c451]:main():compute-mfcc-feats.cc:182) Processed features for key f1_359
VLOG[2] (compute-mfcc-feats[5.5.1126~1-8c451]:main():compute-mfcc-feats.cc:182) Processed features for key f1_360
LOG (compute-mfcc-feats[5.5.1126~1-8c451]:main():compute-mfcc-feats.cc:181) Processed 260 utterances
VLOG[2] (compute-mfcc-feats[5.5.1126~1-8c451]:main():compute-mfcc-feats.cc:182) Processed features for key f1_362
VLOG[2] (compute-mfcc-feats[5.5.1126~1-8c451]:main():compute-mfcc-feats.cc:182) Processed features for key f1_363
VLOG[2] (compute-mfcc-feats[5.5.1126~1-8c451]:main():compute-mfcc-feats.cc:182) Processed features for key f1_365
VLOG[2] (compute-mfcc-feats[5.5.1126~1-8c451]:main():compute-mfcc-feats.cc:182) Processed features for key f1_367
VLOG[2] (compute-mfcc-feats[5.5.1126~1-8c451]:main():compute-mfcc-feats.cc:182) Processed features for key f1_368
VLOG[2] (compute-mfcc-feats[5.5.1126~1-8c451]:main():compute-mfcc-feats.cc:182) Processed features for key f1_369
VLOG[2] (compute-mfcc-feats[5.5.1126~1-8c451]:main():compute-mfcc-feats.cc:182) Processed features for key f1_370
VLOG[2] (compute-mfcc-feats[5.5.1126~1-8c451]:main():compute-mfcc-feats.cc:182) Processed features for key f1_372
VLOG[2] (compute-mfcc-feats[5.5.1126~1-8c451]:main():compute-mfcc-feats.cc:182) Processed features for key f1_373
VLOG[2] (compute-mfcc-feats[5.5.1126~1-8c451]:main():compute-mfcc-feats.cc:182) Processed features for key f1_374
LOG (compute-mfcc-feats[5.5.1126~1-8c451]:main():compute-mfcc-feats.cc:181) Processed 270 utterances
VLOG[2] (compute-mfcc-feats[5.5.1126~1-8c451]:main():compute-mfcc-feats.cc:182) Processed features for key f1_375
VLOG[2] (compute-mfcc-feats[5.5.1126~1-8c451]:main():compute-mfcc-feats.cc:182) Processed features for key f1_378
VLOG[2] (compute-mfcc-feats[5.5.1126~1-8c451]:main():compute-mfcc-feats.cc:182) Processed features for key f1_379
VLOG[2] (compute-mfcc-feats[5.5.1126~1-8c451]:main():compute-mfcc-feats.cc:182) Processed features for key f1_380
VLOG[2] (compute-mfcc-feats[5.5.1126~1-8c451]:main():compute-mfcc-feats.cc:182) Processed features for key f1_382
VLOG[2] (compute-mfcc-feats[5.5.1126~1-8c451]:main():compute-mfcc-feats.cc:182) Processed features for key f1_383
VLOG[2] (compute-mfcc-feats[5.5.1126~1-8c451]:main():compute-mfcc-feats.cc:182) Processed features for key f1_384
VLOG[2] (compute-mfcc-feats[5.5.1126~1-8c451]:main():compute-mfcc-feats.cc:182) Processed features for key f1_385
VLOG[2] (compute-mfcc-feats[5.5.1126~1-8c451]:main():compute-mfcc-feats.cc:182) Processed features for key f1_387
VLOG[2] (compute-mfcc-feats[5.5.1126~1-8c451]:main():compute-mfcc-feats.cc:182) Processed features for key f1_388
LOG (compute-mfcc-feats[5.5.1126~1-8c451]:main():compute-mfcc-feats.cc:181) Processed 280 utterances
VLOG[2] (compute-mfcc-feats[5.5.1126~1-8c451]:main():compute-mfcc-feats.cc:182) Processed features for key f1_390
VLOG[2] (compute-mfcc-feats[5.5.1126~1-8c451]:main():compute-mfcc-feats.cc:182) Processed features for key f1_392
VLOG[2] (compute-mfcc-feats[5.5.1126~1-8c451]:main():compute-mfcc-feats.cc:182) Processed features for key f1_393
VLOG[2] (compute-mfcc-feats[5.5.1126~1-8c451]:main():compute-mfcc-feats.cc:182) Processed features for key f1_394
VLOG[2] (compute-mfcc-feats[5.5.1126~1-8c451]:main():compute-mfcc-feats.cc:182) Processed features for key f1_395
VLOG[2] (compute-mfcc-feats[5.5.1126~1-8c451]:main():compute-mfcc-feats.cc:182) Processed features for key f1_397
VLOG[2] (compute-mfcc-feats[5.5.1126~1-8c451]:main():compute-mfcc-feats.cc:182) Processed features for key f1_398
VLOG[2] (compute-mfcc-feats[5.5.1126~1-8c451]:main():compute-mfcc-feats.cc:182) Processed features for key f1_399
VLOG[2] (compute-mfcc-feats[5.5.1126~1-8c451]:main():compute-mfcc-feats.cc:182) Processed features for key f1_400
VLOG[2] (compute-mfcc-feats[5.5.1126~1-8c451]:main():compute-mfcc-feats.cc:182) Processed features for key f1_403
LOG (compute-mfcc-feats[5.5.1126~1-8c451]:main():compute-mfcc-feats.cc:181) Processed 290 utterances
VLOG[2] (compute-mfcc-feats[5.5.1126~1-8c451]:main():compute-mfcc-feats.cc:182) Processed features for key f1_404
VLOG[2] (compute-mfcc-feats[5.5.1126~1-8c451]:main():compute-mfcc-feats.cc:182) Processed features for key f1_405
VLOG[2] (compute-mfcc-feats[5.5.1126~1-8c451]:main():compute-mfcc-feats.cc:182) Processed features for key f1_407
VLOG[2] (compute-mfcc-feats[5.5.1126~1-8c451]:main():compute-mfcc-feats.cc:182) Processed features for key f1_408
VLOG[2] (compute-mfcc-feats[5.5.1126~1-8c451]:main():compute-mfcc-feats.cc:182) Processed features for key f1_409
VLOG[2] (compute-mfcc-feats[5.5.1126~1-8c451]:main():compute-mfcc-feats.cc:182) Processed features for key f1_410
VLOG[2] (compute-mfcc-feats[5.5.1126~1-8c451]:main():compute-mfcc-feats.cc:182) Processed features for key f1_412
VLOG[2] (compute-mfcc-feats[5.5.1126~1-8c451]:main():compute-mfcc-feats.cc:182) Processed features for key f1_413
VLOG[2] (compute-mfcc-feats[5.5.1126~1-8c451]:main():compute-mfcc-feats.cc:182) Processed features for key f1_415
VLOG[2] (compute-mfcc-feats[5.5.1126~1-8c451]:main():compute-mfcc-feats.cc:182) Processed features for key f1_417
LOG (compute-mfcc-feats[5.5.1126~1-8c451]:main():compute-mfcc-feats.cc:181) Processed 300 utterances
VLOG[2] (compute-mfcc-feats[5.5.1126~1-8c451]:main():compute-mfcc-feats.cc:182) Processed features for key f1_418
VLOG[2] (compute-mfcc-feats[5.5.1126~1-8c451]:main():compute-mfcc-feats.cc:182) Processed features for key f1_419
VLOG[2] (compute-mfcc-feats[5.5.1126~1-8c451]:main():compute-mfcc-feats.cc:182) Processed features for key f1_420
VLOG[2] (compute-mfcc-feats[5.5.1126~1-8c451]:main():compute-mfcc-feats.cc:182) Processed features for key f1_422
VLOG[2] (compute-mfcc-feats[5.5.1126~1-8c451]:main():compute-mfcc-feats.cc:182) Processed features for key f1_423
VLOG[2] (compute-mfcc-feats[5.5.1126~1-8c451]:main():compute-mfcc-feats.cc:182) Processed features for key f1_424
VLOG[2] (compute-mfcc-feats[5.5.1126~1-8c451]:main():compute-mfcc-feats.cc:182) Processed features for key f1_425
VLOG[2] (compute-mfcc-feats[5.5.1126~1-8c451]:main():compute-mfcc-feats.cc:182) Processed features for key f1_428
VLOG[2] (compute-mfcc-feats[5.5.1126~1-8c451]:main():compute-mfcc-feats.cc:182) Processed features for key f1_429
VLOG[2] (compute-mfcc-feats[5.5.1126~1-8c451]:main():compute-mfcc-feats.cc:182) Processed features for key f1_430
LOG (compute-mfcc-feats[5.5.1126~1-8c451]:main():compute-mfcc-feats.cc:181) Processed 310 utterances
VLOG[2] (compute-mfcc-feats[5.5.1126~1-8c451]:main():compute-mfcc-feats.cc:182) Processed features for key f1_432
VLOG[2] (compute-mfcc-feats[5.5.1126~1-8c451]:main():compute-mfcc-feats.cc:182) Processed features for key f1_433
VLOG[2] (compute-mfcc-feats[5.5.1126~1-8c451]:main():compute-mfcc-feats.cc:182) Processed features for key f1_434
VLOG[2] (compute-mfcc-feats[5.5.1126~1-8c451]:main():compute-mfcc-feats.cc:182) Processed features for key f1_435
VLOG[2] (compute-mfcc-feats[5.5.1126~1-8c451]:main():compute-mfcc-feats.cc:182) Processed features for key f1_437
VLOG[2] (compute-mfcc-feats[5.5.1126~1-8c451]:main():compute-mfcc-feats.cc:182) Processed features for key f1_438
VLOG[2] (compute-mfcc-feats[5.5.1126~1-8c451]:main():compute-mfcc-feats.cc:182) Processed features for key f1_440
VLOG[2] (compute-mfcc-feats[5.5.1126~1-8c451]:main():compute-mfcc-feats.cc:182) Processed features for key f1_442
VLOG[2] (compute-mfcc-feats[5.5.1126~1-8c451]:main():compute-mfcc-feats.cc:182) Processed features for key f1_443
VLOG[2] (compute-mfcc-feats[5.5.1126~1-8c451]:main():compute-mfcc-feats.cc:182) Processed features for key f1_444
LOG (compute-mfcc-feats[5.5.1126~1-8c451]:main():compute-mfcc-feats.cc:181) Processed 320 utterances
VLOG[2] (compute-mfcc-feats[5.5.1126~1-8c451]:main():compute-mfcc-feats.cc:182) Processed features for key f1_445
VLOG[2] (compute-mfcc-feats[5.5.1126~1-8c451]:main():compute-mfcc-feats.cc:182) Processed features for key f1_447
VLOG[2] (compute-mfcc-feats[5.5.1126~1-8c451]:main():compute-mfcc-feats.cc:182) Processed features for key f1_448
VLOG[2] (compute-mfcc-feats[5.5.1126~1-8c451]:main():compute-mfcc-feats.cc:182) Processed features for key f1_449
VLOG[2] (compute-mfcc-feats[5.5.1126~1-8c451]:main():compute-mfcc-feats.cc:182) Processed features for key f1_450
VLOG[2] (compute-mfcc-feats[5.5.1126~1-8c451]:main():compute-mfcc-feats.cc:182) Processed features for key f1_453
VLOG[2] (compute-mfcc-feats[5.5.1126~1-8c451]:main():compute-mfcc-feats.cc:182) Processed features for key f1_454
VLOG[2] (compute-mfcc-feats[5.5.1126~1-8c451]:main():compute-mfcc-feats.cc:182) Processed features for key f1_455
VLOG[2] (compute-mfcc-feats[5.5.1126~1-8c451]:main():compute-mfcc-feats.cc:182) Processed features for key f1_457
VLOG[2] (compute-mfcc-feats[5.5.1126~1-8c451]:main():compute-mfcc-feats.cc:182) Processed features for key f1_458
LOG (compute-mfcc-feats[5.5.1126~1-8c451]:main():compute-mfcc-feats.cc:181) Processed 330 utterances
VLOG[2] (compute-mfcc-feats[5.5.1126~1-8c451]:main():compute-mfcc-feats.cc:182) Processed features for key f1_459
LOG (compute-mfcc-feats[5.5.1126~1-8c451]:main():compute-mfcc-feats.cc:185)  Done 330 out of 330 utterances.
LOG (copy-feats[5.5.1126~1-8c451]:main():copy-feats.cc:143) Copied 330 feature matrices.
# Accounting: time=10 threads=1
# Ended (code 0) at Sun May  5 04:32:53 EEST 2024, elapsed time 10 seconds
