# compute-mfcc-feats --write-utt2dur=ark,t:exp/make_mfcc/train/utt2dur.3 --verbose=2 --config=conf/mfcc.conf scp,p:exp/make_mfcc/train/wav_train.3.scp ark:- | copy-feats --write-num-frames=ark,t:exp/make_mfcc/train/utt2num_frames.3 --compress=true ark:- ark,scp:/home/vassdel/kaldi/egs/usc/mfcc_train/raw_mfcc_train.3.ark,/home/vassdel/kaldi/egs/usc/mfcc_train/raw_mfcc_train.3.scp 
# Started at Sun May  5 04:32:43 EEST 2024
#
compute-mfcc-feats --write-utt2dur=ark,t:exp/make_mfcc/train/utt2dur.3 --verbose=2 --config=conf/mfcc.conf scp,p:exp/make_mfcc/train/wav_train.3.scp ark:- 
copy-feats --write-num-frames=ark,t:exp/make_mfcc/train/utt2num_frames.3 --compress=true ark:- ark,scp:/home/vassdel/kaldi/egs/usc/mfcc_train/raw_mfcc_train.3.ark,/home/vassdel/kaldi/egs/usc/mfcc_train/raw_mfcc_train.3.scp 
VLOG[2] (compute-mfcc-feats[5.5.1126~1-8c451]:main():compute-mfcc-feats.cc:182) Processed features for key f5_459
VLOG[2] (compute-mfcc-feats[5.5.1126~1-8c451]:main():compute-mfcc-feats.cc:182) Processed features for key f5_460
VLOG[2] (compute-mfcc-feats[5.5.1126~1-8c451]:main():compute-mfcc-feats.cc:182) Processed features for key m1_003
VLOG[2] (compute-mfcc-feats[5.5.1126~1-8c451]:main():compute-mfcc-feats.cc:182) Processed features for key m1_004
VLOG[2] (compute-mfcc-feats[5.5.1126~1-8c451]:main():compute-mfcc-feats.cc:182) Processed features for key m1_005
VLOG[2] (compute-mfcc-feats[5.5.1126~1-8c451]:main():compute-mfcc-feats.cc:182) Processed features for key m1_007
VLOG[2] (compute-mfcc-feats[5.5.1126~1-8c451]:main():compute-mfcc-feats.cc:182) Processed features for key m1_008
VLOG[2] (compute-mfcc-feats[5.5.1126~1-8c451]:main():compute-mfcc-feats.cc:182) Processed features for key m1_009
VLOG[2] (compute-mfcc-feats[5.5.1126~1-8c451]:main():compute-mfcc-feats.cc:182) Processed features for key m1_010
LOG (compute-mfcc-feats[5.5.1126~1-8c451]:main():compute-mfcc-feats.cc:181) Processed 10 utterances
VLOG[2] (compute-mfcc-feats[5.5.1126~1-8c451]:main():compute-mfcc-feats.cc:182) Processed features for key m1_012
VLOG[2] (compute-mfcc-feats[5.5.1126~1-8c451]:main():compute-mfcc-feats.cc:182) Processed features for key m1_013
VLOG[2] (compute-mfcc-feats[5.5.1126~1-8c451]:main():compute-mfcc-feats.cc:182) Processed features for key m1_015
VLOG[2] (compute-mfcc-feats[5.5.1126~1-8c451]:main():compute-mfcc-feats.cc:182) Processed features for key m1_017
VLOG[2] (compute-mfcc-feats[5.5.1126~1-8c451]:main():compute-mfcc-feats.cc:182) Processed features for key m1_018
VLOG[2] (compute-mfcc-feats[5.5.1126~1-8c451]:main():compute-mfcc-feats.cc:182) Processed features for key m1_019
VLOG[2] (compute-mfcc-feats[5.5.1126~1-8c451]:main():compute-mfcc-feats.cc:182) Processed features for key m1_020
VLOG[2] (compute-mfcc-feats[5.5.1126~1-8c451]:main():compute-mfcc-feats.cc:182) Processed features for key m1_022
VLOG[2] (compute-mfcc-feats[5.5.1126~1-8c451]:main():compute-mfcc-feats.cc:182) Processed features for key m1_023
VLOG[2] (compute-mfcc-feats[5.5.1126~1-8c451]:main():compute-mfcc-feats.cc:182) Processed features for key m1_024
LOG (compute-mfcc-feats[5.5.1126~1-8c451]:main():compute-mfcc-feats.cc:181) Processed 20 utterances
VLOG[2] (compute-mfcc-feats[5.5.1126~1-8c451]:main():compute-mfcc-feats.cc:182) Processed features for key m1_025
VLOG[2] (compute-mfcc-feats[5.5.1126~1-8c451]:main():compute-mfcc-feats.cc:182) Processed features for key m1_028
VLOG[2] (compute-mfcc-feats[5.5.1126~1-8c451]:main():compute-mfcc-feats.cc:182) Processed features for key m1_029
VLOG[2] (compute-mfcc-feats[5.5.1126~1-8c451]:main():compute-mfcc-feats.cc:182) Processed features for key m1_030
VLOG[2] (compute-mfcc-feats[5.5.1126~1-8c451]:main():compute-mfcc-feats.cc:182) Processed features for key m1_032
VLOG[2] (compute-mfcc-feats[5.5.1126~1-8c451]:main():compute-mfcc-feats.cc:182) Processed features for key m1_033
VLOG[2] (compute-mfcc-feats[5.5.1126~1-8c451]:main():compute-mfcc-feats.cc:182) Processed features for key m1_034
VLOG[2] (compute-mfcc-feats[5.5.1126~1-8c451]:main():compute-mfcc-feats.cc:182) Processed features for key m1_035
VLOG[2] (compute-mfcc-feats[5.5.1126~1-8c451]:main():compute-mfcc-feats.cc:182) Processed features for key m1_037
VLOG[2] (compute-mfcc-feats[5.5.1126~1-8c451]:main():compute-mfcc-feats.cc:182) Processed features for key m1_038
LOG (compute-mfcc-feats[5.5.1126~1-8c451]:main():compute-mfcc-feats.cc:181) Processed 30 utterances
VLOG[2] (compute-mfcc-feats[5.5.1126~1-8c451]:main():compute-mfcc-feats.cc:182) Processed features for key m1_040
VLOG[2] (compute-mfcc-feats[5.5.1126~1-8c451]:main():compute-mfcc-feats.cc:182) Processed features for key m1_042
VLOG[2] (compute-mfcc-feats[5.5.1126~1-8c451]:main():compute-mfcc-feats.cc:182) Processed features for key m1_043
VLOG[2] (compute-mfcc-feats[5.5.1126~1-8c451]:main():compute-mfcc-feats.cc:182) Processed features for key m1_044
VLOG[2] (compute-mfcc-feats[5.5.1126~1-8c451]:main():compute-mfcc-feats.cc:182) Processed features for key m1_045
VLOG[2] (compute-mfcc-feats[5.5.1126~1-8c451]:main():compute-mfcc-feats.cc:182) Processed features for key m1_047
VLOG[2] (compute-mfcc-feats[5.5.1126~1-8c451]:main():compute-mfcc-feats.cc:182) Processed features for key m1_048
VLOG[2] (compute-mfcc-feats[5.5.1126~1-8c451]:main():compute-mfcc-feats.cc:182) Processed features for key m1_049
VLOG[2] (compute-mfcc-feats[5.5.1126~1-8c451]:main():compute-mfcc-feats.cc:182) Processed features for key m1_050
VLOG[2] (compute-mfcc-feats[5.5.1126~1-8c451]:main():compute-mfcc-feats.cc:182) Processed features for key m1_053
LOG (compute-mfcc-feats[5.5.1126~1-8c451]:main():compute-mfcc-feats.cc:181) Processed 40 utterances
VLOG[2] (compute-mfcc-feats[5.5.1126~1-8c451]:main():compute-mfcc-feats.cc:182) Processed features for key m1_054
VLOG[2] (compute-mfcc-feats[5.5.1126~1-8c451]:main():compute-mfcc-feats.cc:182) Processed features for key m1_055
VLOG[2] (compute-mfcc-feats[5.5.1126~1-8c451]:main():compute-mfcc-feats.cc:182) Processed features for key m1_057
VLOG[2] (compute-mfcc-feats[5.5.1126~1-8c451]:main():compute-mfcc-feats.cc:182) Processed features for key m1_058
VLOG[2] (compute-mfcc-feats[5.5.1126~1-8c451]:main():compute-mfcc-feats.cc:182) Processed features for key m1_059
VLOG[2] (compute-mfcc-feats[5.5.1126~1-8c451]:main():compute-mfcc-feats.cc:182) Processed features for key m1_060
VLOG[2] (compute-mfcc-feats[5.5.1126~1-8c451]:main():compute-mfcc-feats.cc:182) Processed features for key m1_062
VLOG[2] (compute-mfcc-feats[5.5.1126~1-8c451]:main():compute-mfcc-feats.cc:182) Processed features for key m1_063
VLOG[2] (compute-mfcc-feats[5.5.1126~1-8c451]:main():compute-mfcc-feats.cc:182) Processed features for key m1_065
VLOG[2] (compute-mfcc-feats[5.5.1126~1-8c451]:main():compute-mfcc-feats.cc:182) Processed features for key m1_067
LOG (compute-mfcc-feats[5.5.1126~1-8c451]:main():compute-mfcc-feats.cc:181) Processed 50 utterances
VLOG[2] (compute-mfcc-feats[5.5.1126~1-8c451]:main():compute-mfcc-feats.cc:182) Processed features for key m1_068
VLOG[2] (compute-mfcc-feats[5.5.1126~1-8c451]:main():compute-mfcc-feats.cc:182) Processed features for key m1_069
VLOG[2] (compute-mfcc-feats[5.5.1126~1-8c451]:main():compute-mfcc-feats.cc:182) Processed features for key m1_070
VLOG[2] (compute-mfcc-feats[5.5.1126~1-8c451]:main():compute-mfcc-feats.cc:182) Processed features for key m1_072
VLOG[2] (compute-mfcc-feats[5.5.1126~1-8c451]:main():compute-mfcc-feats.cc:182) Processed features for key m1_073
VLOG[2] (compute-mfcc-feats[5.5.1126~1-8c451]:main():compute-mfcc-feats.cc:182) Processed features for key m1_074
VLOG[2] (compute-mfcc-feats[5.5.1126~1-8c451]:main():compute-mfcc-feats.cc:182) Processed features for key m1_075
VLOG[2] (compute-mfcc-feats[5.5.1126~1-8c451]:main():compute-mfcc-feats.cc:182) Processed features for key m1_078
VLOG[2] (compute-mfcc-feats[5.5.1126~1-8c451]:main():compute-mfcc-feats.cc:182) Processed features for key m1_079
VLOG[2] (compute-mfcc-feats[5.5.1126~1-8c451]:main():compute-mfcc-feats.cc:182) Processed features for key m1_080
LOG (compute-mfcc-feats[5.5.1126~1-8c451]:main():compute-mfcc-feats.cc:181) Processed 60 utterances
VLOG[2] (compute-mfcc-feats[5.5.1126~1-8c451]:main():compute-mfcc-feats.cc:182) Processed features for key m1_082
VLOG[2] (compute-mfcc-feats[5.5.1126~1-8c451]:main():compute-mfcc-feats.cc:182) Processed features for key m1_083
VLOG[2] (compute-mfcc-feats[5.5.1126~1-8c451]:main():compute-mfcc-feats.cc:182) Processed features for key m1_084
VLOG[2] (compute-mfcc-feats[5.5.1126~1-8c451]:main():compute-mfcc-feats.cc:182) Processed features for key m1_085
VLOG[2] (compute-mfcc-feats[5.5.1126~1-8c451]:main():compute-mfcc-feats.cc:182) Processed features for key m1_087
VLOG[2] (compute-mfcc-feats[5.5.1126~1-8c451]:main():compute-mfcc-feats.cc:182) Processed features for key m1_088
VLOG[2] (compute-mfcc-feats[5.5.1126~1-8c451]:main():compute-mfcc-feats.cc:182) Processed features for key m1_090
VLOG[2] (compute-mfcc-feats[5.5.1126~1-8c451]:main():compute-mfcc-feats.cc:182) Processed features for key m1_092
VLOG[2] (compute-mfcc-feats[5.5.1126~1-8c451]:main():compute-mfcc-feats.cc:182) Processed features for key m1_093
VLOG[2] (compute-mfcc-feats[5.5.1126~1-8c451]:main():compute-mfcc-feats.cc:182) Processed features for key m1_094
LOG (compute-mfcc-feats[5.5.1126~1-8c451]:main():compute-mfcc-feats.cc:181) Processed 70 utterances
VLOG[2] (compute-mfcc-feats[5.5.1126~1-8c451]:main():compute-mfcc-feats.cc:182) Processed features for key m1_095
VLOG[2] (compute-mfcc-feats[5.5.1126~1-8c451]:main():compute-mfcc-feats.cc:182) Processed features for key m1_097
VLOG[2] (compute-mfcc-feats[5.5.1126~1-8c451]:main():compute-mfcc-feats.cc:182) Processed features for key m1_098
VLOG[2] (compute-mfcc-feats[5.5.1126~1-8c451]:main():compute-mfcc-feats.cc:182) Processed features for key m1_099
VLOG[2] (compute-mfcc-feats[5.5.1126~1-8c451]:main():compute-mfcc-feats.cc:182) Processed features for key m1_100
VLOG[2] (compute-mfcc-feats[5.5.1126~1-8c451]:main():compute-mfcc-feats.cc:182) Processed features for key m1_103
VLOG[2] (compute-mfcc-feats[5.5.1126~1-8c451]:main():compute-mfcc-feats.cc:182) Processed features for key m1_104
VLOG[2] (compute-mfcc-feats[5.5.1126~1-8c451]:main():compute-mfcc-feats.cc:182) Processed features for key m1_105
VLOG[2] (compute-mfcc-feats[5.5.1126~1-8c451]:main():compute-mfcc-feats.cc:182) Processed features for key m1_107
VLOG[2] (compute-mfcc-feats[5.5.1126~1-8c451]:main():compute-mfcc-feats.cc:182) Processed features for key m1_108
LOG (compute-mfcc-feats[5.5.1126~1-8c451]:main():compute-mfcc-feats.cc:181) Processed 80 utterances
VLOG[2] (compute-mfcc-feats[5.5.1126~1-8c451]:main():compute-mfcc-feats.cc:182) Processed features for key m1_109
VLOG[2] (compute-mfcc-feats[5.5.1126~1-8c451]:main():compute-mfcc-feats.cc:182) Processed features for key m1_110
VLOG[2] (compute-mfcc-feats[5.5.1126~1-8c451]:main():compute-mfcc-feats.cc:182) Processed features for key m1_112
VLOG[2] (compute-mfcc-feats[5.5.1126~1-8c451]:main():compute-mfcc-feats.cc:182) Processed features for key m1_113
VLOG[2] (compute-mfcc-feats[5.5.1126~1-8c451]:main():compute-mfcc-feats.cc:182) Processed features for key m1_115
VLOG[2] (compute-mfcc-feats[5.5.1126~1-8c451]:main():compute-mfcc-feats.cc:182) Processed features for key m1_117
VLOG[2] (compute-mfcc-feats[5.5.1126~1-8c451]:main():compute-mfcc-feats.cc:182) Processed features for key m1_118
VLOG[2] (compute-mfcc-feats[5.5.1126~1-8c451]:main():compute-mfcc-feats.cc:182) Processed features for key m1_119
VLOG[2] (compute-mfcc-feats[5.5.1126~1-8c451]:main():compute-mfcc-feats.cc:182) Processed features for key m1_120
VLOG[2] (compute-mfcc-feats[5.5.1126~1-8c451]:main():compute-mfcc-feats.cc:182) Processed features for key m1_122
LOG (compute-mfcc-feats[5.5.1126~1-8c451]:main():compute-mfcc-feats.cc:181) Processed 90 utterances
VLOG[2] (compute-mfcc-feats[5.5.1126~1-8c451]:main():compute-mfcc-feats.cc:182) Processed features for key m1_123
VLOG[2] (compute-mfcc-feats[5.5.1126~1-8c451]:main():compute-mfcc-feats.cc:182) Processed features for key m1_124
VLOG[2] (compute-mfcc-feats[5.5.1126~1-8c451]:main():compute-mfcc-feats.cc:182) Processed features for key m1_125
VLOG[2] (compute-mfcc-feats[5.5.1126~1-8c451]:main():compute-mfcc-feats.cc:182) Processed features for key m1_128
VLOG[2] (compute-mfcc-feats[5.5.1126~1-8c451]:main():compute-mfcc-feats.cc:182) Processed features for key m1_129
VLOG[2] (compute-mfcc-feats[5.5.1126~1-8c451]:main():compute-mfcc-feats.cc:182) Processed features for key m1_130
VLOG[2] (compute-mfcc-feats[5.5.1126~1-8c451]:main():compute-mfcc-feats.cc:182) Processed features for key m1_132
VLOG[2] (compute-mfcc-feats[5.5.1126~1-8c451]:main():compute-mfcc-feats.cc:182) Processed features for key m1_133
VLOG[2] (compute-mfcc-feats[5.5.1126~1-8c451]:main():compute-mfcc-feats.cc:182) Processed features for key m1_134
VLOG[2] (compute-mfcc-feats[5.5.1126~1-8c451]:main():compute-mfcc-feats.cc:182) Processed features for key m1_135
LOG (compute-mfcc-feats[5.5.1126~1-8c451]:main():compute-mfcc-feats.cc:181) Processed 100 utterances
VLOG[2] (compute-mfcc-feats[5.5.1126~1-8c451]:main():compute-mfcc-feats.cc:182) Processed features for key m1_137
VLOG[2] (compute-mfcc-feats[5.5.1126~1-8c451]:main():compute-mfcc-feats.cc:182) Processed features for key m1_138
VLOG[2] (compute-mfcc-feats[5.5.1126~1-8c451]:main():compute-mfcc-feats.cc:182) Processed features for key m1_140
VLOG[2] (compute-mfcc-feats[5.5.1126~1-8c451]:main():compute-mfcc-feats.cc:182) Processed features for key m1_142
VLOG[2] (compute-mfcc-feats[5.5.1126~1-8c451]:main():compute-mfcc-feats.cc:182) Processed features for key m1_143
VLOG[2] (compute-mfcc-feats[5.5.1126~1-8c451]:main():compute-mfcc-feats.cc:182) Processed features for key m1_144
VLOG[2] (compute-mfcc-feats[5.5.1126~1-8c451]:main():compute-mfcc-feats.cc:182) Processed features for key m1_145
VLOG[2] (compute-mfcc-feats[5.5.1126~1-8c451]:main():compute-mfcc-feats.cc:182) Processed features for key m1_147
VLOG[2] (compute-mfcc-feats[5.5.1126~1-8c451]:main():compute-mfcc-feats.cc:182) Processed features for key m1_148
VLOG[2] (compute-mfcc-feats[5.5.1126~1-8c451]:main():compute-mfcc-feats.cc:182) Processed features for key m1_149
LOG (compute-mfcc-feats[5.5.1126~1-8c451]:main():compute-mfcc-feats.cc:181) Processed 110 utterances
VLOG[2] (compute-mfcc-feats[5.5.1126~1-8c451]:main():compute-mfcc-feats.cc:182) Processed features for key m1_150
VLOG[2] (compute-mfcc-feats[5.5.1126~1-8c451]:main():compute-mfcc-feats.cc:182) Processed features for key m1_153
VLOG[2] (compute-mfcc-feats[5.5.1126~1-8c451]:main():compute-mfcc-feats.cc:182) Processed features for key m1_154
VLOG[2] (compute-mfcc-feats[5.5.1126~1-8c451]:main():compute-mfcc-feats.cc:182) Processed features for key m1_155
VLOG[2] (compute-mfcc-feats[5.5.1126~1-8c451]:main():compute-mfcc-feats.cc:182) Processed features for key m1_157
VLOG[2] (compute-mfcc-feats[5.5.1126~1-8c451]:main():compute-mfcc-feats.cc:182) Processed features for key m1_158
VLOG[2] (compute-mfcc-feats[5.5.1126~1-8c451]:main():compute-mfcc-feats.cc:182) Processed features for key m1_159
VLOG[2] (compute-mfcc-feats[5.5.1126~1-8c451]:main():compute-mfcc-feats.cc:182) Processed features for key m1_160
VLOG[2] (compute-mfcc-feats[5.5.1126~1-8c451]:main():compute-mfcc-feats.cc:182) Processed features for key m1_162
VLOG[2] (compute-mfcc-feats[5.5.1126~1-8c451]:main():compute-mfcc-feats.cc:182) Processed features for key m1_163
LOG (compute-mfcc-feats[5.5.1126~1-8c451]:main():compute-mfcc-feats.cc:181) Processed 120 utterances
VLOG[2] (compute-mfcc-feats[5.5.1126~1-8c451]:main():compute-mfcc-feats.cc:182) Processed features for key m1_165
VLOG[2] (compute-mfcc-feats[5.5.1126~1-8c451]:main():compute-mfcc-feats.cc:182) Processed features for key m1_167
VLOG[2] (compute-mfcc-feats[5.5.1126~1-8c451]:main():compute-mfcc-feats.cc:182) Processed features for key m1_168
VLOG[2] (compute-mfcc-feats[5.5.1126~1-8c451]:main():compute-mfcc-feats.cc:182) Processed features for key m1_169
VLOG[2] (compute-mfcc-feats[5.5.1126~1-8c451]:main():compute-mfcc-feats.cc:182) Processed features for key m1_170
VLOG[2] (compute-mfcc-feats[5.5.1126~1-8c451]:main():compute-mfcc-feats.cc:182) Processed features for key m1_172
VLOG[2] (compute-mfcc-feats[5.5.1126~1-8c451]:main():compute-mfcc-feats.cc:182) Processed features for key m1_173
VLOG[2] (compute-mfcc-feats[5.5.1126~1-8c451]:main():compute-mfcc-feats.cc:182) Processed features for key m1_174
VLOG[2] (compute-mfcc-feats[5.5.1126~1-8c451]:main():compute-mfcc-feats.cc:182) Processed features for key m1_175
VLOG[2] (compute-mfcc-feats[5.5.1126~1-8c451]:main():compute-mfcc-feats.cc:182) Processed features for key m1_178
LOG (compute-mfcc-feats[5.5.1126~1-8c451]:main():compute-mfcc-feats.cc:181) Processed 130 utterances
VLOG[2] (compute-mfcc-feats[5.5.1126~1-8c451]:main():compute-mfcc-feats.cc:182) Processed features for key m1_179
VLOG[2] (compute-mfcc-feats[5.5.1126~1-8c451]:main():compute-mfcc-feats.cc:182) Processed features for key m1_180
VLOG[2] (compute-mfcc-feats[5.5.1126~1-8c451]:main():compute-mfcc-feats.cc:182) Processed features for key m1_182
VLOG[2] (compute-mfcc-feats[5.5.1126~1-8c451]:main():compute-mfcc-feats.cc:182) Processed features for key m1_183
VLOG[2] (compute-mfcc-feats[5.5.1126~1-8c451]:main():compute-mfcc-feats.cc:182) Processed features for key m1_184
VLOG[2] (compute-mfcc-feats[5.5.1126~1-8c451]:main():compute-mfcc-feats.cc:182) Processed features for key m1_185
VLOG[2] (compute-mfcc-feats[5.5.1126~1-8c451]:main():compute-mfcc-feats.cc:182) Processed features for key m1_187
VLOG[2] (compute-mfcc-feats[5.5.1126~1-8c451]:main():compute-mfcc-feats.cc:182) Processed features for key m1_188
VLOG[2] (compute-mfcc-feats[5.5.1126~1-8c451]:main():compute-mfcc-feats.cc:182) Processed features for key m1_190
VLOG[2] (compute-mfcc-feats[5.5.1126~1-8c451]:main():compute-mfcc-feats.cc:182) Processed features for key m1_192
LOG (compute-mfcc-feats[5.5.1126~1-8c451]:main():compute-mfcc-feats.cc:181) Processed 140 utterances
VLOG[2] (compute-mfcc-feats[5.5.1126~1-8c451]:main():compute-mfcc-feats.cc:182) Processed features for key m1_193
VLOG[2] (compute-mfcc-feats[5.5.1126~1-8c451]:main():compute-mfcc-feats.cc:182) Processed features for key m1_194
VLOG[2] (compute-mfcc-feats[5.5.1126~1-8c451]:main():compute-mfcc-feats.cc:182) Processed features for key m1_195
VLOG[2] (compute-mfcc-feats[5.5.1126~1-8c451]:main():compute-mfcc-feats.cc:182) Processed features for key m1_197
VLOG[2] (compute-mfcc-feats[5.5.1126~1-8c451]:main():compute-mfcc-feats.cc:182) Processed features for key m1_198
VLOG[2] (compute-mfcc-feats[5.5.1126~1-8c451]:main():compute-mfcc-feats.cc:182) Processed features for key m1_199
VLOG[2] (compute-mfcc-feats[5.5.1126~1-8c451]:main():compute-mfcc-feats.cc:182) Processed features for key m1_200
VLOG[2] (compute-mfcc-feats[5.5.1126~1-8c451]:main():compute-mfcc-feats.cc:182) Processed features for key m1_203
VLOG[2] (compute-mfcc-feats[5.5.1126~1-8c451]:main():compute-mfcc-feats.cc:182) Processed features for key m1_204
VLOG[2] (compute-mfcc-feats[5.5.1126~1-8c451]:main():compute-mfcc-feats.cc:182) Processed features for key m1_205
LOG (compute-mfcc-feats[5.5.1126~1-8c451]:main():compute-mfcc-feats.cc:181) Processed 150 utterances
VLOG[2] (compute-mfcc-feats[5.5.1126~1-8c451]:main():compute-mfcc-feats.cc:182) Processed features for key m1_207
VLOG[2] (compute-mfcc-feats[5.5.1126~1-8c451]:main():compute-mfcc-feats.cc:182) Processed features for key m1_208
VLOG[2] (compute-mfcc-feats[5.5.1126~1-8c451]:main():compute-mfcc-feats.cc:182) Processed features for key m1_209
VLOG[2] (compute-mfcc-feats[5.5.1126~1-8c451]:main():compute-mfcc-feats.cc:182) Processed features for key m1_210
VLOG[2] (compute-mfcc-feats[5.5.1126~1-8c451]:main():compute-mfcc-feats.cc:182) Processed features for key m1_212
VLOG[2] (compute-mfcc-feats[5.5.1126~1-8c451]:main():compute-mfcc-feats.cc:182) Processed features for key m1_213
VLOG[2] (compute-mfcc-feats[5.5.1126~1-8c451]:main():compute-mfcc-feats.cc:182) Processed features for key m1_215
VLOG[2] (compute-mfcc-feats[5.5.1126~1-8c451]:main():compute-mfcc-feats.cc:182) Processed features for key m1_217
VLOG[2] (compute-mfcc-feats[5.5.1126~1-8c451]:main():compute-mfcc-feats.cc:182) Processed features for key m1_218
VLOG[2] (compute-mfcc-feats[5.5.1126~1-8c451]:main():compute-mfcc-feats.cc:182) Processed features for key m1_219
LOG (compute-mfcc-feats[5.5.1126~1-8c451]:main():compute-mfcc-feats.cc:181) Processed 160 utterances
VLOG[2] (compute-mfcc-feats[5.5.1126~1-8c451]:main():compute-mfcc-feats.cc:182) Processed features for key m1_220
VLOG[2] (compute-mfcc-feats[5.5.1126~1-8c451]:main():compute-mfcc-feats.cc:182) Processed features for key m1_222
VLOG[2] (compute-mfcc-feats[5.5.1126~1-8c451]:main():compute-mfcc-feats.cc:182) Processed features for key m1_223
VLOG[2] (compute-mfcc-feats[5.5.1126~1-8c451]:main():compute-mfcc-feats.cc:182) Processed features for key m1_224
VLOG[2] (compute-mfcc-feats[5.5.1126~1-8c451]:main():compute-mfcc-feats.cc:182) Processed features for key m1_225
VLOG[2] (compute-mfcc-feats[5.5.1126~1-8c451]:main():compute-mfcc-feats.cc:182) Processed features for key m1_228
VLOG[2] (compute-mfcc-feats[5.5.1126~1-8c451]:main():compute-mfcc-feats.cc:182) Processed features for key m1_229
VLOG[2] (compute-mfcc-feats[5.5.1126~1-8c451]:main():compute-mfcc-feats.cc:182) Processed features for key m1_230
VLOG[2] (compute-mfcc-feats[5.5.1126~1-8c451]:main():compute-mfcc-feats.cc:182) Processed features for key m1_237
VLOG[2] (compute-mfcc-feats[5.5.1126~1-8c451]:main():compute-mfcc-feats.cc:182) Processed features for key m1_238
LOG (compute-mfcc-feats[5.5.1126~1-8c451]:main():compute-mfcc-feats.cc:181) Processed 170 utterances
VLOG[2] (compute-mfcc-feats[5.5.1126~1-8c451]:main():compute-mfcc-feats.cc:182) Processed features for key m1_239
VLOG[2] (compute-mfcc-feats[5.5.1126~1-8c451]:main():compute-mfcc-feats.cc:182) Processed features for key m1_240
VLOG[2] (compute-mfcc-feats[5.5.1126~1-8c451]:main():compute-mfcc-feats.cc:182) Processed features for key m1_242
VLOG[2] (compute-mfcc-feats[5.5.1126~1-8c451]:main():compute-mfcc-feats.cc:182) Processed features for key m1_243
VLOG[2] (compute-mfcc-feats[5.5.1126~1-8c451]:main():compute-mfcc-feats.cc:182) Processed features for key m1_245
VLOG[2] (compute-mfcc-feats[5.5.1126~1-8c451]:main():compute-mfcc-feats.cc:182) Processed features for key m1_247
VLOG[2] (compute-mfcc-feats[5.5.1126~1-8c451]:main():compute-mfcc-feats.cc:182) Processed features for key m1_248
VLOG[2] (compute-mfcc-feats[5.5.1126~1-8c451]:main():compute-mfcc-feats.cc:182) Processed features for key m1_249
VLOG[2] (compute-mfcc-feats[5.5.1126~1-8c451]:main():compute-mfcc-feats.cc:182) Processed features for key m1_250
VLOG[2] (compute-mfcc-feats[5.5.1126~1-8c451]:main():compute-mfcc-feats.cc:182) Processed features for key m1_252
LOG (compute-mfcc-feats[5.5.1126~1-8c451]:main():compute-mfcc-feats.cc:181) Processed 180 utterances
VLOG[2] (compute-mfcc-feats[5.5.1126~1-8c451]:main():compute-mfcc-feats.cc:182) Processed features for key m1_253
VLOG[2] (compute-mfcc-feats[5.5.1126~1-8c451]:main():compute-mfcc-feats.cc:182) Processed features for key m1_254
VLOG[2] (compute-mfcc-feats[5.5.1126~1-8c451]:main():compute-mfcc-feats.cc:182) Processed features for key m1_255
VLOG[2] (compute-mfcc-feats[5.5.1126~1-8c451]:main():compute-mfcc-feats.cc:182) Processed features for key m1_258
VLOG[2] (compute-mfcc-feats[5.5.1126~1-8c451]:main():compute-mfcc-feats.cc:182) Processed features for key m1_259
VLOG[2] (compute-mfcc-feats[5.5.1126~1-8c451]:main():compute-mfcc-feats.cc:182) Processed features for key m1_260
VLOG[2] (compute-mfcc-feats[5.5.1126~1-8c451]:main():compute-mfcc-feats.cc:182) Processed features for key m1_262
VLOG[2] (compute-mfcc-feats[5.5.1126~1-8c451]:main():compute-mfcc-feats.cc:182) Processed features for key m1_263
VLOG[2] (compute-mfcc-feats[5.5.1126~1-8c451]:main():compute-mfcc-feats.cc:182) Processed features for key m1_264
VLOG[2] (compute-mfcc-feats[5.5.1126~1-8c451]:main():compute-mfcc-feats.cc:182) Processed features for key m1_265
LOG (compute-mfcc-feats[5.5.1126~1-8c451]:main():compute-mfcc-feats.cc:181) Processed 190 utterances
VLOG[2] (compute-mfcc-feats[5.5.1126~1-8c451]:main():compute-mfcc-feats.cc:182) Processed features for key m1_267
VLOG[2] (compute-mfcc-feats[5.5.1126~1-8c451]:main():compute-mfcc-feats.cc:182) Processed features for key m1_268
VLOG[2] (compute-mfcc-feats[5.5.1126~1-8c451]:main():compute-mfcc-feats.cc:182) Processed features for key m1_270
VLOG[2] (compute-mfcc-feats[5.5.1126~1-8c451]:main():compute-mfcc-feats.cc:182) Processed features for key m1_272
VLOG[2] (compute-mfcc-feats[5.5.1126~1-8c451]:main():compute-mfcc-feats.cc:182) Processed features for key m1_273
VLOG[2] (compute-mfcc-feats[5.5.1126~1-8c451]:main():compute-mfcc-feats.cc:182) Processed features for key m1_274
VLOG[2] (compute-mfcc-feats[5.5.1126~1-8c451]:main():compute-mfcc-feats.cc:182) Processed features for key m1_275
VLOG[2] (compute-mfcc-feats[5.5.1126~1-8c451]:main():compute-mfcc-feats.cc:182) Processed features for key m1_277
VLOG[2] (compute-mfcc-feats[5.5.1126~1-8c451]:main():compute-mfcc-feats.cc:182) Processed features for key m1_278
VLOG[2] (compute-mfcc-feats[5.5.1126~1-8c451]:main():compute-mfcc-feats.cc:182) Processed features for key m1_279
LOG (compute-mfcc-feats[5.5.1126~1-8c451]:main():compute-mfcc-feats.cc:181) Processed 200 utterances
VLOG[2] (compute-mfcc-feats[5.5.1126~1-8c451]:main():compute-mfcc-feats.cc:182) Processed features for key m1_280
VLOG[2] (compute-mfcc-feats[5.5.1126~1-8c451]:main():compute-mfcc-feats.cc:182) Processed features for key m1_283
VLOG[2] (compute-mfcc-feats[5.5.1126~1-8c451]:main():compute-mfcc-feats.cc:182) Processed features for key m1_284
VLOG[2] (compute-mfcc-feats[5.5.1126~1-8c451]:main():compute-mfcc-feats.cc:182) Processed features for key m1_285
VLOG[2] (compute-mfcc-feats[5.5.1126~1-8c451]:main():compute-mfcc-feats.cc:182) Processed features for key m1_287
VLOG[2] (compute-mfcc-feats[5.5.1126~1-8c451]:main():compute-mfcc-feats.cc:182) Processed features for key m1_288
VLOG[2] (compute-mfcc-feats[5.5.1126~1-8c451]:main():compute-mfcc-feats.cc:182) Processed features for key m1_289
VLOG[2] (compute-mfcc-feats[5.5.1126~1-8c451]:main():compute-mfcc-feats.cc:182) Processed features for key m1_290
VLOG[2] (compute-mfcc-feats[5.5.1126~1-8c451]:main():compute-mfcc-feats.cc:182) Processed features for key m1_292
VLOG[2] (compute-mfcc-feats[5.5.1126~1-8c451]:main():compute-mfcc-feats.cc:182) Processed features for key m1_293
LOG (compute-mfcc-feats[5.5.1126~1-8c451]:main():compute-mfcc-feats.cc:181) Processed 210 utterances
VLOG[2] (compute-mfcc-feats[5.5.1126~1-8c451]:main():compute-mfcc-feats.cc:182) Processed features for key m1_295
VLOG[2] (compute-mfcc-feats[5.5.1126~1-8c451]:main():compute-mfcc-feats.cc:182) Processed features for key m1_297
VLOG[2] (compute-mfcc-feats[5.5.1126~1-8c451]:main():compute-mfcc-feats.cc:182) Processed features for key m1_298
VLOG[2] (compute-mfcc-feats[5.5.1126~1-8c451]:main():compute-mfcc-feats.cc:182) Processed features for key m1_299
VLOG[2] (compute-mfcc-feats[5.5.1126~1-8c451]:main():compute-mfcc-feats.cc:182) Processed features for key m1_300
VLOG[2] (compute-mfcc-feats[5.5.1126~1-8c451]:main():compute-mfcc-feats.cc:182) Processed features for key m1_302
VLOG[2] (compute-mfcc-feats[5.5.1126~1-8c451]:main():compute-mfcc-feats.cc:182) Processed features for key m1_303
VLOG[2] (compute-mfcc-feats[5.5.1126~1-8c451]:main():compute-mfcc-feats.cc:182) Processed features for key m1_304
VLOG[2] (compute-mfcc-feats[5.5.1126~1-8c451]:main():compute-mfcc-feats.cc:182) Processed features for key m1_305
VLOG[2] (compute-mfcc-feats[5.5.1126~1-8c451]:main():compute-mfcc-feats.cc:182) Processed features for key m1_308
LOG (compute-mfcc-feats[5.5.1126~1-8c451]:main():compute-mfcc-feats.cc:181) Processed 220 utterances
VLOG[2] (compute-mfcc-feats[5.5.1126~1-8c451]:main():compute-mfcc-feats.cc:182) Processed features for key m1_309
VLOG[2] (compute-mfcc-feats[5.5.1126~1-8c451]:main():compute-mfcc-feats.cc:182) Processed features for key m1_310
VLOG[2] (compute-mfcc-feats[5.5.1126~1-8c451]:main():compute-mfcc-feats.cc:182) Processed features for key m1_312
VLOG[2] (compute-mfcc-feats[5.5.1126~1-8c451]:main():compute-mfcc-feats.cc:182) Processed features for key m1_313
VLOG[2] (compute-mfcc-feats[5.5.1126~1-8c451]:main():compute-mfcc-feats.cc:182) Processed features for key m1_314
VLOG[2] (compute-mfcc-feats[5.5.1126~1-8c451]:main():compute-mfcc-feats.cc:182) Processed features for key m1_315
VLOG[2] (compute-mfcc-feats[5.5.1126~1-8c451]:main():compute-mfcc-feats.cc:182) Processed features for key m1_317
VLOG[2] (compute-mfcc-feats[5.5.1126~1-8c451]:main():compute-mfcc-feats.cc:182) Processed features for key m1_318
VLOG[2] (compute-mfcc-feats[5.5.1126~1-8c451]:main():compute-mfcc-feats.cc:182) Processed features for key m1_320
VLOG[2] (compute-mfcc-feats[5.5.1126~1-8c451]:main():compute-mfcc-feats.cc:182) Processed features for key m1_322
LOG (compute-mfcc-feats[5.5.1126~1-8c451]:main():compute-mfcc-feats.cc:181) Processed 230 utterances
VLOG[2] (compute-mfcc-feats[5.5.1126~1-8c451]:main():compute-mfcc-feats.cc:182) Processed features for key m1_323
VLOG[2] (compute-mfcc-feats[5.5.1126~1-8c451]:main():compute-mfcc-feats.cc:182) Processed features for key m1_324
VLOG[2] (compute-mfcc-feats[5.5.1126~1-8c451]:main():compute-mfcc-feats.cc:182) Processed features for key m1_325
VLOG[2] (compute-mfcc-feats[5.5.1126~1-8c451]:main():compute-mfcc-feats.cc:182) Processed features for key m1_327
VLOG[2] (compute-mfcc-feats[5.5.1126~1-8c451]:main():compute-mfcc-feats.cc:182) Processed features for key m1_328
VLOG[2] (compute-mfcc-feats[5.5.1126~1-8c451]:main():compute-mfcc-feats.cc:182) Processed features for key m1_329
VLOG[2] (compute-mfcc-feats[5.5.1126~1-8c451]:main():compute-mfcc-feats.cc:182) Processed features for key m1_330
VLOG[2] (compute-mfcc-feats[5.5.1126~1-8c451]:main():compute-mfcc-feats.cc:182) Processed features for key m1_333
VLOG[2] (compute-mfcc-feats[5.5.1126~1-8c451]:main():compute-mfcc-feats.cc:182) Processed features for key m1_334
VLOG[2] (compute-mfcc-feats[5.5.1126~1-8c451]:main():compute-mfcc-feats.cc:182) Processed features for key m1_335
LOG (compute-mfcc-feats[5.5.1126~1-8c451]:main():compute-mfcc-feats.cc:181) Processed 240 utterances
VLOG[2] (compute-mfcc-feats[5.5.1126~1-8c451]:main():compute-mfcc-feats.cc:182) Processed features for key m1_337
VLOG[2] (compute-mfcc-feats[5.5.1126~1-8c451]:main():compute-mfcc-feats.cc:182) Processed features for key m1_338
VLOG[2] (compute-mfcc-feats[5.5.1126~1-8c451]:main():compute-mfcc-feats.cc:182) Processed features for key m1_339
VLOG[2] (compute-mfcc-feats[5.5.1126~1-8c451]:main():compute-mfcc-feats.cc:182) Processed features for key m1_340
VLOG[2] (compute-mfcc-feats[5.5.1126~1-8c451]:main():compute-mfcc-feats.cc:182) Processed features for key m1_342
VLOG[2] (compute-mfcc-feats[5.5.1126~1-8c451]:main():compute-mfcc-feats.cc:182) Processed features for key m1_343
VLOG[2] (compute-mfcc-feats[5.5.1126~1-8c451]:main():compute-mfcc-feats.cc:182) Processed features for key m1_345
VLOG[2] (compute-mfcc-feats[5.5.1126~1-8c451]:main():compute-mfcc-feats.cc:182) Processed features for key m1_347
VLOG[2] (compute-mfcc-feats[5.5.1126~1-8c451]:main():compute-mfcc-feats.cc:182) Processed features for key m1_348
VLOG[2] (compute-mfcc-feats[5.5.1126~1-8c451]:main():compute-mfcc-feats.cc:182) Processed features for key m1_349
LOG (compute-mfcc-feats[5.5.1126~1-8c451]:main():compute-mfcc-feats.cc:181) Processed 250 utterances
VLOG[2] (compute-mfcc-feats[5.5.1126~1-8c451]:main():compute-mfcc-feats.cc:182) Processed features for key m1_350
VLOG[2] (compute-mfcc-feats[5.5.1126~1-8c451]:main():compute-mfcc-feats.cc:182) Processed features for key m1_352
VLOG[2] (compute-mfcc-feats[5.5.1126~1-8c451]:main():compute-mfcc-feats.cc:182) Processed features for key m1_353
VLOG[2] (compute-mfcc-feats[5.5.1126~1-8c451]:main():compute-mfcc-feats.cc:182) Processed features for key m1_354
VLOG[2] (compute-mfcc-feats[5.5.1126~1-8c451]:main():compute-mfcc-feats.cc:182) Processed features for key m1_355
VLOG[2] (compute-mfcc-feats[5.5.1126~1-8c451]:main():compute-mfcc-feats.cc:182) Processed features for key m1_358
VLOG[2] (compute-mfcc-feats[5.5.1126~1-8c451]:main():compute-mfcc-feats.cc:182) Processed features for key m1_359
VLOG[2] (compute-mfcc-feats[5.5.1126~1-8c451]:main():compute-mfcc-feats.cc:182) Processed features for key m1_360
VLOG[2] (compute-mfcc-feats[5.5.1126~1-8c451]:main():compute-mfcc-feats.cc:182) Processed features for key m1_362
VLOG[2] (compute-mfcc-feats[5.5.1126~1-8c451]:main():compute-mfcc-feats.cc:182) Processed features for key m1_363
LOG (compute-mfcc-feats[5.5.1126~1-8c451]:main():compute-mfcc-feats.cc:181) Processed 260 utterances
VLOG[2] (compute-mfcc-feats[5.5.1126~1-8c451]:main():compute-mfcc-feats.cc:182) Processed features for key m1_364
VLOG[2] (compute-mfcc-feats[5.5.1126~1-8c451]:main():compute-mfcc-feats.cc:182) Processed features for key m1_365
VLOG[2] (compute-mfcc-feats[5.5.1126~1-8c451]:main():compute-mfcc-feats.cc:182) Processed features for key m1_367
VLOG[2] (compute-mfcc-feats[5.5.1126~1-8c451]:main():compute-mfcc-feats.cc:182) Processed features for key m1_368
VLOG[2] (compute-mfcc-feats[5.5.1126~1-8c451]:main():compute-mfcc-feats.cc:182) Processed features for key m1_370
VLOG[2] (compute-mfcc-feats[5.5.1126~1-8c451]:main():compute-mfcc-feats.cc:182) Processed features for key m1_372
VLOG[2] (compute-mfcc-feats[5.5.1126~1-8c451]:main():compute-mfcc-feats.cc:182) Processed features for key m1_373
VLOG[2] (compute-mfcc-feats[5.5.1126~1-8c451]:main():compute-mfcc-feats.cc:182) Processed features for key m1_374
VLOG[2] (compute-mfcc-feats[5.5.1126~1-8c451]:main():compute-mfcc-feats.cc:182) Processed features for key m1_375
VLOG[2] (compute-mfcc-feats[5.5.1126~1-8c451]:main():compute-mfcc-feats.cc:182) Processed features for key m1_377
LOG (compute-mfcc-feats[5.5.1126~1-8c451]:main():compute-mfcc-feats.cc:181) Processed 270 utterances
VLOG[2] (compute-mfcc-feats[5.5.1126~1-8c451]:main():compute-mfcc-feats.cc:182) Processed features for key m1_378
VLOG[2] (compute-mfcc-feats[5.5.1126~1-8c451]:main():compute-mfcc-feats.cc:182) Processed features for key m1_379
VLOG[2] (compute-mfcc-feats[5.5.1126~1-8c451]:main():compute-mfcc-feats.cc:182) Processed features for key m1_380
VLOG[2] (compute-mfcc-feats[5.5.1126~1-8c451]:main():compute-mfcc-feats.cc:182) Processed features for key m1_383
VLOG[2] (compute-mfcc-feats[5.5.1126~1-8c451]:main():compute-mfcc-feats.cc:182) Processed features for key m1_384
VLOG[2] (compute-mfcc-feats[5.5.1126~1-8c451]:main():compute-mfcc-feats.cc:182) Processed features for key m1_385
VLOG[2] (compute-mfcc-feats[5.5.1126~1-8c451]:main():compute-mfcc-feats.cc:182) Processed features for key m1_387
VLOG[2] (compute-mfcc-feats[5.5.1126~1-8c451]:main():compute-mfcc-feats.cc:182) Processed features for key m1_388
VLOG[2] (compute-mfcc-feats[5.5.1126~1-8c451]:main():compute-mfcc-feats.cc:182) Processed features for key m1_389
VLOG[2] (compute-mfcc-feats[5.5.1126~1-8c451]:main():compute-mfcc-feats.cc:182) Processed features for key m1_390
LOG (compute-mfcc-feats[5.5.1126~1-8c451]:main():compute-mfcc-feats.cc:181) Processed 280 utterances
VLOG[2] (compute-mfcc-feats[5.5.1126~1-8c451]:main():compute-mfcc-feats.cc:182) Processed features for key m1_392
VLOG[2] (compute-mfcc-feats[5.5.1126~1-8c451]:main():compute-mfcc-feats.cc:182) Processed features for key m1_393
VLOG[2] (compute-mfcc-feats[5.5.1126~1-8c451]:main():compute-mfcc-feats.cc:182) Processed features for key m1_395
VLOG[2] (compute-mfcc-feats[5.5.1126~1-8c451]:main():compute-mfcc-feats.cc:182) Processed features for key m1_397
VLOG[2] (compute-mfcc-feats[5.5.1126~1-8c451]:main():compute-mfcc-feats.cc:182) Processed features for key m1_398
VLOG[2] (compute-mfcc-feats[5.5.1126~1-8c451]:main():compute-mfcc-feats.cc:182) Processed features for key m1_399
VLOG[2] (compute-mfcc-feats[5.5.1126~1-8c451]:main():compute-mfcc-feats.cc:182) Processed features for key m1_400
VLOG[2] (compute-mfcc-feats[5.5.1126~1-8c451]:main():compute-mfcc-feats.cc:182) Processed features for key m1_402
VLOG[2] (compute-mfcc-feats[5.5.1126~1-8c451]:main():compute-mfcc-feats.cc:182) Processed features for key m1_403
VLOG[2] (compute-mfcc-feats[5.5.1126~1-8c451]:main():compute-mfcc-feats.cc:182) Processed features for key m1_404
LOG (compute-mfcc-feats[5.5.1126~1-8c451]:main():compute-mfcc-feats.cc:181) Processed 290 utterances
VLOG[2] (compute-mfcc-feats[5.5.1126~1-8c451]:main():compute-mfcc-feats.cc:182) Processed features for key m1_405
VLOG[2] (compute-mfcc-feats[5.5.1126~1-8c451]:main():compute-mfcc-feats.cc:182) Processed features for key m1_408
VLOG[2] (compute-mfcc-feats[5.5.1126~1-8c451]:main():compute-mfcc-feats.cc:182) Processed features for key m1_409
VLOG[2] (compute-mfcc-feats[5.5.1126~1-8c451]:main():compute-mfcc-feats.cc:182) Processed features for key m1_410
VLOG[2] (compute-mfcc-feats[5.5.1126~1-8c451]:main():compute-mfcc-feats.cc:182) Processed features for key m1_412
VLOG[2] (compute-mfcc-feats[5.5.1126~1-8c451]:main():compute-mfcc-feats.cc:182) Processed features for key m1_413
VLOG[2] (compute-mfcc-feats[5.5.1126~1-8c451]:main():compute-mfcc-feats.cc:182) Processed features for key m1_414
VLOG[2] (compute-mfcc-feats[5.5.1126~1-8c451]:main():compute-mfcc-feats.cc:182) Processed features for key m1_415
VLOG[2] (compute-mfcc-feats[5.5.1126~1-8c451]:main():compute-mfcc-feats.cc:182) Processed features for key m1_417
VLOG[2] (compute-mfcc-feats[5.5.1126~1-8c451]:main():compute-mfcc-feats.cc:182) Processed features for key m1_418
LOG (compute-mfcc-feats[5.5.1126~1-8c451]:main():compute-mfcc-feats.cc:181) Processed 300 utterances
VLOG[2] (compute-mfcc-feats[5.5.1126~1-8c451]:main():compute-mfcc-feats.cc:182) Processed features for key m1_420
VLOG[2] (compute-mfcc-feats[5.5.1126~1-8c451]:main():compute-mfcc-feats.cc:182) Processed features for key m1_422
VLOG[2] (compute-mfcc-feats[5.5.1126~1-8c451]:main():compute-mfcc-feats.cc:182) Processed features for key m1_423
VLOG[2] (compute-mfcc-feats[5.5.1126~1-8c451]:main():compute-mfcc-feats.cc:182) Processed features for key m1_424
VLOG[2] (compute-mfcc-feats[5.5.1126~1-8c451]:main():compute-mfcc-feats.cc:182) Processed features for key m1_425
VLOG[2] (compute-mfcc-feats[5.5.1126~1-8c451]:main():compute-mfcc-feats.cc:182) Processed features for key m1_427
VLOG[2] (compute-mfcc-feats[5.5.1126~1-8c451]:main():compute-mfcc-feats.cc:182) Processed features for key m1_428
VLOG[2] (compute-mfcc-feats[5.5.1126~1-8c451]:main():compute-mfcc-feats.cc:182) Processed features for key m1_429
VLOG[2] (compute-mfcc-feats[5.5.1126~1-8c451]:main():compute-mfcc-feats.cc:182) Processed features for key m1_430
VLOG[2] (compute-mfcc-feats[5.5.1126~1-8c451]:main():compute-mfcc-feats.cc:182) Processed features for key m1_433
LOG (compute-mfcc-feats[5.5.1126~1-8c451]:main():compute-mfcc-feats.cc:181) Processed 310 utterances
VLOG[2] (compute-mfcc-feats[5.5.1126~1-8c451]:main():compute-mfcc-feats.cc:182) Processed features for key m1_434
VLOG[2] (compute-mfcc-feats[5.5.1126~1-8c451]:main():compute-mfcc-feats.cc:182) Processed features for key m1_435
VLOG[2] (compute-mfcc-feats[5.5.1126~1-8c451]:main():compute-mfcc-feats.cc:182) Processed features for key m1_437
VLOG[2] (compute-mfcc-feats[5.5.1126~1-8c451]:main():compute-mfcc-feats.cc:182) Processed features for key m1_438
VLOG[2] (compute-mfcc-feats[5.5.1126~1-8c451]:main():compute-mfcc-feats.cc:182) Processed features for key m1_439
VLOG[2] (compute-mfcc-feats[5.5.1126~1-8c451]:main():compute-mfcc-feats.cc:182) Processed features for key m1_440
VLOG[2] (compute-mfcc-feats[5.5.1126~1-8c451]:main():compute-mfcc-feats.cc:182) Processed features for key m1_442
VLOG[2] (compute-mfcc-feats[5.5.1126~1-8c451]:main():compute-mfcc-feats.cc:182) Processed features for key m1_443
VLOG[2] (compute-mfcc-feats[5.5.1126~1-8c451]:main():compute-mfcc-feats.cc:182) Processed features for key m1_445
VLOG[2] (compute-mfcc-feats[5.5.1126~1-8c451]:main():compute-mfcc-feats.cc:182) Processed features for key m1_447
LOG (compute-mfcc-feats[5.5.1126~1-8c451]:main():compute-mfcc-feats.cc:181) Processed 320 utterances
VLOG[2] (compute-mfcc-feats[5.5.1126~1-8c451]:main():compute-mfcc-feats.cc:182) Processed features for key m1_448
VLOG[2] (compute-mfcc-feats[5.5.1126~1-8c451]:main():compute-mfcc-feats.cc:182) Processed features for key m1_449
VLOG[2] (compute-mfcc-feats[5.5.1126~1-8c451]:main():compute-mfcc-feats.cc:182) Processed features for key m1_450
VLOG[2] (compute-mfcc-feats[5.5.1126~1-8c451]:main():compute-mfcc-feats.cc:182) Processed features for key m1_452
VLOG[2] (compute-mfcc-feats[5.5.1126~1-8c451]:main():compute-mfcc-feats.cc:182) Processed features for key m1_453
VLOG[2] (compute-mfcc-feats[5.5.1126~1-8c451]:main():compute-mfcc-feats.cc:182) Processed features for key m1_454
VLOG[2] (compute-mfcc-feats[5.5.1126~1-8c451]:main():compute-mfcc-feats.cc:182) Processed features for key m1_455
VLOG[2] (compute-mfcc-feats[5.5.1126~1-8c451]:main():compute-mfcc-feats.cc:182) Processed features for key m1_458
VLOG[2] (compute-mfcc-feats[5.5.1126~1-8c451]:main():compute-mfcc-feats.cc:182) Processed features for key m1_459
VLOG[2] (compute-mfcc-feats[5.5.1126~1-8c451]:main():compute-mfcc-feats.cc:182) Processed features for key m1_460
LOG (compute-mfcc-feats[5.5.1126~1-8c451]:main():compute-mfcc-feats.cc:181) Processed 330 utterances
VLOG[2] (compute-mfcc-feats[5.5.1126~1-8c451]:main():compute-mfcc-feats.cc:182) Processed features for key m3_003
LOG (compute-mfcc-feats[5.5.1126~1-8c451]:main():compute-mfcc-feats.cc:185)  Done 330 out of 330 utterances.
LOG (copy-feats[5.5.1126~1-8c451]:main():copy-feats.cc:143) Copied 330 feature matrices.
# Accounting: time=10 threads=1
# Ended (code 0) at Sun May  5 04:32:53 EEST 2024, elapsed time 10 seconds
